# JRE version: OpenJDK Runtime Environment Temurin-21.0.9+10 (21.0.9+10) (build 21.0.9+10-LTS)
# Java VM: OpenJDK 64-Bit Server VM Temurin-21.0.9+10 (21.0.9+10-LTS, mixed mode, sharing, tiered, compressed oops, compressed class ptrs, parallel gc, windows-amd64)
GC Precious Log:
 CardTable entry size: 512
 CPUs: 8 total, 8 available
 Memory: 16221M
 Large Page Support: Disabled
 NUMA Support: Disabled
 Compressed Oops: Enabled (32-bit)
 Alignments: Space 512K, Generation 512K, Heap 2M
 Heap Min Capacity: 100M
 Heap Initial Capacity: 100M
 Heap Max Capacity: 2G
 Pre-touch: Disabled
 Parallel Workers: 8
Heap:
 PSYoungGen      total 8192K, used 4109K [0x00000000d5580000, 0x00000000d6380000, 0x0000000100000000)
  eden space 7680K, 51% used [0x00000000d5580000,0x00000000d5953638,0x00000000d5d00000)
  from space 512K, 37% used [0x00000000d6300000,0x00000000d6330000,0x00000000d6380000)
  to   space 512K, 0% used [0x00000000d6280000,0x00000000d6280000,0x00000000d6300000)
 ParOldGen       total 618496K, used 618343K [0x0000000080000000, 0x00000000a5c00000, 0x00000000d5580000)
  object space 618496K, 99% used [0x0000000080000000,0x00000000a5bd9f10,0x00000000a5c00000)
 Metaspace       used 82674K, committed 84544K, reserved 1179648K
  class space    used 8491K, committed 9344K, reserved 1048576K
GC Heap History (20 events):
Event: 511.670 GC heap before
{Heap before GC invocations=435 (full 4):
 PSYoungGen      total 8192K, used 8186K [0x00000000d5580000, 0x00000000d6500000, 0x0000000100000000)
  eden space 7680K, 100% used [0x00000000d5580000,0x00000000d5d00000,0x00000000d5d00000)
  from space 512K, 98% used [0x00000000d6480000,0x00000000d64fe900,0x00000000d6500000)
  to   space 1024K, 0% used [0x00000000d6300000,0x00000000d6300000,0x00000000d6400000)
 ParOldGen       total 607744K, used 607393K [0x0000000080000000, 0x00000000a5180000, 0x00000000d5580000)
  object space 607744K, 99% used [0x0000000080000000,0x00000000a5128628,0x00000000a5180000)
 Metaspace       used 82215K, committed 84032K, reserved 1179648K
  class space    used 8442K, committed 9280K, reserved 1048576K
}
Event: 511.672 GC heap after
{Heap after GC invocations=435 (full 4):
 PSYoungGen      total 8704K, used 998K [0x00000000d5580000, 0x00000000d6500000, 0x0000000100000000)
  eden space 7680K, 0% used [0x00000000d5580000,0x00000000d5580000,0x00000000d5d00000)
  from space 1024K, 97% used [0x00000000d6300000,0x00000000d63f9850,0x00000000d6400000)
  to   space 1024K, 0% used [0x00000000d6400000,0x00000000d6400000,0x00000000d6500000)
 ParOldGen       total 609280K, used 609222K [0x0000000080000000, 0x00000000a5300000, 0x00000000d5580000)
  object space 609280K, 99% used [0x0000000080000000,0x00000000a52f1ac8,0x00000000a5300000)
 Metaspace       used 82215K, committed 84032K, reserved 1179648K
  class space    used 8442K, committed 9280K, reserved 1048576K
}
Event: 511.686 GC heap before
{Heap before GC invocations=436 (full 4):
 PSYoungGen      total 8704K, used 8678K [0x00000000d5580000, 0x00000000d6500000, 0x0000000100000000)
  eden space 7680K, 100% used [0x00000000d5580000,0x00000000d5d00000,0x00000000d5d00000)
  from space 1024K, 97% used [0x00000000d6300000,0x00000000d63f9850,0x00000000d6400000)
  to   space 1024K, 0% used [0x00000000d6400000,0x00000000d6400000,0x00000000d6500000)
 ParOldGen       total 609280K, used 609222K [0x0000000080000000, 0x00000000a5300000, 0x00000000d5580000)
  object space 609280K, 99% used [0x0000000080000000,0x00000000a52f1ac8,0x00000000a5300000)
 Metaspace       used 82215K, committed 84032K, reserved 1179648K
  class space    used 8442K, committed 9280K, reserved 1048576K
}
Event: 511.687 GC heap after
{Heap after GC invocations=436 (full 4):
 PSYoungGen      total 8704K, used 788K [0x00000000d5580000, 0x00000000d6500000, 0x0000000100000000)
  eden space 7680K, 0% used [0x00000000d5580000,0x00000000d5580000,0x00000000d5d00000)
  from space 1024K, 77% used [0x00000000d6400000,0x00000000d64c5200,0x00000000d6500000)
  to   space 1536K, 0% used [0x00000000d6200000,0x00000000d6200000,0x00000000d6380000)
 ParOldGen       total 609792K, used 609697K [0x0000000080000000, 0x00000000a5380000, 0x00000000d5580000)
  object space 609792K, 99% used [0x0000000080000000,0x00000000a5368558,0x00000000a5380000)
 Metaspace       used 82215K, committed 84032K, reserved 1179648K
  class space    used 8442K, committed 9280K, reserved 1048576K
}
Event: 511.699 GC heap before
{Heap before GC invocations=437 (full 4):
 PSYoungGen      total 8704K, used 8468K [0x00000000d5580000, 0x00000000d6500000, 0x0000000100000000)
  eden space 7680K, 100% used [0x00000000d5580000,0x00000000d5d00000,0x00000000d5d00000)
  from space 1024K, 77% used [0x00000000d6400000,0x00000000d64c5200,0x00000000d6500000)
  to   space 1536K, 0% used [0x00000000d6200000,0x00000000d6200000,0x00000000d6380000)
 ParOldGen       total 609792K, used 609697K [0x0000000080000000, 0x00000000a5380000, 0x00000000d5580000)
  object space 609792K, 99% used [0x0000000080000000,0x00000000a5368558,0x00000000a5380000)
 Metaspace       used 82229K, committed 84096K, reserved 1179648K
  class space    used 8442K, committed 9280K, reserved 1048576K
}
Event: 511.702 GC heap after
{Heap after GC invocations=437 (full 4):
 PSYoungGen      total 9216K, used 1516K [0x00000000d5580000, 0x00000000d6500000, 0x0000000100000000)
  eden space 7680K, 0% used [0x00000000d5580000,0x00000000d5580000,0x00000000d5d00000)
  from space 1536K, 98% used [0x00000000d6200000,0x00000000d637b0a0,0x00000000d6380000)
  to   space 1536K, 0% used [0x00000000d6380000,0x00000000d6380000,0x00000000d6500000)
 ParOldGen       total 611840K, used 611397K [0x0000000080000000, 0x00000000a5580000, 0x00000000d5580000)
  object space 611840K, 99% used [0x0000000080000000,0x00000000a5511758,0x00000000a5580000)
 Metaspace       used 82229K, committed 84096K, reserved 1179648K
  class space    used 8442K, committed 9280K, reserved 1048576K
}
Event: 514.269 GC heap before
{Heap before GC invocations=438 (full 4):
 PSYoungGen      total 9216K, used 9196K [0x00000000d5580000, 0x00000000d6500000, 0x0000000100000000)
  eden space 7680K, 100% used [0x00000000d5580000,0x00000000d5d00000,0x00000000d5d00000)
  from space 1536K, 98% used [0x00000000d6200000,0x00000000d637b0a0,0x00000000d6380000)
  to   space 1536K, 0% used [0x00000000d6380000,0x00000000d6380000,0x00000000d6500000)
 ParOldGen       total 611840K, used 611397K [0x0000000080000000, 0x00000000a5580000, 0x00000000d5580000)
  object space 611840K, 99% used [0x0000000080000000,0x00000000a5511758,0x00000000a5580000)
 Metaspace       used 82247K, committed 84096K, reserved 1179648K
  class space    used 8442K, committed 9280K, reserved 1048576K
}
Event: 514.270 GC heap after
{Heap after GC invocations=438 (full 4):
 PSYoungGen      total 8192K, used 192K [0x00000000d5580000, 0x00000000d6400000, 0x0000000100000000)
  eden space 7680K, 0% used [0x00000000d5580000,0x00000000d5580000,0x00000000d5d00000)
  from space 512K, 37% used [0x00000000d6380000,0x00000000d63b0000,0x00000000d6400000)
  to   space 1536K, 0% used [0x00000000d6100000,0x00000000d6100000,0x00000000d6280000)
 ParOldGen       total 612352K, used 611877K [0x0000000080000000, 0x00000000a5600000, 0x00000000d5580000)
  object space 612352K, 99% used [0x0000000080000000,0x00000000a5589798,0x00000000a5600000)
 Metaspace       used 82247K, committed 84096K, reserved 1179648K
  class space    used 8442K, committed 9280K, reserved 1048576K
}
Event: 517.149 GC heap before
{Heap before GC invocations=439 (full 4):
 PSYoungGen      total 8192K, used 7872K [0x00000000d5580000, 0x00000000d6400000, 0x0000000100000000)
  eden space 7680K, 100% used [0x00000000d5580000,0x00000000d5d00000,0x00000000d5d00000)
  from space 512K, 37% used [0x00000000d6380000,0x00000000d63b0000,0x00000000d6400000)
  to   space 1536K, 0% used [0x00000000d6100000,0x00000000d6100000,0x00000000d6280000)
 ParOldGen       total 612352K, used 611877K [0x0000000080000000, 0x00000000a5600000, 0x00000000d5580000)
  object space 612352K, 99% used [0x0000000080000000,0x00000000a5589798,0x00000000a5600000)
 Metaspace       used 82252K, committed 84096K, reserved 1179648K
  class space    used 8442K, committed 9280K, reserved 1048576K
}
Event: 517.150 GC heap after
{Heap after GC invocations=439 (full 4):
 PSYoungGen      total 9216K, used 506K [0x00000000d5580000, 0x00000000d6400000, 0x0000000100000000)
  eden space 7680K, 0% used [0x00000000d5580000,0x00000000d5580000,0x00000000d5d00000)
  from space 1536K, 32% used [0x00000000d6100000,0x00000000d617e900,0x00000000d6280000)
  to   space 1024K, 0% used [0x00000000d6300000,0x00000000d6300000,0x00000000d6400000)
 ParOldGen       total 612352K, used 611917K [0x0000000080000000, 0x00000000a5600000, 0x00000000d5580000)
  object space 612352K, 99% used [0x0000000080000000,0x00000000a5593798,0x00000000a5600000)
 Metaspace       used 82252K, committed 84096K, reserved 1179648K
  class space    used 8442K, committed 9280K, reserved 1048576K
}
Event: 517.185 GC heap before
{Heap before GC invocations=440 (full 4):
 PSYoungGen      total 9216K, used 8186K [0x00000000d5580000, 0x00000000d6400000, 0x0000000100000000)
  eden space 7680K, 100% used [0x00000000d5580000,0x00000000d5d00000,0x00000000d5d00000)
  from space 1536K, 32% used [0x00000000d6100000,0x00000000d617e900,0x00000000d6280000)
  to   space 1024K, 0% used [0x00000000d6300000,0x00000000d6300000,0x00000000d6400000)
 ParOldGen       total 612352K, used 611917K [0x0000000080000000, 0x00000000a5600000, 0x00000000d5580000)
  object space 612352K, 99% used [0x0000000080000000,0x00000000a5593798,0x00000000a5600000)
 Metaspace       used 82536K, committed 84352K, reserved 1179648K
  class space    used 8469K, committed 9280K, reserved 1048576K
}
Event: 517.187 GC heap after
{Heap after GC invocations=440 (full 4):
 PSYoungGen      total 8192K, used 282K [0x00000000d5580000, 0x00000000d6380000, 0x0000000100000000)
  eden space 7680K, 0% used [0x00000000d5580000,0x00000000d5580000,0x00000000d5d00000)
  from space 512K, 55% used [0x00000000d6300000,0x00000000d6346900,0x00000000d6380000)
  to   space 512K, 0% used [0x00000000d6280000,0x00000000d6280000,0x00000000d6300000)
 ParOldGen       total 612352K, used 611957K [0x0000000080000000, 0x00000000a5600000, 0x00000000d5580000)
  object space 612352K, 99% used [0x0000000080000000,0x00000000a559d798,0x00000000a5600000)
 Metaspace       used 82536K, committed 84352K, reserved 1179648K
  class space    used 8469K, committed 9280K, reserved 1048576K
}
Event: 517.203 GC heap before
{Heap before GC invocations=441 (full 4):
 PSYoungGen      total 8192K, used 7962K [0x00000000d5580000, 0x00000000d6380000, 0x0000000100000000)
  eden space 7680K, 100% used [0x00000000d5580000,0x00000000d5d00000,0x00000000d5d00000)
  from space 512K, 55% used [0x00000000d6300000,0x00000000d6346900,0x00000000d6380000)
  to   space 512K, 0% used [0x00000000d6280000,0x00000000d6280000,0x00000000d6300000)
 ParOldGen       total 612352K, used 611957K [0x0000000080000000, 0x00000000a5600000, 0x00000000d5580000)
  object space 612352K, 99% used [0x0000000080000000,0x00000000a559d798,0x00000000a5600000)
 Metaspace       used 82536K, committed 84352K, reserved 1179648K
  class space    used 8469K, committed 9280K, reserved 1048576K
}
Event: 517.205 GC heap after
{Heap after GC invocations=441 (full 4):
 PSYoungGen      total 8192K, used 500K [0x00000000d5580000, 0x00000000d6a00000, 0x0000000100000000)
  eden space 7680K, 0% used [0x00000000d5580000,0x00000000d5580000,0x00000000d5d00000)
  from space 512K, 97% used [0x00000000d6280000,0x00000000d62fd398,0x00000000d6300000)
  to   space 6656K, 0% used [0x00000000d6380000,0x00000000d6380000,0x00000000d6a00000)
 ParOldGen       total 617472K, used 616986K [0x0000000080000000, 0x00000000a5b00000, 0x00000000d5580000)
  object space 617472K, 99% used [0x0000000080000000,0x00000000a5a86998,0x00000000a5b00000)
 Metaspace       used 82536K, committed 84352K, reserved 1179648K
  class space    used 8469K, committed 9280K, reserved 1048576K
}
Event: 517.234 GC heap before
{Heap before GC invocations=442 (full 4):
 PSYoungGen      total 8192K, used 8180K [0x00000000d5580000, 0x00000000d6a00000, 0x0000000100000000)
  eden space 7680K, 100% used [0x00000000d5580000,0x00000000d5d00000,0x00000000d5d00000)
  from space 512K, 97% used [0x00000000d6280000,0x00000000d62fd398,0x00000000d6300000)
  to   space 6656K, 0% used [0x00000000d6380000,0x00000000d6380000,0x00000000d6a00000)
 ParOldGen       total 617472K, used 616986K [0x0000000080000000, 0x00000000a5b00000, 0x00000000d5580000)
  object space 617472K, 99% used [0x0000000080000000,0x00000000a5a86998,0x00000000a5b00000)
 Metaspace       used 82625K, committed 84416K, reserved 1179648K
  class space    used 8489K, committed 9280K, reserved 1048576K
}
Event: 517.236 GC heap after
{Heap after GC invocations=442 (full 4):
 PSYoungGen      total 9216K, used 1428K [0x00000000d5580000, 0x00000000d6500000, 0x0000000100000000)
  eden space 7680K, 0% used [0x00000000d5580000,0x00000000d5580000,0x00000000d5d00000)
  from space 1536K, 93% used [0x00000000d6380000,0x00000000d64e5210,0x00000000d6500000)
  to   space 3072K, 0% used [0x00000000d5f00000,0x00000000d5f00000,0x00000000d6200000)
 ParOldGen       total 617472K, used 617034K [0x0000000080000000, 0x00000000a5b00000, 0x00000000d5580000)
  object space 617472K, 99% used [0x0000000080000000,0x00000000a5a92998,0x00000000a5b00000)
 Metaspace       used 82625K, committed 84416K, reserved 1179648K
  class space    used 8489K, committed 9280K, reserved 1048576K
}
Event: 789.257 GC heap before
{Heap before GC invocations=443 (full 4):
 PSYoungGen      total 9216K, used 9108K [0x00000000d5580000, 0x00000000d6500000, 0x0000000100000000)
  eden space 7680K, 100% used [0x00000000d5580000,0x00000000d5d00000,0x00000000d5d00000)
  from space 1536K, 93% used [0x00000000d6380000,0x00000000d64e5210,0x00000000d6500000)
  to   space 3072K, 0% used [0x00000000d5f00000,0x00000000d5f00000,0x00000000d6200000)
 ParOldGen       total 617472K, used 617034K [0x0000000080000000, 0x00000000a5b00000, 0x00000000d5580000)
  object space 617472K, 99% used [0x0000000080000000,0x00000000a5a92998,0x00000000a5b00000)
 Metaspace       used 82647K, committed 84480K, reserved 1179648K
  class space    used 8491K, committed 9344K, reserved 1048576K
}
Event: 789.259 GC heap after
{Heap after GC invocations=443 (full 4):
 PSYoungGen      total 10752K, used 256K [0x00000000d5580000, 0x00000000d6400000, 0x0000000100000000)
  eden space 7680K, 0% used [0x00000000d5580000,0x00000000d5580000,0x00000000d5d00000)
  from space 3072K, 8% used [0x00000000d5f00000,0x00000000d5f40000,0x00000000d6200000)
  to   space 1024K, 0% used [0x00000000d6300000,0x00000000d6300000,0x00000000d6400000)
 ParOldGen       total 618496K, used 618303K [0x0000000080000000, 0x00000000a5c00000, 0x00000000d5580000)
  object space 618496K, 99% used [0x0000000080000000,0x00000000a5bcff10,0x00000000a5c00000)
 Metaspace       used 82647K, committed 84480K, reserved 1179648K
  class space    used 8491K, committed 9344K, reserved 1048576K
}
Event: 793.828 GC heap before
{Heap before GC invocations=444 (full 4):
 PSYoungGen      total 10752K, used 7936K [0x00000000d5580000, 0x00000000d6400000, 0x0000000100000000)
  eden space 7680K, 100% used [0x00000000d5580000,0x00000000d5d00000,0x00000000d5d00000)
  from space 3072K, 8% used [0x00000000d5f00000,0x00000000d5f40000,0x00000000d6200000)
  to   space 1024K, 0% used [0x00000000d6300000,0x00000000d6300000,0x00000000d6400000)
 ParOldGen       total 618496K, used 618303K [0x0000000080000000, 0x00000000a5c00000, 0x00000000d5580000)
  object space 618496K, 99% used [0x0000000080000000,0x00000000a5bcff10,0x00000000a5c00000)
 Metaspace       used 82663K, committed 84480K, reserved 1179648K
  class space    used 8491K, committed 9344K, reserved 1048576K
}
Event: 793.830 GC heap after
{Heap after GC invocations=444 (full 4):
 PSYoungGen      total 8192K, used 192K [0x00000000d5580000, 0x00000000d6380000, 0x0000000100000000)
  eden space 7680K, 0% used [0x00000000d5580000,0x00000000d5580000,0x00000000d5d00000)
  from space 512K, 37% used [0x00000000d6300000,0x00000000d6330000,0x00000000d6380000)
  to   space 512K, 0% used [0x00000000d6280000,0x00000000d6280000,0x00000000d6300000)
 ParOldGen       total 618496K, used 618343K [0x0000000080000000, 0x00000000a5c00000, 0x00000000d5580000)
  object space 618496K, 99% used [0x0000000080000000,0x00000000a5bd9f10,0x00000000a5c00000)
 Metaspace       used 82663K, committed 84480K, reserved 1179648K
  class space    used 8491K, committed 9344K, reserved 1048576K
}

