# JRE version: OpenJDK Runtime Environment Temurin-21.0.9+10 (21.0.9+10) (build 21.0.9+10-LTS)
# Java VM: OpenJDK 64-Bit Server VM Temurin-21.0.9+10 (21.0.9+10-LTS, mixed mode, sharing, tiered, compressed oops, compressed class ptrs, parallel gc, windows-amd64)
GC Precious Log:
 CardTable entry size: 512
 CPUs: 8 total, 8 available
 Memory: 16221M
 Large Page Support: Disabled
 NUMA Support: Disabled
 Compressed Oops: Enabled (32-bit)
 Alignments: Space 512K, Generation 512K, Heap 2M
 Heap Min Capacity: 100M
 Heap Initial Capacity: 100M
 Heap Max Capacity: 2G
 Pre-touch: Disabled
 Parallel Workers: 8
Heap:
 PSYoungGen      total 17408K, used 480K [0x00000000d5580000, 0x00000000d6780000, 0x0000000100000000)
  eden space 16896K, 0% used [0x00000000d5580000,0x00000000d5580000,0x00000000d6600000)
  from space 512K, 93% used [0x00000000d6700000,0x00000000d6778010,0x00000000d6780000)
  to   space 512K, 0% used [0x00000000d6680000,0x00000000d6680000,0x00000000d6700000)
 ParOldGen       total 77824K, used 77605K [0x0000000080000000, 0x0000000084c00000, 0x00000000d5580000)
  object space 77824K, 99% used [0x0000000080000000,0x0000000084bc9708,0x0000000084c00000)
 Metaspace       used 57742K, committed 59072K, reserved 1114112K
  class space    used 6238K, committed 6848K, reserved 1048576K
GC Heap History (20 events):
Event: 18.924 GC heap after
{Heap after GC invocations=78 (full 2):
 PSYoungGen      total 18432K, used 1056K [0x00000000d5580000, 0x00000000d6980000, 0x0000000100000000)
  eden space 16896K, 0% used [0x00000000d5580000,0x00000000d5580000,0x00000000d6600000)
  from space 1536K, 68% used [0x00000000d6800000,0x00000000d6908020,0x00000000d6980000)
  to   space 1536K, 0% used [0x00000000d6680000,0x00000000d6680000,0x00000000d6800000)
 ParOldGen       total 72192K, used 71872K [0x0000000080000000, 0x0000000084680000, 0x00000000d5580000)
  object space 72192K, 99% used [0x0000000080000000,0x0000000084630310,0x0000000084680000)
 Metaspace       used 56754K, committed 58176K, reserved 1114112K
  class space    used 6138K, committed 6784K, reserved 1048576K
}
Event: 18.955 GC heap before
{Heap before GC invocations=79 (full 2):
 PSYoungGen      total 18432K, used 17952K [0x00000000d5580000, 0x00000000d6980000, 0x0000000100000000)
  eden space 16896K, 100% used [0x00000000d5580000,0x00000000d6600000,0x00000000d6600000)
  from space 1536K, 68% used [0x00000000d6800000,0x00000000d6908020,0x00000000d6980000)
  to   space 1536K, 0% used [0x00000000d6680000,0x00000000d6680000,0x00000000d6800000)
 ParOldGen       total 72192K, used 71872K [0x0000000080000000, 0x0000000084680000, 0x00000000d5580000)
  object space 72192K, 99% used [0x0000000080000000,0x0000000084630310,0x0000000084680000)
 Metaspace       used 56765K, committed 58176K, reserved 1114112K
  class space    used 6139K, committed 6784K, reserved 1048576K
}
Event: 18.957 GC heap after
{Heap after GC invocations=79 (full 2):
 PSYoungGen      total 17920K, used 672K [0x00000000d5580000, 0x00000000d6880000, 0x0000000100000000)
  eden space 16896K, 0% used [0x00000000d5580000,0x00000000d5580000,0x00000000d6600000)
  from space 1024K, 65% used [0x00000000d6680000,0x00000000d6728000,0x00000000d6780000)
  to   space 1024K, 0% used [0x00000000d6780000,0x00000000d6780000,0x00000000d6880000)
 ParOldGen       total 73216K, used 72816K [0x0000000080000000, 0x0000000084780000, 0x00000000d5580000)
  object space 73216K, 99% used [0x0000000080000000,0x000000008471c330,0x0000000084780000)
 Metaspace       used 56765K, committed 58176K, reserved 1114112K
  class space    used 6139K, committed 6784K, reserved 1048576K
}
Event: 18.981 GC heap before
{Heap before GC invocations=80 (full 2):
 PSYoungGen      total 17920K, used 17568K [0x00000000d5580000, 0x00000000d6880000, 0x0000000100000000)
  eden space 16896K, 100% used [0x00000000d5580000,0x00000000d6600000,0x00000000d6600000)
  from space 1024K, 65% used [0x00000000d6680000,0x00000000d6728000,0x00000000d6780000)
  to   space 1024K, 0% used [0x00000000d6780000,0x00000000d6780000,0x00000000d6880000)
 ParOldGen       total 73216K, used 72816K [0x0000000080000000, 0x0000000084780000, 0x00000000d5580000)
  object space 73216K, 99% used [0x0000000080000000,0x000000008471c330,0x0000000084780000)
 Metaspace       used 56786K, committed 58240K, reserved 1114112K
  class space    used 6139K, committed 6784K, reserved 1048576K
}
Event: 18.983 GC heap after
{Heap after GC invocations=80 (full 2):
 PSYoungGen      total 17408K, used 512K [0x00000000d5580000, 0x00000000d6800000, 0x0000000100000000)
  eden space 16896K, 0% used [0x00000000d5580000,0x00000000d5580000,0x00000000d6600000)
  from space 512K, 100% used [0x00000000d6780000,0x00000000d6800000,0x00000000d6800000)
  to   space 1024K, 0% used [0x00000000d6600000,0x00000000d6600000,0x00000000d6700000)
 ParOldGen       total 73728K, used 73365K [0x0000000080000000, 0x0000000084800000, 0x00000000d5580000)
  object space 73728K, 99% used [0x0000000080000000,0x00000000847a5688,0x0000000084800000)
 Metaspace       used 56786K, committed 58240K, reserved 1114112K
  class space    used 6139K, committed 6784K, reserved 1048576K
}
Event: 19.020 GC heap before
{Heap before GC invocations=81 (full 2):
 PSYoungGen      total 17408K, used 17407K [0x00000000d5580000, 0x00000000d6800000, 0x0000000100000000)
  eden space 16896K, 99% used [0x00000000d5580000,0x00000000d65ffff0,0x00000000d6600000)
  from space 512K, 100% used [0x00000000d6780000,0x00000000d6800000,0x00000000d6800000)
  to   space 1024K, 0% used [0x00000000d6600000,0x00000000d6600000,0x00000000d6700000)
 ParOldGen       total 73728K, used 73365K [0x0000000080000000, 0x0000000084800000, 0x00000000d5580000)
  object space 73728K, 99% used [0x0000000080000000,0x00000000847a5688,0x0000000084800000)
 Metaspace       used 56801K, committed 58240K, reserved 1114112K
  class space    used 6139K, committed 6784K, reserved 1048576K
}
Event: 19.022 GC heap after
{Heap after GC invocations=81 (full 2):
 PSYoungGen      total 17920K, used 576K [0x00000000d5580000, 0x00000000d6800000, 0x0000000100000000)
  eden space 16896K, 0% used [0x00000000d5580000,0x00000000d5580000,0x00000000d6600000)
  from space 1024K, 56% used [0x00000000d6600000,0x00000000d6690000,0x00000000d6700000)
  to   space 1024K, 0% used [0x00000000d6700000,0x00000000d6700000,0x00000000d6800000)
 ParOldGen       total 74240K, used 73773K [0x0000000080000000, 0x0000000084880000, 0x00000000d5580000)
  object space 74240K, 99% used [0x0000000080000000,0x000000008480b688,0x0000000084880000)
 Metaspace       used 56801K, committed 58240K, reserved 1114112K
  class space    used 6139K, committed 6784K, reserved 1048576K
}
Event: 19.067 GC heap before
{Heap before GC invocations=82 (full 2):
 PSYoungGen      total 17920K, used 17472K [0x00000000d5580000, 0x00000000d6800000, 0x0000000100000000)
  eden space 16896K, 100% used [0x00000000d5580000,0x00000000d6600000,0x00000000d6600000)
  from space 1024K, 56% used [0x00000000d6600000,0x00000000d6690000,0x00000000d6700000)
  to   space 1024K, 0% used [0x00000000d6700000,0x00000000d6700000,0x00000000d6800000)
 ParOldGen       total 74240K, used 73773K [0x0000000080000000, 0x0000000084880000, 0x00000000d5580000)
  object space 74240K, 99% used [0x0000000080000000,0x000000008480b688,0x0000000084880000)
 Metaspace       used 56846K, committed 58240K, reserved 1114112K
  class space    used 6139K, committed 6784K, reserved 1048576K
}
Event: 19.069 GC heap after
{Heap after GC invocations=82 (full 2):
 PSYoungGen      total 17920K, used 576K [0x00000000d5580000, 0x00000000d6800000, 0x0000000100000000)
  eden space 16896K, 0% used [0x00000000d5580000,0x00000000d5580000,0x00000000d6600000)
  from space 1024K, 56% used [0x00000000d6700000,0x00000000d6790020,0x00000000d6800000)
  to   space 1024K, 0% used [0x00000000d6600000,0x00000000d6600000,0x00000000d6700000)
 ParOldGen       total 74240K, used 74101K [0x0000000080000000, 0x0000000084880000, 0x00000000d5580000)
  object space 74240K, 99% used [0x0000000080000000,0x000000008485d688,0x0000000084880000)
 Metaspace       used 56846K, committed 58240K, reserved 1114112K
  class space    used 6139K, committed 6784K, reserved 1048576K
}
Event: 19.132 GC heap before
{Heap before GC invocations=83 (full 2):
 PSYoungGen      total 17920K, used 17472K [0x00000000d5580000, 0x00000000d6800000, 0x0000000100000000)
  eden space 16896K, 100% used [0x00000000d5580000,0x00000000d6600000,0x00000000d6600000)
  from space 1024K, 56% used [0x00000000d6700000,0x00000000d6790020,0x00000000d6800000)
  to   space 1024K, 0% used [0x00000000d6600000,0x00000000d6600000,0x00000000d6700000)
 ParOldGen       total 74240K, used 74101K [0x0000000080000000, 0x0000000084880000, 0x00000000d5580000)
  object space 74240K, 99% used [0x0000000080000000,0x000000008485d688,0x0000000084880000)
 Metaspace       used 56865K, committed 58304K, reserved 1114112K
  class space    used 6142K, committed 6784K, reserved 1048576K
}
Event: 19.134 GC heap after
{Heap after GC invocations=83 (full 2):
 PSYoungGen      total 17920K, used 608K [0x00000000d5580000, 0x00000000d6800000, 0x0000000100000000)
  eden space 16896K, 0% used [0x00000000d5580000,0x00000000d5580000,0x00000000d6600000)
  from space 1024K, 59% used [0x00000000d6600000,0x00000000d6698000,0x00000000d6700000)
  to   space 1024K, 0% used [0x00000000d6700000,0x00000000d6700000,0x00000000d6800000)
 ParOldGen       total 75776K, used 75157K [0x0000000080000000, 0x0000000084a00000, 0x00000000d5580000)
  object space 75776K, 99% used [0x0000000080000000,0x0000000084965688,0x0000000084a00000)
 Metaspace       used 56865K, committed 58304K, reserved 1114112K
  class space    used 6142K, committed 6784K, reserved 1048576K
}
Event: 19.177 GC heap before
{Heap before GC invocations=84 (full 2):
 PSYoungGen      total 17920K, used 17504K [0x00000000d5580000, 0x00000000d6800000, 0x0000000100000000)
  eden space 16896K, 100% used [0x00000000d5580000,0x00000000d6600000,0x00000000d6600000)
  from space 1024K, 59% used [0x00000000d6600000,0x00000000d6698000,0x00000000d6700000)
  to   space 1024K, 0% used [0x00000000d6700000,0x00000000d6700000,0x00000000d6800000)
 ParOldGen       total 75776K, used 75157K [0x0000000080000000, 0x0000000084a00000, 0x00000000d5580000)
  object space 75776K, 99% used [0x0000000080000000,0x0000000084965688,0x0000000084a00000)
 Metaspace       used 56870K, committed 58304K, reserved 1114112K
  class space    used 6142K, committed 6784K, reserved 1048576K
}
Event: 19.178 GC heap after
{Heap after GC invocations=84 (full 2):
 PSYoungGen      total 17920K, used 576K [0x00000000d5580000, 0x00000000d6800000, 0x0000000100000000)
  eden space 16896K, 0% used [0x00000000d5580000,0x00000000d5580000,0x00000000d6600000)
  from space 1024K, 56% used [0x00000000d6700000,0x00000000d6790000,0x00000000d6800000)
  to   space 1024K, 0% used [0x00000000d6600000,0x00000000d6600000,0x00000000d6700000)
 ParOldGen       total 75776K, used 75565K [0x0000000080000000, 0x0000000084a00000, 0x00000000d5580000)
  object space 75776K, 99% used [0x0000000080000000,0x00000000849cb688,0x0000000084a00000)
 Metaspace       used 56870K, committed 58304K, reserved 1114112K
  class space    used 6142K, committed 6784K, reserved 1048576K
}
Event: 19.213 GC heap before
{Heap before GC invocations=85 (full 2):
 PSYoungGen      total 17920K, used 17472K [0x00000000d5580000, 0x00000000d6800000, 0x0000000100000000)
  eden space 16896K, 100% used [0x00000000d5580000,0x00000000d6600000,0x00000000d6600000)
  from space 1024K, 56% used [0x00000000d6700000,0x00000000d6790000,0x00000000d6800000)
  to   space 1024K, 0% used [0x00000000d6600000,0x00000000d6600000,0x00000000d6700000)
 ParOldGen       total 75776K, used 75565K [0x0000000080000000, 0x0000000084a00000, 0x00000000d5580000)
  object space 75776K, 99% used [0x0000000080000000,0x00000000849cb688,0x0000000084a00000)
 Metaspace       used 56872K, committed 58304K, reserved 1114112K
  class space    used 6142K, committed 6784K, reserved 1048576K
}
Event: 19.215 GC heap after
{Heap after GC invocations=85 (full 2):
 PSYoungGen      total 17920K, used 608K [0x00000000d5580000, 0x00000000d6800000, 0x0000000100000000)
  eden space 16896K, 0% used [0x00000000d5580000,0x00000000d5580000,0x00000000d6600000)
  from space 1024K, 59% used [0x00000000d6600000,0x00000000d6698000,0x00000000d6700000)
  to   space 1024K, 0% used [0x00000000d6700000,0x00000000d6700000,0x00000000d6800000)
 ParOldGen       total 76288K, used 75845K [0x0000000080000000, 0x0000000084a80000, 0x00000000d5580000)
  object space 76288K, 99% used [0x0000000080000000,0x0000000084a11688,0x0000000084a80000)
 Metaspace       used 56872K, committed 58304K, reserved 1114112K
  class space    used 6142K, committed 6784K, reserved 1048576K
}
Event: 19.247 GC heap before
{Heap before GC invocations=86 (full 2):
 PSYoungGen      total 17920K, used 17504K [0x00000000d5580000, 0x00000000d6800000, 0x0000000100000000)
  eden space 16896K, 100% used [0x00000000d5580000,0x00000000d6600000,0x00000000d6600000)
  from space 1024K, 59% used [0x00000000d6600000,0x00000000d6698000,0x00000000d6700000)
  to   space 1024K, 0% used [0x00000000d6700000,0x00000000d6700000,0x00000000d6800000)
 ParOldGen       total 76288K, used 75845K [0x0000000080000000, 0x0000000084a80000, 0x00000000d5580000)
  object space 76288K, 99% used [0x0000000080000000,0x0000000084a11688,0x0000000084a80000)
 Metaspace       used 56877K, committed 58304K, reserved 1114112K
  class space    used 6142K, committed 6784K, reserved 1048576K
}
Event: 19.248 GC heap after
{Heap after GC invocations=86 (full 2):
 PSYoungGen      total 17408K, used 448K [0x00000000d5580000, 0x00000000d6780000, 0x0000000100000000)
  eden space 16896K, 0% used [0x00000000d5580000,0x00000000d5580000,0x00000000d6600000)
  from space 512K, 87% used [0x00000000d6700000,0x00000000d6770000,0x00000000d6780000)
  to   space 512K, 0% used [0x00000000d6680000,0x00000000d6680000,0x00000000d6700000)
 ParOldGen       total 76288K, used 76157K [0x0000000080000000, 0x0000000084a80000, 0x00000000d5580000)
  object space 76288K, 99% used [0x0000000080000000,0x0000000084a5f688,0x0000000084a80000)
 Metaspace       used 56877K, committed 58304K, reserved 1114112K
  class space    used 6142K, committed 6784K, reserved 1048576K
}
Event: 19.273 GC heap before
{Heap before GC invocations=87 (full 2):
 PSYoungGen      total 17408K, used 17344K [0x00000000d5580000, 0x00000000d6780000, 0x0000000100000000)
  eden space 16896K, 100% used [0x00000000d5580000,0x00000000d6600000,0x00000000d6600000)
  from space 512K, 87% used [0x00000000d6700000,0x00000000d6770000,0x00000000d6780000)
  to   space 512K, 0% used [0x00000000d6680000,0x00000000d6680000,0x00000000d6700000)
 ParOldGen       total 76288K, used 76157K [0x0000000080000000, 0x0000000084a80000, 0x00000000d5580000)
  object space 76288K, 99% used [0x0000000080000000,0x0000000084a5f688,0x0000000084a80000)
 Metaspace       used 56889K, committed 58304K, reserved 1114112K
  class space    used 6142K, committed 6784K, reserved 1048576K
}
Event: 19.275 GC heap after
{Heap after GC invocations=87 (full 2):
 PSYoungGen      total 17408K, used 320K [0x00000000d5580000, 0x00000000d6780000, 0x0000000100000000)
  eden space 16896K, 0% used [0x00000000d5580000,0x00000000d5580000,0x00000000d6600000)
  from space 512K, 62% used [0x00000000d6680000,0x00000000d66d0000,0x00000000d6700000)
  to   space 512K, 0% used [0x00000000d6700000,0x00000000d6700000,0x00000000d6780000)
 ParOldGen       total 76800K, used 76497K [0x0000000080000000, 0x0000000084b00000, 0x00000000d5580000)
  object space 76800K, 99% used [0x0000000080000000,0x0000000084ab4688,0x0000000084b00000)
 Metaspace       used 56889K, committed 58304K, reserved 1114112K
  class space    used 6142K, committed 6784K, reserved 1048576K
}
Event: 19.493 GC heap before
{Heap before GC invocations=88 (full 2):
 PSYoungGen      total 17408K, used 17214K [0x00000000d5580000, 0x00000000d6780000, 0x0000000100000000)
  eden space 16896K, 99% used [0x00000000d5580000,0x00000000d65ffb38,0x00000000d6600000)
  from space 512K, 62% used [0x00000000d6680000,0x00000000d66d0000,0x00000000d6700000)
  to   space 512K, 0% used [0x00000000d6700000,0x00000000d6700000,0x00000000d6780000)
 ParOldGen       total 76800K, used 76497K [0x0000000080000000, 0x0000000084b00000, 0x00000000d5580000)
  object space 76800K, 99% used [0x0000000080000000,0x0000000084ab4688,0x0000000084b00000)
 Metaspace       used 57742K, committed 59072K, reserved 1114112K
  class space    used 6238K, committed 6848K, reserved 1048576K
}

