# JRE version: OpenJDK Runtime Environment Temurin-21.0.9+10 (21.0.9+10) (build 21.0.9+10-LTS)
# Java VM: OpenJDK 64-Bit Server VM Temurin-21.0.9+10 (21.0.9+10-LTS, mixed mode, sharing, tiered, compressed oops, compressed class ptrs, parallel gc, windows-amd64)
GC Precious Log:
 CardTable entry size: 512
 CPUs: 8 total, 8 available
 Memory: 16221M
 Large Page Support: Disabled
 NUMA Support: Disabled
 Compressed Oops: Enabled (32-bit)
 Alignments: Space 512K, Generation 512K, Heap 2M
 Heap Min Capacity: 100M
 Heap Initial Capacity: 100M
 Heap Max Capacity: 2G
 Pre-touch: Disabled
 Parallel Workers: 8
Heap:
 PSYoungGen      total 20480K, used 9106K [0x00000000d5580000, 0x00000000d6c00000, 0x0000000100000000)
  eden space 18944K, 40% used [0x00000000d5580000,0x00000000d5d04968,0x00000000d6800000)
  from space 1536K, 91% used [0x00000000d6800000,0x00000000d6960000,0x00000000d6980000)
  to   space 2048K, 0% used [0x00000000d6a00000,0x00000000d6a00000,0x00000000d6c00000)
 ParOldGen       total 103936K, used 103451K [0x0000000080000000, 0x0000000086580000, 0x00000000d5580000)
  object space 103936K, 99% used [0x0000000080000000,0x0000000086506ed0,0x0000000086580000)
 Metaspace       used 67675K, committed 69312K, reserved 1114112K
  class space    used 7197K, committed 7872K, reserved 1048576K
GC Heap History (20 events):
Event: 11.755 GC heap before
{Heap before GC invocations=125 (full 3):
 PSYoungGen      total 21504K, used 21408K [0x00000000d5580000, 0x00000000d6b80000, 0x0000000100000000)
  eden space 20992K, 100% used [0x00000000d5580000,0x00000000d6a00000,0x00000000d6a00000)
  from space 512K, 81% used [0x00000000d6a80000,0x00000000d6ae8000,0x00000000d6b00000)
  to   space 512K, 0% used [0x00000000d6b00000,0x00000000d6b00000,0x00000000d6b80000)
 ParOldGen       total 92160K, used 91719K [0x0000000080000000, 0x0000000085a00000, 0x00000000d5580000)
  object space 92160K, 99% used [0x0000000080000000,0x0000000085991c38,0x0000000085a00000)
 Metaspace       used 60589K, committed 61888K, reserved 1114112K
  class space    used 6422K, committed 6976K, reserved 1048576K
}
Event: 11.757 GC heap after
{Heap after GC invocations=125 (full 3):
 PSYoungGen      total 20992K, used 480K [0x00000000d5580000, 0x00000000d6d00000, 0x0000000100000000)
  eden space 20480K, 0% used [0x00000000d5580000,0x00000000d5580000,0x00000000d6980000)
  from space 512K, 93% used [0x00000000d6b00000,0x00000000d6b78030,0x00000000d6b80000)
  to   space 1536K, 0% used [0x00000000d6980000,0x00000000d6980000,0x00000000d6b00000)
 ParOldGen       total 92672K, used 92179K [0x0000000080000000, 0x0000000085a80000, 0x00000000d5580000)
  object space 92672K, 99% used [0x0000000080000000,0x0000000085a04e88,0x0000000085a80000)
 Metaspace       used 60589K, committed 61888K, reserved 1114112K
  class space    used 6422K, committed 6976K, reserved 1048576K
}
Event: 11.882 GC heap before
{Heap before GC invocations=126 (full 3):
 PSYoungGen      total 20992K, used 20960K [0x00000000d5580000, 0x00000000d6d00000, 0x0000000100000000)
  eden space 20480K, 100% used [0x00000000d5580000,0x00000000d6980000,0x00000000d6980000)
  from space 512K, 93% used [0x00000000d6b00000,0x00000000d6b78030,0x00000000d6b80000)
  to   space 1536K, 0% used [0x00000000d6980000,0x00000000d6980000,0x00000000d6b00000)
 ParOldGen       total 92672K, used 92179K [0x0000000080000000, 0x0000000085a80000, 0x00000000d5580000)
  object space 92672K, 99% used [0x0000000080000000,0x0000000085a04e88,0x0000000085a80000)
 Metaspace       used 61186K, committed 62528K, reserved 1114112K
  class space    used 6514K, committed 7104K, reserved 1048576K
}
Event: 11.885 GC heap after
{Heap after GC invocations=126 (full 3):
 PSYoungGen      total 22016K, used 1507K [0x00000000d5580000, 0x00000000d6e80000, 0x0000000100000000)
  eden space 20480K, 0% used [0x00000000d5580000,0x00000000d5580000,0x00000000d6980000)
  from space 1536K, 98% used [0x00000000d6980000,0x00000000d6af8d30,0x00000000d6b00000)
  to   space 2560K, 0% used [0x00000000d6c00000,0x00000000d6c00000,0x00000000d6e80000)
 ParOldGen       total 92672K, used 92618K [0x0000000080000000, 0x0000000085a80000, 0x00000000d5580000)
  object space 92672K, 99% used [0x0000000080000000,0x0000000085a728e8,0x0000000085a80000)
 Metaspace       used 61186K, committed 62528K, reserved 1114112K
  class space    used 6514K, committed 7104K, reserved 1048576K
}
Event: 12.077 GC heap before
{Heap before GC invocations=127 (full 3):
 PSYoungGen      total 22016K, used 21987K [0x00000000d5580000, 0x00000000d6e80000, 0x0000000100000000)
  eden space 20480K, 100% used [0x00000000d5580000,0x00000000d6980000,0x00000000d6980000)
  from space 1536K, 98% used [0x00000000d6980000,0x00000000d6af8d30,0x00000000d6b00000)
  to   space 2560K, 0% used [0x00000000d6c00000,0x00000000d6c00000,0x00000000d6e80000)
 ParOldGen       total 92672K, used 92618K [0x0000000080000000, 0x0000000085a80000, 0x00000000d5580000)
  object space 92672K, 99% used [0x0000000080000000,0x0000000085a728e8,0x0000000085a80000)
 Metaspace       used 61768K, committed 63168K, reserved 1114112K
  class space    used 6574K, committed 7168K, reserved 1048576K
}
Event: 12.080 GC heap after
{Heap after GC invocations=127 (full 3):
 PSYoungGen      total 22528K, used 1586K [0x00000000d5580000, 0x00000000d6e00000, 0x0000000100000000)
  eden space 20480K, 0% used [0x00000000d5580000,0x00000000d5580000,0x00000000d6980000)
  from space 2048K, 77% used [0x00000000d6c00000,0x00000000d6d8cb88,0x00000000d6e00000)
  to   space 2048K, 0% used [0x00000000d6a00000,0x00000000d6a00000,0x00000000d6c00000)
 ParOldGen       total 94208K, used 94029K [0x0000000080000000, 0x0000000085c00000, 0x00000000d5580000)
  object space 94208K, 99% used [0x0000000080000000,0x0000000085bd3608,0x0000000085c00000)
 Metaspace       used 61768K, committed 63168K, reserved 1114112K
  class space    used 6574K, committed 7168K, reserved 1048576K
}
Event: 12.162 GC heap before
{Heap before GC invocations=128 (full 3):
 PSYoungGen      total 22528K, used 22066K [0x00000000d5580000, 0x00000000d6e00000, 0x0000000100000000)
  eden space 20480K, 100% used [0x00000000d5580000,0x00000000d6980000,0x00000000d6980000)
  from space 2048K, 77% used [0x00000000d6c00000,0x00000000d6d8cb88,0x00000000d6e00000)
  to   space 2048K, 0% used [0x00000000d6a00000,0x00000000d6a00000,0x00000000d6c00000)
 ParOldGen       total 94208K, used 94029K [0x0000000080000000, 0x0000000085c00000, 0x00000000d5580000)
  object space 94208K, 99% used [0x0000000080000000,0x0000000085bd3608,0x0000000085c00000)
 Metaspace       used 62031K, committed 63424K, reserved 1114112K
  class space    used 6598K, committed 7168K, reserved 1048576K
}
Event: 12.165 GC heap after
{Heap after GC invocations=128 (full 3):
 PSYoungGen      total 22016K, used 1344K [0x00000000d5580000, 0x00000000d6c80000, 0x0000000100000000)
  eden space 20480K, 0% used [0x00000000d5580000,0x00000000d5580000,0x00000000d6980000)
  from space 1536K, 87% used [0x00000000d6a00000,0x00000000d6b50000,0x00000000d6b80000)
  to   space 1024K, 0% used [0x00000000d6b80000,0x00000000d6b80000,0x00000000d6c80000)
 ParOldGen       total 95232K, used 95043K [0x0000000080000000, 0x0000000085d00000, 0x00000000d5580000)
  object space 95232K, 99% used [0x0000000080000000,0x0000000085cd0cc0,0x0000000085d00000)
 Metaspace       used 62031K, committed 63424K, reserved 1114112K
  class space    used 6598K, committed 7168K, reserved 1048576K
}
Event: 12.276 GC heap before
{Heap before GC invocations=129 (full 3):
 PSYoungGen      total 22016K, used 21824K [0x00000000d5580000, 0x00000000d6c80000, 0x0000000100000000)
  eden space 20480K, 100% used [0x00000000d5580000,0x00000000d6980000,0x00000000d6980000)
  from space 1536K, 87% used [0x00000000d6a00000,0x00000000d6b50000,0x00000000d6b80000)
  to   space 1024K, 0% used [0x00000000d6b80000,0x00000000d6b80000,0x00000000d6c80000)
 ParOldGen       total 95232K, used 95043K [0x0000000080000000, 0x0000000085d00000, 0x00000000d5580000)
  object space 95232K, 99% used [0x0000000080000000,0x0000000085cd0cc0,0x0000000085d00000)
 Metaspace       used 62629K, committed 64064K, reserved 1114112K
  class space    used 6660K, committed 7296K, reserved 1048576K
}
Event: 12.281 GC heap after
{Heap after GC invocations=129 (full 3):
 PSYoungGen      total 20480K, used 992K [0x00000000d5580000, 0x00000000d6f80000, 0x0000000100000000)
  eden space 19456K, 0% used [0x00000000d5580000,0x00000000d5580000,0x00000000d6880000)
  from space 1024K, 96% used [0x00000000d6b80000,0x00000000d6c780b0,0x00000000d6c80000)
  to   space 3072K, 0% used [0x00000000d6880000,0x00000000d6880000,0x00000000d6b80000)
 ParOldGen       total 97280K, used 96850K [0x0000000080000000, 0x0000000085f00000, 0x00000000d5580000)
  object space 97280K, 99% used [0x0000000080000000,0x0000000085e94b18,0x0000000085f00000)
 Metaspace       used 62629K, committed 64064K, reserved 1114112K
  class space    used 6660K, committed 7296K, reserved 1048576K
}
Event: 12.510 GC heap before
{Heap before GC invocations=130 (full 3):
 PSYoungGen      total 20480K, used 20448K [0x00000000d5580000, 0x00000000d6f80000, 0x0000000100000000)
  eden space 19456K, 100% used [0x00000000d5580000,0x00000000d6880000,0x00000000d6880000)
  from space 1024K, 96% used [0x00000000d6b80000,0x00000000d6c780b0,0x00000000d6c80000)
  to   space 3072K, 0% used [0x00000000d6880000,0x00000000d6880000,0x00000000d6b80000)
 ParOldGen       total 97280K, used 96850K [0x0000000080000000, 0x0000000085f00000, 0x00000000d5580000)
  object space 97280K, 99% used [0x0000000080000000,0x0000000085e94b18,0x0000000085f00000)
 Metaspace       used 64587K, committed 66112K, reserved 1114112K
  class space    used 6897K, committed 7552K, reserved 1048576K
}
Event: 12.513 GC heap after
{Heap after GC invocations=130 (full 3):
 PSYoungGen      total 22016K, used 2070K [0x00000000d5580000, 0x00000000d6d80000, 0x0000000100000000)
  eden space 19456K, 0% used [0x00000000d5580000,0x00000000d5580000,0x00000000d6880000)
  from space 2560K, 80% used [0x00000000d6880000,0x00000000d6a85ba0,0x00000000d6b00000)
  to   space 2560K, 0% used [0x00000000d6b00000,0x00000000d6b00000,0x00000000d6d80000)
 ParOldGen       total 98304K, used 97827K [0x0000000080000000, 0x0000000086000000, 0x00000000d5580000)
  object space 98304K, 99% used [0x0000000080000000,0x0000000085f88e60,0x0000000086000000)
 Metaspace       used 64587K, committed 66112K, reserved 1114112K
  class space    used 6897K, committed 7552K, reserved 1048576K
}
Event: 12.610 GC heap before
{Heap before GC invocations=131 (full 3):
 PSYoungGen      total 22016K, used 21526K [0x00000000d5580000, 0x00000000d6d80000, 0x0000000100000000)
  eden space 19456K, 100% used [0x00000000d5580000,0x00000000d6880000,0x00000000d6880000)
  from space 2560K, 80% used [0x00000000d6880000,0x00000000d6a85ba0,0x00000000d6b00000)
  to   space 2560K, 0% used [0x00000000d6b00000,0x00000000d6b00000,0x00000000d6d80000)
 ParOldGen       total 98304K, used 97827K [0x0000000080000000, 0x0000000086000000, 0x00000000d5580000)
  object space 98304K, 99% used [0x0000000080000000,0x0000000085f88e60,0x0000000086000000)
 Metaspace       used 65172K, committed 66688K, reserved 1114112K
  class space    used 6939K, committed 7616K, reserved 1048576K
}
Event: 12.614 GC heap after
{Heap after GC invocations=131 (full 3):
 PSYoungGen      total 21504K, used 1650K [0x00000000d5580000, 0x00000000d6d00000, 0x0000000100000000)
  eden space 19456K, 0% used [0x00000000d5580000,0x00000000d5580000,0x00000000d6880000)
  from space 2048K, 80% used [0x00000000d6b00000,0x00000000d6c9cb68,0x00000000d6d00000)
  to   space 2048K, 0% used [0x00000000d6900000,0x00000000d6900000,0x00000000d6b00000)
 ParOldGen       total 99840K, used 99458K [0x0000000080000000, 0x0000000086180000, 0x00000000d5580000)
  object space 99840K, 99% used [0x0000000080000000,0x0000000086120a98,0x0000000086180000)
 Metaspace       used 65172K, committed 66688K, reserved 1114112K
  class space    used 6939K, committed 7616K, reserved 1048576K
}
Event: 12.727 GC heap before
{Heap before GC invocations=132 (full 3):
 PSYoungGen      total 21504K, used 21106K [0x00000000d5580000, 0x00000000d6d00000, 0x0000000100000000)
  eden space 19456K, 100% used [0x00000000d5580000,0x00000000d6880000,0x00000000d6880000)
  from space 2048K, 80% used [0x00000000d6b00000,0x00000000d6c9cb68,0x00000000d6d00000)
  to   space 2048K, 0% used [0x00000000d6900000,0x00000000d6900000,0x00000000d6b00000)
 ParOldGen       total 99840K, used 99458K [0x0000000080000000, 0x0000000086180000, 0x00000000d5580000)
  object space 99840K, 99% used [0x0000000080000000,0x0000000086120a98,0x0000000086180000)
 Metaspace       used 65702K, committed 67264K, reserved 1114112K
  class space    used 6982K, committed 7680K, reserved 1048576K
}
Event: 12.730 GC heap after
{Heap after GC invocations=132 (full 3):
 PSYoungGen      total 21504K, used 1651K [0x00000000d5580000, 0x00000000d6c80000, 0x0000000100000000)
  eden space 19456K, 0% used [0x00000000d5580000,0x00000000d5580000,0x00000000d6880000)
  from space 2048K, 80% used [0x00000000d6900000,0x00000000d6a9cfd8,0x00000000d6b00000)
  to   space 1536K, 0% used [0x00000000d6b00000,0x00000000d6b00000,0x00000000d6c80000)
 ParOldGen       total 101376K, used 100981K [0x0000000080000000, 0x0000000086300000, 0x00000000d5580000)
  object space 101376K, 99% used [0x0000000080000000,0x000000008629d630,0x0000000086300000)
 Metaspace       used 65702K, committed 67264K, reserved 1114112K
  class space    used 6982K, committed 7680K, reserved 1048576K
}
Event: 12.816 GC heap before
{Heap before GC invocations=133 (full 3):
 PSYoungGen      total 21504K, used 21107K [0x00000000d5580000, 0x00000000d6c80000, 0x0000000100000000)
  eden space 19456K, 100% used [0x00000000d5580000,0x00000000d6880000,0x00000000d6880000)
  from space 2048K, 80% used [0x00000000d6900000,0x00000000d6a9cfd8,0x00000000d6b00000)
  to   space 1536K, 0% used [0x00000000d6b00000,0x00000000d6b00000,0x00000000d6c80000)
 ParOldGen       total 101376K, used 100981K [0x0000000080000000, 0x0000000086300000, 0x00000000d5580000)
  object space 101376K, 99% used [0x0000000080000000,0x000000008629d630,0x0000000086300000)
 Metaspace       used 66110K, committed 67648K, reserved 1114112K
  class space    used 7005K, committed 7680K, reserved 1048576K
}
Event: 12.819 GC heap after
{Heap after GC invocations=133 (full 3):
 PSYoungGen      total 20480K, used 1534K [0x00000000d5580000, 0x00000000d6e80000, 0x0000000100000000)
  eden space 18944K, 0% used [0x00000000d5580000,0x00000000d5580000,0x00000000d6800000)
  from space 1536K, 99% used [0x00000000d6b00000,0x00000000d6c7fb10,0x00000000d6c80000)
  to   space 3072K, 0% used [0x00000000d6800000,0x00000000d6800000,0x00000000d6b00000)
 ParOldGen       total 102400K, used 102024K [0x0000000080000000, 0x0000000086400000, 0x00000000d5580000)
  object space 102400K, 99% used [0x0000000080000000,0x00000000863a2040,0x0000000086400000)
 Metaspace       used 66110K, committed 67648K, reserved 1114112K
  class space    used 7005K, committed 7680K, reserved 1048576K
}
Event: 13.192 GC heap before
{Heap before GC invocations=134 (full 3):
 PSYoungGen      total 20480K, used 20478K [0x00000000d5580000, 0x00000000d6e80000, 0x0000000100000000)
  eden space 18944K, 100% used [0x00000000d5580000,0x00000000d6800000,0x00000000d6800000)
  from space 1536K, 99% used [0x00000000d6b00000,0x00000000d6c7fb10,0x00000000d6c80000)
  to   space 3072K, 0% used [0x00000000d6800000,0x00000000d6800000,0x00000000d6b00000)
 ParOldGen       total 102400K, used 102024K [0x0000000080000000, 0x0000000086400000, 0x00000000d5580000)
  object space 102400K, 99% used [0x0000000080000000,0x00000000863a2040,0x0000000086400000)
 Metaspace       used 66747K, committed 68288K, reserved 1114112K
  class space    used 7056K, committed 7744K, reserved 1048576K
}
Event: 13.194 GC heap after
{Heap after GC invocations=134 (full 3):
 PSYoungGen      total 20480K, used 1408K [0x00000000d5580000, 0x00000000d6c00000, 0x0000000100000000)
  eden space 18944K, 0% used [0x00000000d5580000,0x00000000d5580000,0x00000000d6800000)
  from space 1536K, 91% used [0x00000000d6800000,0x00000000d6960000,0x00000000d6980000)
  to   space 2048K, 0% used [0x00000000d6a00000,0x00000000d6a00000,0x00000000d6c00000)
 ParOldGen       total 103936K, used 103451K [0x0000000080000000, 0x0000000086580000, 0x00000000d5580000)
  object space 103936K, 99% used [0x0000000080000000,0x0000000086506ed0,0x0000000086580000)
 Metaspace       used 66747K, committed 68288K, reserved 1114112K
  class space    used 7056K, committed 7744K, reserved 1048576K
}

