# JRE version: OpenJDK Runtime Environment Temurin-21.0.9+10 (21.0.9+10) (build 21.0.9+10-LTS)
# Java VM: OpenJDK 64-Bit Server VM Temurin-21.0.9+10 (21.0.9+10-LTS, mixed mode, sharing, tiered, compressed oops, compressed class ptrs, parallel gc, windows-amd64)
GC Precious Log:
 CardTable entry size: 512
 CPUs: 8 total, 8 available
 Memory: 16221M
 Large Page Support: Disabled
 NUMA Support: Disabled
 Compressed Oops: Enabled (32-bit)
 Alignments: Space 512K, Generation 512K, Heap 2M
 Heap Min Capacity: 100M
 Heap Initial Capacity: 100M
 Heap Max Capacity: 2G
 Pre-touch: Disabled
 Parallel Workers: 8
Heap:
 PSYoungGen      total 22528K, used 21779K [0x00000000d5580000, 0x00000000d7380000, 0x0000000100000000)
  eden space 22016K, 96% used [0x00000000d5580000,0x00000000d6a4cef8,0x00000000d6b00000)
  from space 512K, 93% used [0x00000000d7300000,0x00000000d7378000,0x00000000d7380000)
  to   space 1024K, 0% used [0x00000000d7180000,0x00000000d7180000,0x00000000d7280000)
 ParOldGen       total 68608K, used 37249K [0x0000000080000000, 0x0000000084300000, 0x00000000d5580000)
  object space 68608K, 54% used [0x0000000080000000,0x0000000082460688,0x0000000084300000)
 Metaspace       used 53135K, committed 54528K, reserved 1114112K
  class space    used 5853K, committed 6464K, reserved 1048576K
GC Heap History (20 events):
Event: 6.898 GC heap before
{Heap before GC invocations=15 (full 2):
 PSYoungGen      total 26112K, used 256K [0x00000000d5580000, 0x00000000d7280000, 0x0000000100000000)
  eden space 22528K, 0% used [0x00000000d5580000,0x00000000d5580000,0x00000000d6b80000)
  from space 3584K, 7% used [0x00000000d6b80000,0x00000000d6bc0000,0x00000000d6f00000)
  to   space 1536K, 0% used [0x00000000d7100000,0x00000000d7100000,0x00000000d7280000)
 ParOldGen       total 68608K, used 19633K [0x0000000080000000, 0x0000000084300000, 0x00000000d5580000)
  object space 68608K, 28% used [0x0000000080000000,0x000000008132c620,0x0000000084300000)
 Metaspace       used 34665K, committed 35840K, reserved 1114112K
  class space    used 3563K, committed 4096K, reserved 1048576K
}
Event: 6.937 GC heap after
{Heap after GC invocations=15 (full 2):
 PSYoungGen      total 26112K, used 0K [0x00000000d5580000, 0x00000000d7280000, 0x0000000100000000)
  eden space 22528K, 0% used [0x00000000d5580000,0x00000000d5580000,0x00000000d6b80000)
  from space 3584K, 0% used [0x00000000d6b80000,0x00000000d6b80000,0x00000000d6f00000)
  to   space 1536K, 0% used [0x00000000d7100000,0x00000000d7100000,0x00000000d7280000)
 ParOldGen       total 68608K, used 18696K [0x0000000080000000, 0x0000000084300000, 0x00000000d5580000)
  object space 68608K, 27% used [0x0000000080000000,0x00000000812420c8,0x0000000084300000)
 Metaspace       used 34665K, committed 35840K, reserved 1114112K
  class space    used 3563K, committed 4096K, reserved 1048576K
}
Event: 7.168 GC heap before
{Heap before GC invocations=16 (full 2):
 PSYoungGen      total 26112K, used 22528K [0x00000000d5580000, 0x00000000d7280000, 0x0000000100000000)
  eden space 22528K, 100% used [0x00000000d5580000,0x00000000d6b80000,0x00000000d6b80000)
  from space 3584K, 0% used [0x00000000d6b80000,0x00000000d6b80000,0x00000000d6f00000)
  to   space 1536K, 0% used [0x00000000d7100000,0x00000000d7100000,0x00000000d7280000)
 ParOldGen       total 68608K, used 18696K [0x0000000080000000, 0x0000000084300000, 0x00000000d5580000)
  object space 68608K, 27% used [0x0000000080000000,0x00000000812420c8,0x0000000084300000)
 Metaspace       used 36914K, committed 38080K, reserved 1114112K
  class space    used 3847K, committed 4352K, reserved 1048576K
}
Event: 7.170 GC heap after
{Heap after GC invocations=16 (full 2):
 PSYoungGen      total 23552K, used 1536K [0x00000000d5580000, 0x00000000d7280000, 0x0000000100000000)
  eden space 22016K, 0% used [0x00000000d5580000,0x00000000d5580000,0x00000000d6b00000)
  from space 1536K, 100% used [0x00000000d7100000,0x00000000d7280000,0x00000000d7280000)
  to   space 2560K, 0% used [0x00000000d6d80000,0x00000000d6d80000,0x00000000d7000000)
 ParOldGen       total 68608K, used 19064K [0x0000000080000000, 0x0000000084300000, 0x00000000d5580000)
  object space 68608K, 27% used [0x0000000080000000,0x000000008129e0c8,0x0000000084300000)
 Metaspace       used 36914K, committed 38080K, reserved 1114112K
  class space    used 3847K, committed 4352K, reserved 1048576K
}
Event: 7.407 GC heap before
{Heap before GC invocations=17 (full 2):
 PSYoungGen      total 23552K, used 23552K [0x00000000d5580000, 0x00000000d7280000, 0x0000000100000000)
  eden space 22016K, 100% used [0x00000000d5580000,0x00000000d6b00000,0x00000000d6b00000)
  from space 1536K, 100% used [0x00000000d7100000,0x00000000d7280000,0x00000000d7280000)
  to   space 2560K, 0% used [0x00000000d6d80000,0x00000000d6d80000,0x00000000d7000000)
 ParOldGen       total 68608K, used 19064K [0x0000000080000000, 0x0000000084300000, 0x00000000d5580000)
  object space 68608K, 27% used [0x0000000080000000,0x000000008129e0c8,0x0000000084300000)
 Metaspace       used 39491K, committed 40768K, reserved 1114112K
  class space    used 4163K, committed 4736K, reserved 1048576K
}
Event: 7.409 GC heap after
{Heap after GC invocations=17 (full 2):
 PSYoungGen      total 24576K, used 1213K [0x00000000d5580000, 0x00000000d7180000, 0x0000000100000000)
  eden space 22016K, 0% used [0x00000000d5580000,0x00000000d5580000,0x00000000d6b00000)
  from space 2560K, 47% used [0x00000000d6d80000,0x00000000d6eaf620,0x00000000d7000000)
  to   space 1536K, 0% used [0x00000000d7000000,0x00000000d7000000,0x00000000d7180000)
 ParOldGen       total 68608K, used 20554K [0x0000000080000000, 0x0000000084300000, 0x00000000d5580000)
  object space 68608K, 29% used [0x0000000080000000,0x00000000814129f8,0x0000000084300000)
 Metaspace       used 39491K, committed 40768K, reserved 1114112K
  class space    used 4163K, committed 4736K, reserved 1048576K
}
Event: 7.643 GC heap before
{Heap before GC invocations=18 (full 2):
 PSYoungGen      total 24576K, used 23229K [0x00000000d5580000, 0x00000000d7180000, 0x0000000100000000)
  eden space 22016K, 100% used [0x00000000d5580000,0x00000000d6b00000,0x00000000d6b00000)
  from space 2560K, 47% used [0x00000000d6d80000,0x00000000d6eaf620,0x00000000d7000000)
  to   space 1536K, 0% used [0x00000000d7000000,0x00000000d7000000,0x00000000d7180000)
 ParOldGen       total 68608K, used 20554K [0x0000000080000000, 0x0000000084300000, 0x00000000d5580000)
  object space 68608K, 29% used [0x0000000080000000,0x00000000814129f8,0x0000000084300000)
 Metaspace       used 41602K, committed 42880K, reserved 1114112K
  class space    used 4456K, committed 4992K, reserved 1048576K
}
Event: 7.648 GC heap after
{Heap after GC invocations=18 (full 2):
 PSYoungGen      total 23552K, used 1529K [0x00000000d5580000, 0x00000000d7400000, 0x0000000100000000)
  eden space 22016K, 0% used [0x00000000d5580000,0x00000000d5580000,0x00000000d6b00000)
  from space 1536K, 99% used [0x00000000d7000000,0x00000000d717e470,0x00000000d7180000)
  to   space 4608K, 0% used [0x00000000d6b00000,0x00000000d6b00000,0x00000000d6f80000)
 ParOldGen       total 68608K, used 22857K [0x0000000080000000, 0x0000000084300000, 0x00000000d5580000)
  object space 68608K, 33% used [0x0000000080000000,0x00000000816524a8,0x0000000084300000)
 Metaspace       used 41602K, committed 42880K, reserved 1114112K
  class space    used 4456K, committed 4992K, reserved 1048576K
}
Event: 7.846 GC heap before
{Heap before GC invocations=19 (full 2):
 PSYoungGen      total 23552K, used 23545K [0x00000000d5580000, 0x00000000d7400000, 0x0000000100000000)
  eden space 22016K, 100% used [0x00000000d5580000,0x00000000d6b00000,0x00000000d6b00000)
  from space 1536K, 99% used [0x00000000d7000000,0x00000000d717e470,0x00000000d7180000)
  to   space 4608K, 0% used [0x00000000d6b00000,0x00000000d6b00000,0x00000000d6f80000)
 ParOldGen       total 68608K, used 22857K [0x0000000080000000, 0x0000000084300000, 0x00000000d5580000)
  object space 68608K, 33% used [0x0000000080000000,0x00000000816524a8,0x0000000084300000)
 Metaspace       used 42458K, committed 43712K, reserved 1114112K
  class space    used 4573K, committed 5120K, reserved 1048576K
}
Event: 7.852 GC heap after
{Heap after GC invocations=19 (full 2):
 PSYoungGen      total 26624K, used 4601K [0x00000000d5580000, 0x00000000d8100000, 0x0000000100000000)
  eden space 22016K, 0% used [0x00000000d5580000,0x00000000d5580000,0x00000000d6b00000)
  from space 4608K, 99% used [0x00000000d6b00000,0x00000000d6f7e430,0x00000000d6f80000)
  to   space 11264K, 0% used [0x00000000d7600000,0x00000000d7600000,0x00000000d8100000)
 ParOldGen       total 68608K, used 27913K [0x0000000080000000, 0x0000000084300000, 0x00000000d5580000)
  object space 68608K, 40% used [0x0000000080000000,0x0000000081b42590,0x0000000084300000)
 Metaspace       used 42458K, committed 43712K, reserved 1114112K
  class space    used 4573K, committed 5120K, reserved 1048576K
}
Event: 8.145 GC heap before
{Heap before GC invocations=20 (full 2):
 PSYoungGen      total 26624K, used 26617K [0x00000000d5580000, 0x00000000d8100000, 0x0000000100000000)
  eden space 22016K, 100% used [0x00000000d5580000,0x00000000d6b00000,0x00000000d6b00000)
  from space 4608K, 99% used [0x00000000d6b00000,0x00000000d6f7e430,0x00000000d6f80000)
  to   space 11264K, 0% used [0x00000000d7600000,0x00000000d7600000,0x00000000d8100000)
 ParOldGen       total 68608K, used 27913K [0x0000000080000000, 0x0000000084300000, 0x00000000d5580000)
  object space 68608K, 40% used [0x0000000080000000,0x0000000081b42590,0x0000000084300000)
 Metaspace       used 44516K, committed 45824K, reserved 1114112K
  class space    used 4820K, committed 5376K, reserved 1048576K
}
Event: 8.149 GC heap after
{Heap after GC invocations=20 (full 2):
 PSYoungGen      total 23040K, used 864K [0x00000000d5580000, 0x00000000d7700000, 0x0000000100000000)
  eden space 22016K, 0% used [0x00000000d5580000,0x00000000d5580000,0x00000000d6b00000)
  from space 1024K, 84% used [0x00000000d7600000,0x00000000d76d8000,0x00000000d7700000)
  to   space 4096K, 0% used [0x00000000d6f00000,0x00000000d6f00000,0x00000000d7300000)
 ParOldGen       total 68608K, used 32425K [0x0000000080000000, 0x0000000084300000, 0x00000000d5580000)
  object space 68608K, 47% used [0x0000000080000000,0x0000000081faa468,0x0000000084300000)
 Metaspace       used 44516K, committed 45824K, reserved 1114112K
  class space    used 4820K, committed 5376K, reserved 1048576K
}
Event: 8.539 GC heap before
{Heap before GC invocations=21 (full 2):
 PSYoungGen      total 23040K, used 22880K [0x00000000d5580000, 0x00000000d7700000, 0x0000000100000000)
  eden space 22016K, 100% used [0x00000000d5580000,0x00000000d6b00000,0x00000000d6b00000)
  from space 1024K, 84% used [0x00000000d7600000,0x00000000d76d8000,0x00000000d7700000)
  to   space 4096K, 0% used [0x00000000d6f00000,0x00000000d6f00000,0x00000000d7300000)
 ParOldGen       total 68608K, used 32425K [0x0000000080000000, 0x0000000084300000, 0x00000000d5580000)
  object space 68608K, 47% used [0x0000000080000000,0x0000000081faa468,0x0000000084300000)
 Metaspace       used 46805K, committed 48064K, reserved 1114112K
  class space    used 5115K, committed 5696K, reserved 1048576K
}
Event: 8.542 GC heap after
{Heap after GC invocations=21 (full 2):
 PSYoungGen      total 26112K, used 1984K [0x00000000d5580000, 0x00000000d7680000, 0x0000000100000000)
  eden space 22016K, 0% used [0x00000000d5580000,0x00000000d5580000,0x00000000d6b00000)
  from space 4096K, 48% used [0x00000000d6f00000,0x00000000d70f0038,0x00000000d7300000)
  to   space 2560K, 0% used [0x00000000d7400000,0x00000000d7400000,0x00000000d7680000)
 ParOldGen       total 68608K, used 33129K [0x0000000080000000, 0x0000000084300000, 0x00000000d5580000)
  object space 68608K, 48% used [0x0000000080000000,0x000000008205a478,0x0000000084300000)
 Metaspace       used 46805K, committed 48064K, reserved 1114112K
  class space    used 5115K, committed 5696K, reserved 1048576K
}
Event: 9.071 GC heap before
{Heap before GC invocations=22 (full 2):
 PSYoungGen      total 26112K, used 24000K [0x00000000d5580000, 0x00000000d7680000, 0x0000000100000000)
  eden space 22016K, 100% used [0x00000000d5580000,0x00000000d6b00000,0x00000000d6b00000)
  from space 4096K, 48% used [0x00000000d6f00000,0x00000000d70f0038,0x00000000d7300000)
  to   space 2560K, 0% used [0x00000000d7400000,0x00000000d7400000,0x00000000d7680000)
 ParOldGen       total 68608K, used 33129K [0x0000000080000000, 0x0000000084300000, 0x00000000d5580000)
  object space 68608K, 48% used [0x0000000080000000,0x000000008205a478,0x0000000084300000)
 Metaspace       used 49254K, committed 50560K, reserved 1114112K
  class space    used 5462K, committed 6080K, reserved 1048576K
}
Event: 9.074 GC heap after
{Heap after GC invocations=22 (full 2):
 PSYoungGen      total 23552K, used 1376K [0x00000000d5580000, 0x00000000d7580000, 0x0000000100000000)
  eden space 22016K, 0% used [0x00000000d5580000,0x00000000d5580000,0x00000000d6b00000)
  from space 1536K, 89% used [0x00000000d7400000,0x00000000d7558000,0x00000000d7580000)
  to   space 2048K, 0% used [0x00000000d7180000,0x00000000d7180000,0x00000000d7380000)
 ParOldGen       total 68608K, used 34976K [0x0000000080000000, 0x0000000084300000, 0x00000000d5580000)
  object space 68608K, 50% used [0x0000000080000000,0x0000000082228200,0x0000000084300000)
 Metaspace       used 49254K, committed 50560K, reserved 1114112K
  class space    used 5462K, committed 6080K, reserved 1048576K
}
Event: 9.903 GC heap before
{Heap before GC invocations=23 (full 2):
 PSYoungGen      total 23552K, used 23392K [0x00000000d5580000, 0x00000000d7580000, 0x0000000100000000)
  eden space 22016K, 100% used [0x00000000d5580000,0x00000000d6b00000,0x00000000d6b00000)
  from space 1536K, 89% used [0x00000000d7400000,0x00000000d7558000,0x00000000d7580000)
  to   space 2048K, 0% used [0x00000000d7180000,0x00000000d7180000,0x00000000d7380000)
 ParOldGen       total 68608K, used 34976K [0x0000000080000000, 0x0000000084300000, 0x00000000d5580000)
  object space 68608K, 50% used [0x0000000080000000,0x0000000082228200,0x0000000084300000)
 Metaspace       used 51329K, committed 52672K, reserved 1114112K
  class space    used 5676K, committed 6208K, reserved 1048576K
}
Event: 9.906 GC heap after
{Heap after GC invocations=23 (full 2):
 PSYoungGen      total 23552K, used 1113K [0x00000000d5580000, 0x00000000d7480000, 0x0000000100000000)
  eden space 22016K, 0% used [0x00000000d5580000,0x00000000d5580000,0x00000000d6b00000)
  from space 1536K, 72% used [0x00000000d7180000,0x00000000d72965f0,0x00000000d7300000)
  to   space 1536K, 0% used [0x00000000d7300000,0x00000000d7300000,0x00000000d7480000)
 ParOldGen       total 68608K, used 36220K [0x0000000080000000, 0x0000000084300000, 0x00000000d5580000)
  object space 68608K, 52% used [0x0000000080000000,0x000000008235f210,0x0000000084300000)
 Metaspace       used 51329K, committed 52672K, reserved 1114112K
  class space    used 5676K, committed 6208K, reserved 1048576K
}
Event: 10.288 GC heap before
{Heap before GC invocations=24 (full 2):
 PSYoungGen      total 23552K, used 23129K [0x00000000d5580000, 0x00000000d7480000, 0x0000000100000000)
  eden space 22016K, 100% used [0x00000000d5580000,0x00000000d6b00000,0x00000000d6b00000)
  from space 1536K, 72% used [0x00000000d7180000,0x00000000d72965f0,0x00000000d7300000)
  to   space 1536K, 0% used [0x00000000d7300000,0x00000000d7300000,0x00000000d7480000)
 ParOldGen       total 68608K, used 36220K [0x0000000080000000, 0x0000000084300000, 0x00000000d5580000)
  object space 68608K, 52% used [0x0000000080000000,0x000000008235f210,0x0000000084300000)
 Metaspace       used 51451K, committed 52800K, reserved 1114112K
  class space    used 5692K, committed 6272K, reserved 1048576K
}
Event: 10.291 GC heap after
{Heap after GC invocations=24 (full 2):
 PSYoungGen      total 22528K, used 480K [0x00000000d5580000, 0x00000000d7380000, 0x0000000100000000)
  eden space 22016K, 0% used [0x00000000d5580000,0x00000000d5580000,0x00000000d6b00000)
  from space 512K, 93% used [0x00000000d7300000,0x00000000d7378000,0x00000000d7380000)
  to   space 1024K, 0% used [0x00000000d7180000,0x00000000d7180000,0x00000000d7280000)
 ParOldGen       total 68608K, used 37249K [0x0000000080000000, 0x0000000084300000, 0x00000000d5580000)
  object space 68608K, 54% used [0x0000000080000000,0x0000000082460688,0x0000000084300000)
 Metaspace       used 51451K, committed 52800K, reserved 1114112K
  class space    used 5692K, committed 6272K, reserved 1048576K
}

