# JRE version: OpenJDK Runtime Environment Temurin-21.0.9+10 (21.0.9+10) (build 21.0.9+10-LTS)
# Java VM: OpenJDK 64-Bit Server VM Temurin-21.0.9+10 (21.0.9+10-LTS, mixed mode, sharing, tiered, compressed oops, compressed class ptrs, parallel gc, windows-amd64)
GC Precious Log:
 CardTable entry size: 512
 CPUs: 8 total, 8 available
 Memory: 16221M
 Large Page Support: Disabled
 NUMA Support: Disabled
 Compressed Oops: Enabled (32-bit)
 Alignments: Space 512K, Generation 512K, Heap 2M
 Heap Min Capacity: 100M
 Heap Initial Capacity: 100M
 Heap Max Capacity: 2G
 Pre-touch: Disabled
 Parallel Workers: 8
Heap:
 PSYoungGen      total 11264K, used 2382K [0x00000000d5580000, 0x00000000d6280000, 0x0000000100000000)
  eden space 10240K, 17% used [0x00000000d5580000,0x00000000d573b8a0,0x00000000d5f80000)
  from space 1024K, 59% used [0x00000000d5f80000,0x00000000d6018020,0x00000000d6080000)
  to   space 1536K, 0% used [0x00000000d6100000,0x00000000d6100000,0x00000000d6280000)
 ParOldGen       total 961536K, used 961484K [0x0000000080000000, 0x00000000bab00000, 0x00000000d5580000)
  object space 961536K, 99% used [0x0000000080000000,0x00000000baaf3250,0x00000000bab00000)
 Metaspace       used 93740K, committed 95488K, reserved 1179648K
  class space    used 9488K, committed 10240K, reserved 1048576K
GC Heap History (20 events):
Event: 67720.956 GC heap before
{Heap before GC invocations=2314 (full 6):
 PSYoungGen      total 8704K, used 8704K [0x00000000d5580000, 0x00000000d6680000, 0x0000000100000000)
  eden space 6656K, 100% used [0x00000000d5580000,0x00000000d5c00000,0x00000000d5c00000)
  from space 2048K, 100% used [0x00000000d5c00000,0x00000000d5e00000,0x00000000d5e00000)
  to   space 4608K, 0% used [0x00000000d6200000,0x00000000d6200000,0x00000000d6680000)
 ParOldGen       total 951808K, used 951609K [0x0000000080000000, 0x00000000ba180000, 0x00000000d5580000)
  object space 951808K, 99% used [0x0000000080000000,0x00000000ba14e7d0,0x00000000ba180000)
 Metaspace       used 93721K, committed 95424K, reserved 1179648K
  class space    used 9488K, committed 10240K, reserved 1048576K
}
Event: 67720.959 GC heap after
{Heap after GC invocations=2314 (full 6):
 PSYoungGen      total 9728K, used 1496K [0x00000000d5580000, 0x00000000d6380000, 0x0000000100000000)
  eden space 8192K, 0% used [0x00000000d5580000,0x00000000d5580000,0x00000000d5d80000)
  from space 1536K, 97% used [0x00000000d6200000,0x00000000d63760b0,0x00000000d6380000)
  to   space 2560K, 0% used [0x00000000d5e80000,0x00000000d5e80000,0x00000000d6100000)
 ParOldGen       total 953344K, used 953217K [0x0000000080000000, 0x00000000ba300000, 0x00000000d5580000)
  object space 953344K, 99% used [0x0000000080000000,0x00000000ba2e07d0,0x00000000ba300000)
 Metaspace       used 93721K, committed 95424K, reserved 1179648K
  class space    used 9488K, committed 10240K, reserved 1048576K
}
Event: 67720.970 GC heap before
{Heap before GC invocations=2315 (full 6):
 PSYoungGen      total 9728K, used 9688K [0x00000000d5580000, 0x00000000d6380000, 0x0000000100000000)
  eden space 8192K, 100% used [0x00000000d5580000,0x00000000d5d80000,0x00000000d5d80000)
  from space 1536K, 97% used [0x00000000d6200000,0x00000000d63760b0,0x00000000d6380000)
  to   space 2560K, 0% used [0x00000000d5e80000,0x00000000d5e80000,0x00000000d6100000)
 ParOldGen       total 953344K, used 953217K [0x0000000080000000, 0x00000000ba300000, 0x00000000d5580000)
  object space 953344K, 99% used [0x0000000080000000,0x00000000ba2e07d0,0x00000000ba300000)
 Metaspace       used 93721K, committed 95424K, reserved 1179648K
  class space    used 9488K, committed 10240K, reserved 1048576K
}
Event: 67720.972 GC heap after
{Heap after GC invocations=2315 (full 6):
 PSYoungGen      total 11776K, used 544K [0x00000000d5580000, 0x00000000d6280000, 0x0000000100000000)
  eden space 9216K, 0% used [0x00000000d5580000,0x00000000d5580000,0x00000000d5e80000)
  from space 2560K, 21% used [0x00000000d5e80000,0x00000000d5f08000,0x00000000d6100000)
  to   space 1536K, 0% used [0x00000000d6100000,0x00000000d6100000,0x00000000d6280000)
 ParOldGen       total 953856K, used 953465K [0x0000000080000000, 0x00000000ba380000, 0x00000000d5580000)
  object space 953856K, 99% used [0x0000000080000000,0x00000000ba31e7d0,0x00000000ba380000)
 Metaspace       used 93721K, committed 95424K, reserved 1179648K
  class space    used 9488K, committed 10240K, reserved 1048576K
}
Event: 67720.979 GC heap before
{Heap before GC invocations=2316 (full 6):
 PSYoungGen      total 11776K, used 9760K [0x00000000d5580000, 0x00000000d6280000, 0x0000000100000000)
  eden space 9216K, 100% used [0x00000000d5580000,0x00000000d5e80000,0x00000000d5e80000)
  from space 2560K, 21% used [0x00000000d5e80000,0x00000000d5f08000,0x00000000d6100000)
  to   space 1536K, 0% used [0x00000000d6100000,0x00000000d6100000,0x00000000d6280000)
 ParOldGen       total 953856K, used 953465K [0x0000000080000000, 0x00000000ba380000, 0x00000000d5580000)
  object space 953856K, 99% used [0x0000000080000000,0x00000000ba31e7d0,0x00000000ba380000)
 Metaspace       used 93721K, committed 95424K, reserved 1179648K
  class space    used 9488K, committed 10240K, reserved 1048576K
}
Event: 67720.982 GC heap after
{Heap after GC invocations=2316 (full 6):
 PSYoungGen      total 10240K, used 1516K [0x00000000d5580000, 0x00000000d6680000, 0x0000000100000000)
  eden space 8704K, 0% used [0x00000000d5580000,0x00000000d5580000,0x00000000d5e00000)
  from space 1536K, 98% used [0x00000000d6100000,0x00000000d627b010,0x00000000d6280000)
  to   space 3072K, 0% used [0x00000000d5e00000,0x00000000d5e00000,0x00000000d6100000)
 ParOldGen       total 954368K, used 954340K [0x0000000080000000, 0x00000000ba400000, 0x00000000d5580000)
  object space 954368K, 99% used [0x0000000080000000,0x00000000ba3f9238,0x00000000ba400000)
 Metaspace       used 93721K, committed 95424K, reserved 1179648K
  class space    used 9488K, committed 10240K, reserved 1048576K
}
Event: 67720.988 GC heap before
{Heap before GC invocations=2317 (full 6):
 PSYoungGen      total 10240K, used 10220K [0x00000000d5580000, 0x00000000d6680000, 0x0000000100000000)
  eden space 8704K, 100% used [0x00000000d5580000,0x00000000d5e00000,0x00000000d5e00000)
  from space 1536K, 98% used [0x00000000d6100000,0x00000000d627b010,0x00000000d6280000)
  to   space 3072K, 0% used [0x00000000d5e00000,0x00000000d5e00000,0x00000000d6100000)
 ParOldGen       total 954368K, used 954340K [0x0000000080000000, 0x00000000ba400000, 0x00000000d5580000)
  object space 954368K, 99% used [0x0000000080000000,0x00000000ba3f9238,0x00000000ba400000)
 Metaspace       used 93721K, committed 95424K, reserved 1179648K
  class space    used 9488K, committed 10240K, reserved 1048576K
}
Event: 67720.990 GC heap after
{Heap after GC invocations=2317 (full 6):
 PSYoungGen      total 11776K, used 2528K [0x00000000d5580000, 0x00000000d6600000, 0x0000000100000000)
  eden space 8704K, 0% used [0x00000000d5580000,0x00000000d5580000,0x00000000d5e00000)
  from space 3072K, 82% used [0x00000000d5e00000,0x00000000d6078000,0x00000000d6100000)
  to   space 3072K, 0% used [0x00000000d6300000,0x00000000d6300000,0x00000000d6600000)
 ParOldGen       total 955904K, used 955496K [0x0000000080000000, 0x00000000ba580000, 0x00000000d5580000)
  object space 955904K, 99% used [0x0000000080000000,0x00000000ba51a268,0x00000000ba580000)
 Metaspace       used 93721K, committed 95424K, reserved 1179648K
  class space    used 9488K, committed 10240K, reserved 1048576K
}
Event: 67721.004 GC heap before
{Heap before GC invocations=2318 (full 6):
 PSYoungGen      total 11776K, used 11232K [0x00000000d5580000, 0x00000000d6600000, 0x0000000100000000)
  eden space 8704K, 100% used [0x00000000d5580000,0x00000000d5e00000,0x00000000d5e00000)
  from space 3072K, 82% used [0x00000000d5e00000,0x00000000d6078000,0x00000000d6100000)
  to   space 3072K, 0% used [0x00000000d6300000,0x00000000d6300000,0x00000000d6600000)
 ParOldGen       total 955904K, used 955496K [0x0000000080000000, 0x00000000ba580000, 0x00000000d5580000)
  object space 955904K, 99% used [0x0000000080000000,0x00000000ba51a268,0x00000000ba580000)
 Metaspace       used 93721K, committed 95424K, reserved 1179648K
  class space    used 9488K, committed 10240K, reserved 1048576K
}
Event: 67721.008 GC heap after
{Heap after GC invocations=2318 (full 6):
 PSYoungGen      total 13312K, used 2104K [0x00000000d5580000, 0x00000000d6580000, 0x0000000100000000)
  eden space 10752K, 0% used [0x00000000d5580000,0x00000000d5580000,0x00000000d6000000)
  from space 2560K, 82% used [0x00000000d6300000,0x00000000d650e0b0,0x00000000d6580000)
  to   space 2560K, 0% used [0x00000000d6080000,0x00000000d6080000,0x00000000d6300000)
 ParOldGen       total 957952K, used 957936K [0x0000000080000000, 0x00000000ba780000, 0x00000000d5580000)
  object space 957952K, 99% used [0x0000000080000000,0x00000000ba77c268,0x00000000ba780000)
 Metaspace       used 93721K, committed 95424K, reserved 1179648K
  class space    used 9488K, committed 10240K, reserved 1048576K
}
Event: 67760.651 GC heap before
{Heap before GC invocations=2319 (full 6):
 PSYoungGen      total 13312K, used 12856K [0x00000000d5580000, 0x00000000d6580000, 0x0000000100000000)
  eden space 10752K, 100% used [0x00000000d5580000,0x00000000d6000000,0x00000000d6000000)
  from space 2560K, 82% used [0x00000000d6300000,0x00000000d650e0b0,0x00000000d6580000)
  to   space 2560K, 0% used [0x00000000d6080000,0x00000000d6080000,0x00000000d6300000)
 ParOldGen       total 957952K, used 957936K [0x0000000080000000, 0x00000000ba780000, 0x00000000d5580000)
  object space 957952K, 99% used [0x0000000080000000,0x00000000ba77c268,0x00000000ba780000)
 Metaspace       used 93721K, committed 95424K, reserved 1179648K
  class space    used 9488K, committed 10240K, reserved 1048576K
}
Event: 67760.653 GC heap after
{Heap after GC invocations=2319 (full 6):
 PSYoungGen      total 11776K, used 570K [0x00000000d5580000, 0x00000000d6380000, 0x0000000100000000)
  eden space 10752K, 0% used [0x00000000d5580000,0x00000000d5580000,0x00000000d6000000)
  from space 1024K, 55% used [0x00000000d6080000,0x00000000d610e900,0x00000000d6180000)
  to   space 1536K, 0% used [0x00000000d6200000,0x00000000d6200000,0x00000000d6380000)
 ParOldGen       total 958976K, used 958592K [0x0000000080000000, 0x00000000ba880000, 0x00000000d5580000)
  object space 958976K, 99% used [0x0000000080000000,0x00000000ba820268,0x00000000ba880000)
 Metaspace       used 93721K, committed 95424K, reserved 1179648K
  class space    used 9488K, committed 10240K, reserved 1048576K
}
Event: 67761.058 GC heap before
{Heap before GC invocations=2320 (full 6):
 PSYoungGen      total 11776K, used 11322K [0x00000000d5580000, 0x00000000d6380000, 0x0000000100000000)
  eden space 10752K, 99% used [0x00000000d5580000,0x00000000d5ffffd8,0x00000000d6000000)
  from space 1024K, 55% used [0x00000000d6080000,0x00000000d610e900,0x00000000d6180000)
  to   space 1536K, 0% used [0x00000000d6200000,0x00000000d6200000,0x00000000d6380000)
 ParOldGen       total 958976K, used 958592K [0x0000000080000000, 0x00000000ba880000, 0x00000000d5580000)
  object space 958976K, 99% used [0x0000000080000000,0x00000000ba820268,0x00000000ba880000)
 Metaspace       used 93730K, committed 95424K, reserved 1179648K
  class space    used 9488K, committed 10240K, reserved 1048576K
}
Event: 67761.060 GC heap after
{Heap after GC invocations=2320 (full 6):
 PSYoungGen      total 12288K, used 1130K [0x00000000d5580000, 0x00000000d6380000, 0x0000000100000000)
  eden space 10752K, 0% used [0x00000000d5580000,0x00000000d5580000,0x00000000d6000000)
  from space 1536K, 73% used [0x00000000d6200000,0x00000000d631a910,0x00000000d6380000)
  to   space 1536K, 0% used [0x00000000d6080000,0x00000000d6080000,0x00000000d6200000)
 ParOldGen       total 959488K, used 959013K [0x0000000080000000, 0x00000000ba900000, 0x00000000d5580000)
  object space 959488K, 99% used [0x0000000080000000,0x00000000ba889478,0x00000000ba900000)
 Metaspace       used 93730K, committed 95424K, reserved 1179648K
  class space    used 9488K, committed 10240K, reserved 1048576K
}
Event: 67761.074 GC heap before
{Heap before GC invocations=2321 (full 6):
 PSYoungGen      total 12288K, used 11882K [0x00000000d5580000, 0x00000000d6380000, 0x0000000100000000)
  eden space 10752K, 100% used [0x00000000d5580000,0x00000000d6000000,0x00000000d6000000)
  from space 1536K, 73% used [0x00000000d6200000,0x00000000d631a910,0x00000000d6380000)
  to   space 1536K, 0% used [0x00000000d6080000,0x00000000d6080000,0x00000000d6200000)
 ParOldGen       total 959488K, used 959013K [0x0000000080000000, 0x00000000ba900000, 0x00000000d5580000)
  object space 959488K, 99% used [0x0000000080000000,0x00000000ba889478,0x00000000ba900000)
 Metaspace       used 93730K, committed 95424K, reserved 1179648K
  class space    used 9488K, committed 10240K, reserved 1048576K
}
Event: 67761.075 GC heap after
{Heap after GC invocations=2321 (full 6):
 PSYoungGen      total 11776K, used 692K [0x00000000d5580000, 0x00000000d6280000, 0x0000000100000000)
  eden space 10752K, 0% used [0x00000000d5580000,0x00000000d5580000,0x00000000d6000000)
  from space 1024K, 67% used [0x00000000d6080000,0x00000000d612d200,0x00000000d6180000)
  to   space 1024K, 0% used [0x00000000d6180000,0x00000000d6180000,0x00000000d6280000)
 ParOldGen       total 960000K, used 959657K [0x0000000080000000, 0x00000000ba980000, 0x00000000d5580000)
  object space 960000K, 99% used [0x0000000080000000,0x00000000ba92a480,0x00000000ba980000)
 Metaspace       used 93730K, committed 95424K, reserved 1179648K
  class space    used 9488K, committed 10240K, reserved 1048576K
}
Event: 67762.669 GC heap before
{Heap before GC invocations=2322 (full 6):
 PSYoungGen      total 11776K, used 11444K [0x00000000d5580000, 0x00000000d6280000, 0x0000000100000000)
  eden space 10752K, 99% used [0x00000000d5580000,0x00000000d5ffffe8,0x00000000d6000000)
  from space 1024K, 67% used [0x00000000d6080000,0x00000000d612d200,0x00000000d6180000)
  to   space 1024K, 0% used [0x00000000d6180000,0x00000000d6180000,0x00000000d6280000)
 ParOldGen       total 960000K, used 959657K [0x0000000080000000, 0x00000000ba980000, 0x00000000d5580000)
  object space 960000K, 99% used [0x0000000080000000,0x00000000ba92a480,0x00000000ba980000)
 Metaspace       used 93731K, committed 95424K, reserved 1179648K
  class space    used 9488K, committed 10240K, reserved 1048576K
}
Event: 67762.673 GC heap after
{Heap after GC invocations=2322 (full 6):
 PSYoungGen      total 11264K, used 1012K [0x00000000d5580000, 0x00000000d6400000, 0x0000000100000000)
  eden space 10240K, 0% used [0x00000000d5580000,0x00000000d5580000,0x00000000d5f80000)
  from space 1024K, 98% used [0x00000000d6180000,0x00000000d627d200,0x00000000d6280000)
  to   space 2048K, 0% used [0x00000000d5f80000,0x00000000d5f80000,0x00000000d6180000)
 ParOldGen       total 960512K, used 960488K [0x0000000080000000, 0x00000000baa00000, 0x00000000d5580000)
  object space 960512K, 99% used [0x0000000080000000,0x00000000ba9fa020,0x00000000baa00000)
 Metaspace       used 93731K, committed 95424K, reserved 1179648K
  class space    used 9488K, committed 10240K, reserved 1048576K
}
Event: 67973.733 GC heap before
{Heap before GC invocations=2323 (full 6):
 PSYoungGen      total 11264K, used 11252K [0x00000000d5580000, 0x00000000d6400000, 0x0000000100000000)
  eden space 10240K, 100% used [0x00000000d5580000,0x00000000d5f80000,0x00000000d5f80000)
  from space 1024K, 98% used [0x00000000d6180000,0x00000000d627d200,0x00000000d6280000)
  to   space 2048K, 0% used [0x00000000d5f80000,0x00000000d5f80000,0x00000000d6180000)
 ParOldGen       total 960512K, used 960488K [0x0000000080000000, 0x00000000baa00000, 0x00000000d5580000)
  object space 960512K, 99% used [0x0000000080000000,0x00000000ba9fa020,0x00000000baa00000)
 Metaspace       used 93739K, committed 95488K, reserved 1179648K
  class space    used 9488K, committed 10240K, reserved 1048576K
}
Event: 67973.736 GC heap after
{Heap after GC invocations=2323 (full 6):
 PSYoungGen      total 11264K, used 608K [0x00000000d5580000, 0x00000000d6280000, 0x0000000100000000)
  eden space 10240K, 0% used [0x00000000d5580000,0x00000000d5580000,0x00000000d5f80000)
  from space 1024K, 59% used [0x00000000d5f80000,0x00000000d6018020,0x00000000d6080000)
  to   space 1536K, 0% used [0x00000000d6100000,0x00000000d6100000,0x00000000d6280000)
 ParOldGen       total 961536K, used 961484K [0x0000000080000000, 0x00000000bab00000, 0x00000000d5580000)
  object space 961536K, 99% used [0x0000000080000000,0x00000000baaf3250,0x00000000bab00000)
 Metaspace       used 93739K, committed 95488K, reserved 1179648K
  class space    used 9488K, committed 10240K, reserved 1048576K
}

