# JRE version: OpenJDK Runtime Environment Temurin-21.0.9+10 (21.0.9+10) (build 21.0.9+10-LTS)
# Java VM: OpenJDK 64-Bit Server VM Temurin-21.0.9+10 (21.0.9+10-LTS, mixed mode, sharing, tiered, compressed oops, compressed class ptrs, parallel gc, windows-amd64)
GC Precious Log:
 CardTable entry size: 512
 CPUs: 8 total, 8 available
 Memory: 16221M
 Large Page Support: Disabled
 NUMA Support: Disabled
 Compressed Oops: Enabled (32-bit)
 Alignments: Space 512K, Generation 512K, Heap 2M
 Heap Min Capacity: 100M
 Heap Initial Capacity: 100M
 Heap Max Capacity: 2G
 Pre-touch: Disabled
 Parallel Workers: 8
Heap:
 PSYoungGen      total 5632K, used 5581K [0x00000000d5580000, 0x00000000d5e80000, 0x0000000100000000)
  eden space 3072K, 100% used [0x00000000d5580000,0x00000000d5880000,0x00000000d5880000)
  from space 2560K, 98% used [0x00000000d5c00000,0x00000000d5e73660,0x00000000d5e80000)
  to   space 3072K, 92% used [0x00000000d5880000,0x00000000d5b44e80,0x00000000d5b80000)
 ParOldGen       total 166400K, used 166397K [0x0000000080000000, 0x000000008a280000, 0x00000000d5580000)
  object space 166400K, 99% used [0x0000000080000000,0x000000008a27f4a8,0x000000008a280000)
 Metaspace       used 72445K, committed 74048K, reserved 1179648K
  class space    used 7601K, committed 8320K, reserved 1048576K
GC Heap History (20 events):
Event: 55.481 GC heap after
{Heap after GC invocations=245 (full 4):
 PSYoungGen      total 8192K, used 468K [0x00000000d5580000, 0x00000000d6000000, 0x0000000100000000)
  eden space 7168K, 0% used [0x00000000d5580000,0x00000000d5580000,0x00000000d5c80000)
  from space 1024K, 45% used [0x00000000d5e00000,0x00000000d5e75200,0x00000000d5f00000)
  to   space 512K, 0% used [0x00000000d5f80000,0x00000000d5f80000,0x00000000d6000000)
 ParOldGen       total 140288K, used 140007K [0x0000000080000000, 0x0000000088900000, 0x00000000d5580000)
  object space 140288K, 99% used [0x0000000080000000,0x00000000888b9d68,0x0000000088900000)
 Metaspace       used 72373K, committed 73984K, reserved 1179648K
  class space    used 7601K, committed 8320K, reserved 1048576K
}
Event: 55.889 GC heap before
{Heap before GC invocations=246 (full 4):
 PSYoungGen      total 8192K, used 7636K [0x00000000d5580000, 0x00000000d6000000, 0x0000000100000000)
  eden space 7168K, 99% used [0x00000000d5580000,0x00000000d5c7ffe0,0x00000000d5c80000)
  from space 1024K, 45% used [0x00000000d5e00000,0x00000000d5e75200,0x00000000d5f00000)
  to   space 512K, 0% used [0x00000000d5f80000,0x00000000d5f80000,0x00000000d6000000)
 ParOldGen       total 140288K, used 140007K [0x0000000080000000, 0x0000000088900000, 0x00000000d5580000)
  object space 140288K, 99% used [0x0000000080000000,0x00000000888b9d68,0x0000000088900000)
 Metaspace       used 72390K, committed 73984K, reserved 1179648K
  class space    used 7601K, committed 8320K, reserved 1048576K
}
Event: 55.891 GC heap after
{Heap after GC invocations=246 (full 4):
 PSYoungGen      total 7680K, used 494K [0x00000000d5580000, 0x00000000d6000000, 0x0000000100000000)
  eden space 7168K, 0% used [0x00000000d5580000,0x00000000d5580000,0x00000000d5c80000)
  from space 512K, 96% used [0x00000000d5f80000,0x00000000d5ffbb20,0x00000000d6000000)
  to   space 1024K, 0% used [0x00000000d5e00000,0x00000000d5e00000,0x00000000d5f00000)
 ParOldGen       total 140800K, used 140351K [0x0000000080000000, 0x0000000088980000, 0x00000000d5580000)
  object space 140800K, 99% used [0x0000000080000000,0x000000008890fd68,0x0000000088980000)
 Metaspace       used 72390K, committed 73984K, reserved 1179648K
  class space    used 7601K, committed 8320K, reserved 1048576K
}
Event: 56.297 GC heap before
{Heap before GC invocations=247 (full 4):
 PSYoungGen      total 7680K, used 7662K [0x00000000d5580000, 0x00000000d6000000, 0x0000000100000000)
  eden space 7168K, 100% used [0x00000000d5580000,0x00000000d5c80000,0x00000000d5c80000)
  from space 512K, 96% used [0x00000000d5f80000,0x00000000d5ffbb20,0x00000000d6000000)
  to   space 1024K, 0% used [0x00000000d5e00000,0x00000000d5e00000,0x00000000d5f00000)
 ParOldGen       total 140800K, used 140351K [0x0000000080000000, 0x0000000088980000, 0x00000000d5580000)
  object space 140800K, 99% used [0x0000000080000000,0x000000008890fd68,0x0000000088980000)
 Metaspace       used 72436K, committed 74048K, reserved 1179648K
  class space    used 7601K, committed 8320K, reserved 1048576K
}
Event: 56.299 GC heap after
{Heap after GC invocations=247 (full 4):
 PSYoungGen      total 8192K, used 999K [0x00000000d5580000, 0x00000000d6580000, 0x0000000100000000)
  eden space 7168K, 0% used [0x00000000d5580000,0x00000000d5580000,0x00000000d5c80000)
  from space 1024K, 97% used [0x00000000d5e00000,0x00000000d5ef9ed0,0x00000000d5f00000)
  to   space 4608K, 0% used [0x00000000d6100000,0x00000000d6100000,0x00000000d6580000)
 ParOldGen       total 143360K, used 143008K [0x0000000080000000, 0x0000000088c00000, 0x00000000d5580000)
  object space 143360K, 99% used [0x0000000080000000,0x0000000088ba8058,0x0000000088c00000)
 Metaspace       used 72436K, committed 74048K, reserved 1179648K
  class space    used 7601K, committed 8320K, reserved 1048576K
}
Event: 56.316 GC heap before
{Heap before GC invocations=248 (full 4):
 PSYoungGen      total 8192K, used 8167K [0x00000000d5580000, 0x00000000d6580000, 0x0000000100000000)
  eden space 7168K, 100% used [0x00000000d5580000,0x00000000d5c80000,0x00000000d5c80000)
  from space 1024K, 97% used [0x00000000d5e00000,0x00000000d5ef9ed0,0x00000000d5f00000)
  to   space 4608K, 0% used [0x00000000d6100000,0x00000000d6100000,0x00000000d6580000)
 ParOldGen       total 143360K, used 143008K [0x0000000080000000, 0x0000000088c00000, 0x00000000d5580000)
  object space 143360K, 99% used [0x0000000080000000,0x0000000088ba8058,0x0000000088c00000)
 Metaspace       used 72436K, committed 74048K, reserved 1179648K
  class space    used 7601K, committed 8320K, reserved 1048576K
}
Event: 56.321 GC heap after
{Heap after GC invocations=248 (full 4):
 PSYoungGen      total 7168K, used 4608K [0x00000000d5580000, 0x00000000d6e80000, 0x0000000100000000)
  eden space 2560K, 0% used [0x00000000d5580000,0x00000000d5580000,0x00000000d5800000)
  from space 4608K, 100% used [0x00000000d6100000,0x00000000d6580000,0x00000000d6580000)
  to   space 9216K, 0% used [0x00000000d5800000,0x00000000d5800000,0x00000000d6100000)
 ParOldGen       total 146944K, used 146567K [0x0000000080000000, 0x0000000088f80000, 0x00000000d5580000)
  object space 146944K, 99% used [0x0000000080000000,0x0000000088f21f38,0x0000000088f80000)
 Metaspace       used 72436K, committed 74048K, reserved 1179648K
  class space    used 7601K, committed 8320K, reserved 1048576K
}
Event: 56.326 GC heap before
{Heap before GC invocations=249 (full 4):
 PSYoungGen      total 7168K, used 7168K [0x00000000d5580000, 0x00000000d6e80000, 0x0000000100000000)
  eden space 2560K, 100% used [0x00000000d5580000,0x00000000d5800000,0x00000000d5800000)
  from space 4608K, 100% used [0x00000000d6100000,0x00000000d6580000,0x00000000d6580000)
  to   space 9216K, 0% used [0x00000000d5800000,0x00000000d5800000,0x00000000d6100000)
 ParOldGen       total 146944K, used 146567K [0x0000000080000000, 0x0000000088f80000, 0x00000000d5580000)
  object space 146944K, 99% used [0x0000000080000000,0x0000000088f21f38,0x0000000088f80000)
 Metaspace       used 72436K, committed 74048K, reserved 1179648K
  class space    used 7601K, committed 8320K, reserved 1048576K
}
Event: 57.331 GC heap after
{Heap after GC invocations=249 (full 4):
 PSYoungGen      total 5632K, used 2656K [0x00000000d5580000, 0x00000000d6280000, 0x0000000100000000)
  eden space 2560K, 0% used [0x00000000d5580000,0x00000000d5580000,0x00000000d5800000)
  from space 3072K, 86% used [0x00000000d5800000,0x00000000d5a98000,0x00000000d5b00000)
  to   space 5120K, 0% used [0x00000000d5d80000,0x00000000d5d80000,0x00000000d6280000)
 ParOldGen       total 151552K, used 151239K [0x0000000080000000, 0x0000000089400000, 0x00000000d5580000)
  object space 151552K, 99% used [0x0000000080000000,0x00000000893b1f38,0x0000000089400000)
 Metaspace       used 72436K, committed 74048K, reserved 1179648K
  class space    used 7601K, committed 8320K, reserved 1048576K
}
Event: 57.338 GC heap before
{Heap before GC invocations=250 (full 4):
 PSYoungGen      total 5632K, used 5216K [0x00000000d5580000, 0x00000000d6280000, 0x0000000100000000)
  eden space 2560K, 100% used [0x00000000d5580000,0x00000000d5800000,0x00000000d5800000)
  from space 3072K, 86% used [0x00000000d5800000,0x00000000d5a98000,0x00000000d5b00000)
  to   space 5120K, 0% used [0x00000000d5d80000,0x00000000d5d80000,0x00000000d6280000)
 ParOldGen       total 151552K, used 151239K [0x0000000080000000, 0x0000000089400000, 0x00000000d5580000)
  object space 151552K, 99% used [0x0000000080000000,0x00000000893b1f38,0x0000000089400000)
 Metaspace       used 72439K, committed 74048K, reserved 1179648K
  class space    used 7601K, committed 8320K, reserved 1048576K
}
Event: 57.340 GC heap after
{Heap after GC invocations=250 (full 4):
 PSYoungGen      total 5120K, used 1958K [0x00000000d5580000, 0x00000000d5f80000, 0x0000000100000000)
  eden space 3072K, 0% used [0x00000000d5580000,0x00000000d5580000,0x00000000d5880000)
  from space 2048K, 95% used [0x00000000d5d80000,0x00000000d5f69800,0x00000000d5f80000)
  to   space 2560K, 0% used [0x00000000d5a80000,0x00000000d5a80000,0x00000000d5d00000)
 ParOldGen       total 154112K, used 153815K [0x0000000080000000, 0x0000000089680000, 0x00000000d5580000)
  object space 154112K, 99% used [0x0000000080000000,0x0000000089635f38,0x0000000089680000)
 Metaspace       used 72439K, committed 74048K, reserved 1179648K
  class space    used 7601K, committed 8320K, reserved 1048576K
}
Event: 57.348 GC heap before
{Heap before GC invocations=251 (full 4):
 PSYoungGen      total 5120K, used 4931K [0x00000000d5580000, 0x00000000d5f80000, 0x0000000100000000)
  eden space 3072K, 96% used [0x00000000d5580000,0x00000000d58674a8,0x00000000d5880000)
  from space 2048K, 95% used [0x00000000d5d80000,0x00000000d5f69800,0x00000000d5f80000)
  to   space 2560K, 0% used [0x00000000d5a80000,0x00000000d5a80000,0x00000000d5d00000)
 ParOldGen       total 154112K, used 153815K [0x0000000080000000, 0x0000000089680000, 0x00000000d5580000)
  object space 154112K, 99% used [0x0000000080000000,0x0000000089635f38,0x0000000089680000)
 Metaspace       used 72440K, committed 74048K, reserved 1179648K
  class space    used 7601K, committed 8320K, reserved 1048576K
}
Event: 57.350 GC heap after
{Heap after GC invocations=251 (full 4):
 PSYoungGen      total 6656K, used 2240K [0x00000000d5580000, 0x00000000d5e80000, 0x0000000100000000)
  eden space 4096K, 0% used [0x00000000d5580000,0x00000000d5580000,0x00000000d5980000)
  from space 2560K, 87% used [0x00000000d5a80000,0x00000000d5cb0000,0x00000000d5d00000)
  to   space 1536K, 0% used [0x00000000d5d00000,0x00000000d5d00000,0x00000000d5e80000)
 ParOldGen       total 155648K, used 155623K [0x0000000080000000, 0x0000000089800000, 0x00000000d5580000)
  object space 155648K, 99% used [0x0000000080000000,0x00000000897f9f38,0x0000000089800000)
 Metaspace       used 72440K, committed 74048K, reserved 1179648K
  class space    used 7601K, committed 8320K, reserved 1048576K
}
Event: 57.363 GC heap before
{Heap before GC invocations=252 (full 4):
 PSYoungGen      total 6656K, used 6313K [0x00000000d5580000, 0x00000000d5e80000, 0x0000000100000000)
  eden space 4096K, 99% used [0x00000000d5580000,0x00000000d597a440,0x00000000d5980000)
  from space 2560K, 87% used [0x00000000d5a80000,0x00000000d5cb0000,0x00000000d5d00000)
  to   space 1536K, 0% used [0x00000000d5d00000,0x00000000d5d00000,0x00000000d5e80000)
 ParOldGen       total 155648K, used 155623K [0x0000000080000000, 0x0000000089800000, 0x00000000d5580000)
  object space 155648K, 99% used [0x0000000080000000,0x00000000897f9f38,0x0000000089800000)
 Metaspace       used 72440K, committed 74048K, reserved 1179648K
  class space    used 7601K, committed 8320K, reserved 1048576K
}
Event: 57.365 GC heap after
{Heap after GC invocations=252 (full 4):
 PSYoungGen      total 4096K, used 1525K [0x00000000d5580000, 0x00000000d6480000, 0x0000000100000000)
  eden space 2560K, 0% used [0x00000000d5580000,0x00000000d5580000,0x00000000d5800000)
  from space 1536K, 99% used [0x00000000d5d00000,0x00000000d5e7d710,0x00000000d5e80000)
  to   space 5120K, 0% used [0x00000000d5800000,0x00000000d5800000,0x00000000d5d00000)
 ParOldGen       total 159232K, used 158786K [0x0000000080000000, 0x0000000089b80000, 0x00000000d5580000)
  object space 159232K, 99% used [0x0000000080000000,0x0000000089b10950,0x0000000089b80000)
 Metaspace       used 72440K, committed 74048K, reserved 1179648K
  class space    used 7601K, committed 8320K, reserved 1048576K
}
Event: 57.366 GC heap before
{Heap before GC invocations=253 (full 4):
 PSYoungGen      total 4096K, used 3975K [0x00000000d5580000, 0x00000000d6480000, 0x0000000100000000)
  eden space 2560K, 95% used [0x00000000d5580000,0x00000000d57e4680,0x00000000d5800000)
  from space 1536K, 99% used [0x00000000d5d00000,0x00000000d5e7d710,0x00000000d5e80000)
  to   space 5120K, 0% used [0x00000000d5800000,0x00000000d5800000,0x00000000d5d00000)
 ParOldGen       total 159232K, used 158786K [0x0000000080000000, 0x0000000089b80000, 0x00000000d5580000)
  object space 159232K, 99% used [0x0000000080000000,0x0000000089b10950,0x0000000089b80000)
 Metaspace       used 72440K, committed 74048K, reserved 1179648K
  class space    used 7601K, committed 8320K, reserved 1048576K
}
Event: 57.368 GC heap after
{Heap after GC invocations=253 (full 4):
 PSYoungGen      total 5120K, used 2503K [0x00000000d5580000, 0x00000000d5f80000, 0x0000000100000000)
  eden space 2560K, 0% used [0x00000000d5580000,0x00000000d5580000,0x00000000d5800000)
  from space 2560K, 97% used [0x00000000d5800000,0x00000000d5a71ce8,0x00000000d5a80000)
  to   space 3584K, 0% used [0x00000000d5c00000,0x00000000d5c00000,0x00000000d5f80000)
 ParOldGen       total 160768K, used 160354K [0x0000000080000000, 0x0000000089d00000, 0x00000000d5580000)
  object space 160768K, 99% used [0x0000000080000000,0x0000000089c989d0,0x0000000089d00000)
 Metaspace       used 72440K, committed 74048K, reserved 1179648K
  class space    used 7601K, committed 8320K, reserved 1048576K
}
Event: 57.376 GC heap before
{Heap before GC invocations=254 (full 4):
 PSYoungGen      total 5120K, used 5063K [0x00000000d5580000, 0x00000000d5f80000, 0x0000000100000000)
  eden space 2560K, 100% used [0x00000000d5580000,0x00000000d5800000,0x00000000d5800000)
  from space 2560K, 97% used [0x00000000d5800000,0x00000000d5a71ce8,0x00000000d5a80000)
  to   space 3584K, 0% used [0x00000000d5c00000,0x00000000d5c00000,0x00000000d5f80000)
 ParOldGen       total 160768K, used 160354K [0x0000000080000000, 0x0000000089d00000, 0x00000000d5580000)
  object space 160768K, 99% used [0x0000000080000000,0x0000000089c989d0,0x0000000089d00000)
 Metaspace       used 72440K, committed 74048K, reserved 1179648K
  class space    used 7601K, committed 8320K, reserved 1048576K
}
Event: 57.378 GC heap after
{Heap after GC invocations=254 (full 4):
 PSYoungGen      total 5632K, used 2509K [0x00000000d5580000, 0x00000000d5e80000, 0x0000000100000000)
  eden space 3072K, 0% used [0x00000000d5580000,0x00000000d5580000,0x00000000d5880000)
  from space 2560K, 98% used [0x00000000d5c00000,0x00000000d5e73660,0x00000000d5e80000)
  to   space 3072K, 0% used [0x00000000d5880000,0x00000000d5880000,0x00000000d5b80000)
 ParOldGen       total 165376K, used 165025K [0x0000000080000000, 0x000000008a180000, 0x00000000d5580000)
  object space 165376K, 99% used [0x0000000080000000,0x000000008a1286b8,0x000000008a180000)
 Metaspace       used 72440K, committed 74048K, reserved 1179648K
  class space    used 7601K, committed 8320K, reserved 1048576K
}
Event: 57.409 GC heap before
{Heap before GC invocations=255 (full 4):
 PSYoungGen      total 5632K, used 5581K [0x00000000d5580000, 0x00000000d5e80000, 0x0000000100000000)
  eden space 3072K, 100% used [0x00000000d5580000,0x00000000d5880000,0x00000000d5880000)
  from space 2560K, 98% used [0x00000000d5c00000,0x00000000d5e73660,0x00000000d5e80000)
  to   space 3072K, 0% used [0x00000000d5880000,0x00000000d5880000,0x00000000d5b80000)
 ParOldGen       total 165376K, used 165025K [0x0000000080000000, 0x000000008a180000, 0x00000000d5580000)
  object space 165376K, 99% used [0x0000000080000000,0x000000008a1286b8,0x000000008a180000)
 Metaspace       used 72445K, committed 74048K, reserved 1179648K
  class space    used 7601K, committed 8320K, reserved 1048576K
}

