# JRE version: OpenJDK Runtime Environment Temurin-21.0.9+10 (21.0.9+10) (build 21.0.9+10-LTS)
# Java VM: OpenJDK 64-Bit Server VM Temurin-21.0.9+10 (21.0.9+10-LTS, mixed mode, sharing, tiered, compressed oops, compressed class ptrs, parallel gc, windows-amd64)
GC Precious Log:
 CardTable entry size: 512
 CPUs: 8 total, 8 available
 Memory: 16221M
 Large Page Support: Disabled
 NUMA Support: Disabled
 Compressed Oops: Enabled (32-bit)
 Alignments: Space 512K, Generation 512K, Heap 2M
 Heap Min Capacity: 100M
 Heap Initial Capacity: 100M
 Heap Max Capacity: 2G
 Pre-touch: Disabled
 Parallel Workers: 8
Heap:
 PSYoungGen      total 6656K, used 4195K [0x00000000d5580000, 0x00000000d5f80000, 0x0000000100000000)
  eden space 5632K, 56% used [0x00000000d5580000,0x00000000d589faa8,0x00000000d5b00000)
  from space 1024K, 97% used [0x00000000d5d00000,0x00000000d5df9210,0x00000000d5e00000)
  to   space 2048K, 0% used [0x00000000d5b00000,0x00000000d5b00000,0x00000000d5d00000)
 ParOldGen       total 101376K, used 74172K [0x0000000080000000, 0x0000000086300000, 0x00000000d5580000)
  object space 101376K, 73% used [0x0000000080000000,0x000000008486f010,0x0000000086300000)
 Metaspace       used 66492K, committed 68032K, reserved 1114112K
  class space    used 6988K, committed 7680K, reserved 1048576K
GC Heap History (20 events):
Event: 6102.237 GC heap after
{Heap after GC invocations=201 (full 3):
 PSYoungGen      total 6656K, used 416K [0x00000000d5580000, 0x00000000d5d80000, 0x0000000100000000)
  eden space 6144K, 0% used [0x00000000d5580000,0x00000000d5580000,0x00000000d5b80000)
  from space 512K, 81% used [0x00000000d5d00000,0x00000000d5d68020,0x00000000d5d80000)
  to   space 1024K, 0% used [0x00000000d5b80000,0x00000000d5b80000,0x00000000d5c80000)
 ParOldGen       total 101376K, used 68992K [0x0000000080000000, 0x0000000086300000, 0x00000000d5580000)
  object space 101376K, 68% used [0x0000000080000000,0x00000000843600c0,0x0000000086300000)
 Metaspace       used 63522K, committed 65024K, reserved 1114112K
  class space    used 6742K, committed 7424K, reserved 1048576K
}
Event: 6102.348 GC heap before
{Heap before GC invocations=202 (full 3):
 PSYoungGen      total 6656K, used 6560K [0x00000000d5580000, 0x00000000d5d80000, 0x0000000100000000)
  eden space 6144K, 100% used [0x00000000d5580000,0x00000000d5b80000,0x00000000d5b80000)
  from space 512K, 81% used [0x00000000d5d00000,0x00000000d5d68020,0x00000000d5d80000)
  to   space 1024K, 0% used [0x00000000d5b80000,0x00000000d5b80000,0x00000000d5c80000)
 ParOldGen       total 101376K, used 68992K [0x0000000080000000, 0x0000000086300000, 0x00000000d5580000)
  object space 101376K, 68% used [0x0000000080000000,0x00000000843600c0,0x0000000086300000)
 Metaspace       used 63666K, committed 65152K, reserved 1114112K
  class space    used 6761K, committed 7424K, reserved 1048576K
}
Event: 6102.350 GC heap after
{Heap after GC invocations=202 (full 3):
 PSYoungGen      total 7168K, used 256K [0x00000000d5580000, 0x00000000d5d80000, 0x0000000100000000)
  eden space 6144K, 0% used [0x00000000d5580000,0x00000000d5580000,0x00000000d5b80000)
  from space 1024K, 25% used [0x00000000d5b80000,0x00000000d5bc0000,0x00000000d5c80000)
  to   space 512K, 0% used [0x00000000d5d00000,0x00000000d5d00000,0x00000000d5d80000)
 ParOldGen       total 101376K, used 69332K [0x0000000080000000, 0x0000000086300000, 0x00000000d5580000)
  object space 101376K, 68% used [0x0000000080000000,0x00000000843b5370,0x0000000086300000)
 Metaspace       used 63666K, committed 65152K, reserved 1114112K
  class space    used 6761K, committed 7424K, reserved 1048576K
}
Event: 6102.468 GC heap before
{Heap before GC invocations=203 (full 3):
 PSYoungGen      total 7168K, used 6400K [0x00000000d5580000, 0x00000000d5d80000, 0x0000000100000000)
  eden space 6144K, 100% used [0x00000000d5580000,0x00000000d5b80000,0x00000000d5b80000)
  from space 1024K, 25% used [0x00000000d5b80000,0x00000000d5bc0000,0x00000000d5c80000)
  to   space 512K, 0% used [0x00000000d5d00000,0x00000000d5d00000,0x00000000d5d80000)
 ParOldGen       total 101376K, used 69332K [0x0000000080000000, 0x0000000086300000, 0x00000000d5580000)
  object space 101376K, 68% used [0x0000000080000000,0x00000000843b5370,0x0000000086300000)
 Metaspace       used 63757K, committed 65280K, reserved 1114112K
  class space    used 6769K, committed 7424K, reserved 1048576K
}
Event: 6102.470 GC heap after
{Heap after GC invocations=203 (full 3):
 PSYoungGen      total 6656K, used 510K [0x00000000d5580000, 0x00000000d5e80000, 0x0000000100000000)
  eden space 6144K, 0% used [0x00000000d5580000,0x00000000d5580000,0x00000000d5b80000)
  from space 512K, 99% used [0x00000000d5d00000,0x00000000d5d7f858,0x00000000d5d80000)
  to   space 1536K, 0% used [0x00000000d5b80000,0x00000000d5b80000,0x00000000d5d00000)
 ParOldGen       total 101376K, used 69757K [0x0000000080000000, 0x0000000086300000, 0x00000000d5580000)
  object space 101376K, 68% used [0x0000000080000000,0x000000008441f7f0,0x0000000086300000)
 Metaspace       used 63757K, committed 65280K, reserved 1114112K
  class space    used 6769K, committed 7424K, reserved 1048576K
}
Event: 6102.701 GC heap before
{Heap before GC invocations=204 (full 3):
 PSYoungGen      total 6656K, used 6654K [0x00000000d5580000, 0x00000000d5e80000, 0x0000000100000000)
  eden space 6144K, 100% used [0x00000000d5580000,0x00000000d5b80000,0x00000000d5b80000)
  from space 512K, 99% used [0x00000000d5d00000,0x00000000d5d7f858,0x00000000d5d80000)
  to   space 1536K, 0% used [0x00000000d5b80000,0x00000000d5b80000,0x00000000d5d00000)
 ParOldGen       total 101376K, used 69757K [0x0000000080000000, 0x0000000086300000, 0x00000000d5580000)
  object space 101376K, 68% used [0x0000000080000000,0x000000008441f7f0,0x0000000086300000)
 Metaspace       used 64107K, committed 65536K, reserved 1114112K
  class space    used 6801K, committed 7424K, reserved 1048576K
}
Event: 6102.704 GC heap after
{Heap after GC invocations=204 (full 3):
 PSYoungGen      total 7168K, used 795K [0x00000000d5580000, 0x00000000d5d80000, 0x0000000100000000)
  eden space 6144K, 0% used [0x00000000d5580000,0x00000000d5580000,0x00000000d5b80000)
  from space 1024K, 77% used [0x00000000d5b80000,0x00000000d5c46de0,0x00000000d5c80000)
  to   space 1024K, 0% used [0x00000000d5c80000,0x00000000d5c80000,0x00000000d5d80000)
 ParOldGen       total 101376K, used 70261K [0x0000000080000000, 0x0000000086300000, 0x00000000d5580000)
  object space 101376K, 69% used [0x0000000080000000,0x000000008449d618,0x0000000086300000)
 Metaspace       used 64107K, committed 65536K, reserved 1114112K
  class space    used 6801K, committed 7424K, reserved 1048576K
}
Event: 6102.885 GC heap before
{Heap before GC invocations=205 (full 3):
 PSYoungGen      total 7168K, used 6926K [0x00000000d5580000, 0x00000000d5d80000, 0x0000000100000000)
  eden space 6144K, 99% used [0x00000000d5580000,0x00000000d5b7cc70,0x00000000d5b80000)
  from space 1024K, 77% used [0x00000000d5b80000,0x00000000d5c46de0,0x00000000d5c80000)
  to   space 1024K, 0% used [0x00000000d5c80000,0x00000000d5c80000,0x00000000d5d80000)
 ParOldGen       total 101376K, used 70261K [0x0000000080000000, 0x0000000086300000, 0x00000000d5580000)
  object space 101376K, 69% used [0x0000000080000000,0x000000008449d618,0x0000000086300000)
 Metaspace       used 64557K, committed 66048K, reserved 1114112K
  class space    used 6840K, committed 7488K, reserved 1048576K
}
Event: 6102.887 GC heap after
{Heap after GC invocations=205 (full 3):
 PSYoungGen      total 7168K, used 723K [0x00000000d5580000, 0x00000000d5d80000, 0x0000000100000000)
  eden space 6144K, 0% used [0x00000000d5580000,0x00000000d5580000,0x00000000d5b80000)
  from space 1024K, 70% used [0x00000000d5c80000,0x00000000d5d34ec8,0x00000000d5d80000)
  to   space 1024K, 0% used [0x00000000d5b80000,0x00000000d5b80000,0x00000000d5c80000)
 ParOldGen       total 101376K, used 70889K [0x0000000080000000, 0x0000000086300000, 0x00000000d5580000)
  object space 101376K, 69% used [0x0000000080000000,0x000000008453a698,0x0000000086300000)
 Metaspace       used 64557K, committed 66048K, reserved 1114112K
  class space    used 6840K, committed 7488K, reserved 1048576K
}
Event: 6103.046 GC heap before
{Heap before GC invocations=206 (full 3):
 PSYoungGen      total 7168K, used 6867K [0x00000000d5580000, 0x00000000d5d80000, 0x0000000100000000)
  eden space 6144K, 100% used [0x00000000d5580000,0x00000000d5b80000,0x00000000d5b80000)
  from space 1024K, 70% used [0x00000000d5c80000,0x00000000d5d34ec8,0x00000000d5d80000)
  to   space 1024K, 0% used [0x00000000d5b80000,0x00000000d5b80000,0x00000000d5c80000)
 ParOldGen       total 101376K, used 70889K [0x0000000080000000, 0x0000000086300000, 0x00000000d5580000)
  object space 101376K, 69% used [0x0000000080000000,0x000000008453a698,0x0000000086300000)
 Metaspace       used 64993K, committed 66432K, reserved 1114112K
  class space    used 6870K, committed 7488K, reserved 1048576K
}
Event: 6103.048 GC heap after
{Heap after GC invocations=206 (full 3):
 PSYoungGen      total 7168K, used 672K [0x00000000d5580000, 0x00000000d5d80000, 0x0000000100000000)
  eden space 6144K, 0% used [0x00000000d5580000,0x00000000d5580000,0x00000000d5b80000)
  from space 1024K, 65% used [0x00000000d5b80000,0x00000000d5c28000,0x00000000d5c80000)
  to   space 1024K, 0% used [0x00000000d5c80000,0x00000000d5c80000,0x00000000d5d80000)
 ParOldGen       total 101376K, used 71397K [0x0000000080000000, 0x0000000086300000, 0x00000000d5580000)
  object space 101376K, 70% used [0x0000000080000000,0x00000000845b9680,0x0000000086300000)
 Metaspace       used 64993K, committed 66432K, reserved 1114112K
  class space    used 6870K, committed 7488K, reserved 1048576K
}
Event: 6103.263 GC heap before
{Heap before GC invocations=207 (full 3):
 PSYoungGen      total 7168K, used 6816K [0x00000000d5580000, 0x00000000d5d80000, 0x0000000100000000)
  eden space 6144K, 100% used [0x00000000d5580000,0x00000000d5b80000,0x00000000d5b80000)
  from space 1024K, 65% used [0x00000000d5b80000,0x00000000d5c28000,0x00000000d5c80000)
  to   space 1024K, 0% used [0x00000000d5c80000,0x00000000d5c80000,0x00000000d5d80000)
 ParOldGen       total 101376K, used 71397K [0x0000000080000000, 0x0000000086300000, 0x00000000d5580000)
  object space 101376K, 70% used [0x0000000080000000,0x00000000845b9680,0x0000000086300000)
 Metaspace       used 65592K, committed 67072K, reserved 1114112K
  class space    used 6919K, committed 7616K, reserved 1048576K
}
Event: 6103.265 GC heap after
{Heap after GC invocations=207 (full 3):
 PSYoungGen      total 7168K, used 971K [0x00000000d5580000, 0x00000000d5d80000, 0x0000000100000000)
  eden space 6144K, 0% used [0x00000000d5580000,0x00000000d5580000,0x00000000d5b80000)
  from space 1024K, 94% used [0x00000000d5c80000,0x00000000d5d72f88,0x00000000d5d80000)
  to   space 1024K, 0% used [0x00000000d5b80000,0x00000000d5b80000,0x00000000d5c80000)
 ParOldGen       total 101376K, used 71995K [0x0000000080000000, 0x0000000086300000, 0x00000000d5580000)
  object space 101376K, 71% used [0x0000000080000000,0x000000008464ef70,0x0000000086300000)
 Metaspace       used 65592K, committed 67072K, reserved 1114112K
  class space    used 6919K, committed 7616K, reserved 1048576K
}
Event: 6103.460 GC heap before
{Heap before GC invocations=208 (full 3):
 PSYoungGen      total 7168K, used 7115K [0x00000000d5580000, 0x00000000d5d80000, 0x0000000100000000)
  eden space 6144K, 100% used [0x00000000d5580000,0x00000000d5b80000,0x00000000d5b80000)
  from space 1024K, 94% used [0x00000000d5c80000,0x00000000d5d72f88,0x00000000d5d80000)
  to   space 1024K, 0% used [0x00000000d5b80000,0x00000000d5b80000,0x00000000d5c80000)
 ParOldGen       total 101376K, used 71995K [0x0000000080000000, 0x0000000086300000, 0x00000000d5580000)
  object space 101376K, 71% used [0x0000000080000000,0x000000008464ef70,0x0000000086300000)
 Metaspace       used 66025K, committed 67456K, reserved 1114112K
  class space    used 6965K, committed 7616K, reserved 1048576K
}
Event: 6103.462 GC heap after
{Heap after GC invocations=208 (full 3):
 PSYoungGen      total 7168K, used 1015K [0x00000000d5580000, 0x00000000d5f80000, 0x0000000100000000)
  eden space 6144K, 0% used [0x00000000d5580000,0x00000000d5580000,0x00000000d5b80000)
  from space 1024K, 99% used [0x00000000d5b80000,0x00000000d5c7dd90,0x00000000d5c80000)
  to   space 2048K, 0% used [0x00000000d5d80000,0x00000000d5d80000,0x00000000d5f80000)
 ParOldGen       total 101376K, used 72765K [0x0000000080000000, 0x0000000086300000, 0x00000000d5580000)
  object space 101376K, 71% used [0x0000000080000000,0x000000008470f660,0x0000000086300000)
 Metaspace       used 66025K, committed 67456K, reserved 1114112K
  class space    used 6965K, committed 7616K, reserved 1048576K
}
Event: 6103.935 GC heap before
{Heap before GC invocations=209 (full 3):
 PSYoungGen      total 7168K, used 7159K [0x00000000d5580000, 0x00000000d5f80000, 0x0000000100000000)
  eden space 6144K, 99% used [0x00000000d5580000,0x00000000d5b7ff98,0x00000000d5b80000)
  from space 1024K, 99% used [0x00000000d5b80000,0x00000000d5c7dd90,0x00000000d5c80000)
  to   space 2048K, 0% used [0x00000000d5d80000,0x00000000d5d80000,0x00000000d5f80000)
 ParOldGen       total 101376K, used 72765K [0x0000000080000000, 0x0000000086300000, 0x00000000d5580000)
  object space 101376K, 71% used [0x0000000080000000,0x000000008470f660,0x0000000086300000)
 Metaspace       used 66282K, committed 67776K, reserved 1114112K
  class space    used 6983K, committed 7680K, reserved 1048576K
}
Event: 6103.936 GC heap after
{Heap after GC invocations=209 (full 3):
 PSYoungGen      total 6656K, used 276K [0x00000000d5580000, 0x00000000d5e00000, 0x0000000100000000)
  eden space 6144K, 0% used [0x00000000d5580000,0x00000000d5580000,0x00000000d5b80000)
  from space 512K, 54% used [0x00000000d5d80000,0x00000000d5dc5220,0x00000000d5e00000)
  to   space 1024K, 0% used [0x00000000d5c00000,0x00000000d5c00000,0x00000000d5d00000)
 ParOldGen       total 101376K, used 73239K [0x0000000080000000, 0x0000000086300000, 0x00000000d5580000)
  object space 101376K, 72% used [0x0000000080000000,0x0000000084785d50,0x0000000086300000)
 Metaspace       used 66282K, committed 67776K, reserved 1114112K
  class space    used 6983K, committed 7680K, reserved 1048576K
}
Event: 6104.030 GC heap before
{Heap before GC invocations=210 (full 3):
 PSYoungGen      total 6656K, used 6420K [0x00000000d5580000, 0x00000000d5e00000, 0x0000000100000000)
  eden space 6144K, 100% used [0x00000000d5580000,0x00000000d5b80000,0x00000000d5b80000)
  from space 512K, 54% used [0x00000000d5d80000,0x00000000d5dc5220,0x00000000d5e00000)
  to   space 1024K, 0% used [0x00000000d5c00000,0x00000000d5c00000,0x00000000d5d00000)
 ParOldGen       total 101376K, used 73239K [0x0000000080000000, 0x0000000086300000, 0x00000000d5580000)
  object space 101376K, 72% used [0x0000000080000000,0x0000000084785d50,0x0000000086300000)
 Metaspace       used 66367K, committed 67904K, reserved 1114112K
  class space    used 6986K, committed 7680K, reserved 1048576K
}
Event: 6104.032 GC heap after
{Heap after GC invocations=210 (full 3):
 PSYoungGen      total 7168K, used 816K [0x00000000d5580000, 0x00000000d5e00000, 0x0000000100000000)
  eden space 6144K, 0% used [0x00000000d5580000,0x00000000d5580000,0x00000000d5b80000)
  from space 1024K, 79% used [0x00000000d5c00000,0x00000000d5ccc010,0x00000000d5d00000)
  to   space 1024K, 0% used [0x00000000d5d00000,0x00000000d5d00000,0x00000000d5e00000)
 ParOldGen       total 101376K, used 73491K [0x0000000080000000, 0x0000000086300000, 0x00000000d5580000)
  object space 101376K, 72% used [0x0000000080000000,0x00000000847c4f70,0x0000000086300000)
 Metaspace       used 66367K, committed 67904K, reserved 1114112K
  class space    used 6986K, committed 7680K, reserved 1048576K
}
Event: 6104.159 GC heap before
{Heap before GC invocations=211 (full 3):
 PSYoungGen      total 7168K, used 6960K [0x00000000d5580000, 0x00000000d5e00000, 0x0000000100000000)
  eden space 6144K, 100% used [0x00000000d5580000,0x00000000d5b80000,0x00000000d5b80000)
  from space 1024K, 79% used [0x00000000d5c00000,0x00000000d5ccc010,0x00000000d5d00000)
  to   space 1024K, 0% used [0x00000000d5d00000,0x00000000d5d00000,0x00000000d5e00000)
 ParOldGen       total 101376K, used 73491K [0x0000000080000000, 0x0000000086300000, 0x00000000d5580000)
  object space 101376K, 72% used [0x0000000080000000,0x00000000847c4f70,0x0000000086300000)
 Metaspace       used 66429K, committed 67968K, reserved 1114112K
  class space    used 6986K, committed 7680K, reserved 1048576K
}

