# JRE version: OpenJDK Runtime Environment Temurin-21.0.9+10 (21.0.9+10) (build 21.0.9+10-LTS)
# Java VM: OpenJDK 64-Bit Server VM Temurin-21.0.9+10 (21.0.9+10-LTS, mixed mode, sharing, tiered, compressed oops, compressed class ptrs, parallel gc, windows-amd64)
GC Precious Log:
 CardTable entry size: 512
 CPUs: 8 total, 8 available
 Memory: 16221M
 Large Page Support: Disabled
 NUMA Support: Disabled
 Compressed Oops: Enabled (32-bit)
 Alignments: Space 512K, Generation 512K, Heap 2M
 Heap Min Capacity: 100M
 Heap Initial Capacity: 100M
 Heap Max Capacity: 2G
 Pre-touch: Disabled
 Parallel Workers: 8
Heap:
 PSYoungGen      total 28160K, used 9371K [0x00000000d5580000, 0x00000000d7200000, 0x0000000100000000)
  eden space 27136K, 32% used [0x00000000d5580000,0x00000000d5e0ecd8,0x00000000d7000000)
  from space 1024K, 59% used [0x00000000d7100000,0x00000000d7198000,0x00000000d7200000)
  to   space 1024K, 0% used [0x00000000d7000000,0x00000000d7000000,0x00000000d7100000)
 ParOldGen       total 86528K, used 86152K [0x0000000080000000, 0x0000000085480000, 0x00000000d5580000)
  object space 86528K, 99% used [0x0000000080000000,0x00000000854222c8,0x0000000085480000)
 Metaspace       used 59693K, committed 61184K, reserved 1114112K
  class space    used 6338K, committed 7040K, reserved 1048576K
GC Heap History (20 events):
Event: 12.978 GC heap before
{Heap before GC invocations=90 (full 3):
 PSYoungGen      total 21504K, used 21056K [0x00000000d5580000, 0x00000000d6b80000, 0x0000000100000000)
  eden space 20480K, 100% used [0x00000000d5580000,0x00000000d6980000,0x00000000d6980000)
  from space 1024K, 56% used [0x00000000d6a80000,0x00000000d6b10000,0x00000000d6b80000)
  to   space 1024K, 0% used [0x00000000d6980000,0x00000000d6980000,0x00000000d6a80000)
 ParOldGen       total 76288K, used 76014K [0x0000000080000000, 0x0000000084a80000, 0x00000000d5580000)
  object space 76288K, 99% used [0x0000000080000000,0x0000000084a3ba18,0x0000000084a80000)
 Metaspace       used 59435K, committed 60992K, reserved 1114112K
  class space    used 6336K, committed 7040K, reserved 1048576K
}
Event: 12.979 GC heap after
{Heap after GC invocations=90 (full 3):
 PSYoungGen      total 21504K, used 608K [0x00000000d5580000, 0x00000000d6b80000, 0x0000000100000000)
  eden space 20480K, 0% used [0x00000000d5580000,0x00000000d5580000,0x00000000d6980000)
  from space 1024K, 59% used [0x00000000d6980000,0x00000000d6a18000,0x00000000d6a80000)
  to   space 1024K, 0% used [0x00000000d6a80000,0x00000000d6a80000,0x00000000d6b80000)
 ParOldGen       total 76800K, used 76462K [0x0000000080000000, 0x0000000084b00000, 0x00000000d5580000)
  object space 76800K, 99% used [0x0000000080000000,0x0000000084aaba18,0x0000000084b00000)
 Metaspace       used 59435K, committed 60992K, reserved 1114112K
  class space    used 6336K, committed 7040K, reserved 1048576K
}
Event: 13.000 GC heap before
{Heap before GC invocations=91 (full 3):
 PSYoungGen      total 21504K, used 21088K [0x00000000d5580000, 0x00000000d6b80000, 0x0000000100000000)
  eden space 20480K, 100% used [0x00000000d5580000,0x00000000d6980000,0x00000000d6980000)
  from space 1024K, 59% used [0x00000000d6980000,0x00000000d6a18000,0x00000000d6a80000)
  to   space 1024K, 0% used [0x00000000d6a80000,0x00000000d6a80000,0x00000000d6b80000)
 ParOldGen       total 76800K, used 76462K [0x0000000080000000, 0x0000000084b00000, 0x00000000d5580000)
  object space 76800K, 99% used [0x0000000080000000,0x0000000084aaba18,0x0000000084b00000)
 Metaspace       used 59483K, committed 60992K, reserved 1114112K
  class space    used 6337K, committed 7040K, reserved 1048576K
}
Event: 13.001 GC heap after
{Heap after GC invocations=91 (full 3):
 PSYoungGen      total 20992K, used 992K [0x00000000d5580000, 0x00000000d6c80000, 0x0000000100000000)
  eden space 19968K, 0% used [0x00000000d5580000,0x00000000d5580000,0x00000000d6900000)
  from space 1024K, 96% used [0x00000000d6a80000,0x00000000d6b78000,0x00000000d6b80000)
  to   space 1536K, 0% used [0x00000000d6900000,0x00000000d6900000,0x00000000d6a80000)
 ParOldGen       total 77312K, used 76886K [0x0000000080000000, 0x0000000084b80000, 0x00000000d5580000)
  object space 77312K, 99% used [0x0000000080000000,0x0000000084b15a18,0x0000000084b80000)
 Metaspace       used 59483K, committed 60992K, reserved 1114112K
  class space    used 6337K, committed 7040K, reserved 1048576K
}
Event: 13.015 GC heap before
{Heap before GC invocations=92 (full 3):
 PSYoungGen      total 20992K, used 20960K [0x00000000d5580000, 0x00000000d6c80000, 0x0000000100000000)
  eden space 19968K, 100% used [0x00000000d5580000,0x00000000d6900000,0x00000000d6900000)
  from space 1024K, 96% used [0x00000000d6a80000,0x00000000d6b78000,0x00000000d6b80000)
  to   space 1536K, 0% used [0x00000000d6900000,0x00000000d6900000,0x00000000d6a80000)
 ParOldGen       total 77312K, used 76886K [0x0000000080000000, 0x0000000084b80000, 0x00000000d5580000)
  object space 77312K, 99% used [0x0000000080000000,0x0000000084b15a18,0x0000000084b80000)
 Metaspace       used 59488K, committed 60992K, reserved 1114112K
  class space    used 6337K, committed 7040K, reserved 1048576K
}
Event: 13.017 GC heap after
{Heap after GC invocations=92 (full 3):
 PSYoungGen      total 20992K, used 576K [0x00000000d5580000, 0x00000000d6b00000, 0x0000000100000000)
  eden space 19968K, 0% used [0x00000000d5580000,0x00000000d5580000,0x00000000d6900000)
  from space 1024K, 56% used [0x00000000d6900000,0x00000000d6990000,0x00000000d6a00000)
  to   space 1024K, 0% used [0x00000000d6a00000,0x00000000d6a00000,0x00000000d6b00000)
 ParOldGen       total 77824K, used 77494K [0x0000000080000000, 0x0000000084c00000, 0x00000000d5580000)
  object space 77824K, 99% used [0x0000000080000000,0x0000000084bada18,0x0000000084c00000)
 Metaspace       used 59488K, committed 60992K, reserved 1114112K
  class space    used 6337K, committed 7040K, reserved 1048576K
}
Event: 13.048 GC heap before
{Heap before GC invocations=93 (full 3):
 PSYoungGen      total 20992K, used 20544K [0x00000000d5580000, 0x00000000d6b00000, 0x0000000100000000)
  eden space 19968K, 100% used [0x00000000d5580000,0x00000000d6900000,0x00000000d6900000)
  from space 1024K, 56% used [0x00000000d6900000,0x00000000d6990000,0x00000000d6a00000)
  to   space 1024K, 0% used [0x00000000d6a00000,0x00000000d6a00000,0x00000000d6b00000)
 ParOldGen       total 77824K, used 77494K [0x0000000080000000, 0x0000000084c00000, 0x00000000d5580000)
  object space 77824K, 99% used [0x0000000080000000,0x0000000084bada18,0x0000000084c00000)
 Metaspace       used 59500K, committed 61056K, reserved 1114112K
  class space    used 6337K, committed 7040K, reserved 1048576K
}
Event: 13.050 GC heap after
{Heap after GC invocations=93 (full 3):
 PSYoungGen      total 19968K, used 1024K [0x00000000d5580000, 0x00000000d6d00000, 0x0000000100000000)
  eden space 18944K, 0% used [0x00000000d5580000,0x00000000d5580000,0x00000000d6800000)
  from space 1024K, 100% used [0x00000000d6a00000,0x00000000d6b00000,0x00000000d6b00000)
  to   space 2048K, 0% used [0x00000000d6800000,0x00000000d6800000,0x00000000d6a00000)
 ParOldGen       total 78336K, used 78062K [0x0000000080000000, 0x0000000084c80000, 0x00000000d5580000)
  object space 78336K, 99% used [0x0000000080000000,0x0000000084c3ba18,0x0000000084c80000)
 Metaspace       used 59500K, committed 61056K, reserved 1114112K
  class space    used 6337K, committed 7040K, reserved 1048576K
}
Event: 13.062 GC heap before
{Heap before GC invocations=94 (full 3):
 PSYoungGen      total 19968K, used 19968K [0x00000000d5580000, 0x00000000d6d00000, 0x0000000100000000)
  eden space 18944K, 100% used [0x00000000d5580000,0x00000000d6800000,0x00000000d6800000)
  from space 1024K, 100% used [0x00000000d6a00000,0x00000000d6b00000,0x00000000d6b00000)
  to   space 2048K, 0% used [0x00000000d6800000,0x00000000d6800000,0x00000000d6a00000)
 ParOldGen       total 78336K, used 78062K [0x0000000080000000, 0x0000000084c80000, 0x00000000d5580000)
  object space 78336K, 99% used [0x0000000080000000,0x0000000084c3ba18,0x0000000084c80000)
 Metaspace       used 59505K, committed 61056K, reserved 1114112K
  class space    used 6337K, committed 7040K, reserved 1048576K
}
Event: 13.064 GC heap after
{Heap after GC invocations=94 (full 3):
 PSYoungGen      total 19968K, used 928K [0x00000000d5580000, 0x00000000d6b00000, 0x0000000100000000)
  eden space 18944K, 0% used [0x00000000d5580000,0x00000000d5580000,0x00000000d6800000)
  from space 1024K, 90% used [0x00000000d6800000,0x00000000d68e8000,0x00000000d6900000)
  to   space 1536K, 0% used [0x00000000d6980000,0x00000000d6980000,0x00000000d6b00000)
 ParOldGen       total 79360K, used 78948K [0x0000000080000000, 0x0000000084d80000, 0x00000000d5580000)
  object space 79360K, 99% used [0x0000000080000000,0x0000000084d192e8,0x0000000084d80000)
 Metaspace       used 59505K, committed 61056K, reserved 1114112K
  class space    used 6337K, committed 7040K, reserved 1048576K
}
Event: 13.081 GC heap before
{Heap before GC invocations=95 (full 3):
 PSYoungGen      total 19968K, used 19872K [0x00000000d5580000, 0x00000000d6b00000, 0x0000000100000000)
  eden space 18944K, 100% used [0x00000000d5580000,0x00000000d6800000,0x00000000d6800000)
  from space 1024K, 90% used [0x00000000d6800000,0x00000000d68e8000,0x00000000d6900000)
  to   space 1536K, 0% used [0x00000000d6980000,0x00000000d6980000,0x00000000d6b00000)
 ParOldGen       total 79360K, used 78948K [0x0000000080000000, 0x0000000084d80000, 0x00000000d5580000)
  object space 79360K, 99% used [0x0000000080000000,0x0000000084d192e8,0x0000000084d80000)
 Metaspace       used 59514K, committed 61056K, reserved 1114112K
  class space    used 6337K, committed 7040K, reserved 1048576K
}
Event: 13.082 GC heap after
{Heap after GC invocations=95 (full 3):
 PSYoungGen      total 20480K, used 1344K [0x00000000d5580000, 0x00000000d6b00000, 0x0000000100000000)
  eden space 18944K, 0% used [0x00000000d5580000,0x00000000d5580000,0x00000000d6800000)
  from space 1536K, 87% used [0x00000000d6980000,0x00000000d6ad0000,0x00000000d6b00000)
  to   space 1536K, 0% used [0x00000000d6800000,0x00000000d6800000,0x00000000d6980000)
 ParOldGen       total 79872K, used 79740K [0x0000000080000000, 0x0000000084e00000, 0x00000000d5580000)
  object space 79872K, 99% used [0x0000000080000000,0x0000000084ddf2f8,0x0000000084e00000)
 Metaspace       used 59514K, committed 61056K, reserved 1114112K
  class space    used 6337K, committed 7040K, reserved 1048576K
}
Event: 13.095 GC heap before
{Heap before GC invocations=96 (full 3):
 PSYoungGen      total 20480K, used 20288K [0x00000000d5580000, 0x00000000d6b00000, 0x0000000100000000)
  eden space 18944K, 100% used [0x00000000d5580000,0x00000000d6800000,0x00000000d6800000)
  from space 1536K, 87% used [0x00000000d6980000,0x00000000d6ad0000,0x00000000d6b00000)
  to   space 1536K, 0% used [0x00000000d6800000,0x00000000d6800000,0x00000000d6980000)
 ParOldGen       total 79872K, used 79740K [0x0000000080000000, 0x0000000084e00000, 0x00000000d5580000)
  object space 79872K, 99% used [0x0000000080000000,0x0000000084ddf2f8,0x0000000084e00000)
 Metaspace       used 59521K, committed 61056K, reserved 1114112K
  class space    used 6337K, committed 7040K, reserved 1048576K
}
Event: 15.125 GC heap after
{Heap after GC invocations=96 (full 3):
 PSYoungGen      total 20480K, used 1024K [0x00000000d5580000, 0x00000000d6f00000, 0x0000000100000000)
  eden space 18944K, 0% used [0x00000000d5580000,0x00000000d5580000,0x00000000d6800000)
  from space 1536K, 66% used [0x00000000d6800000,0x00000000d6900000,0x00000000d6980000)
  to   space 1536K, 0% used [0x00000000d6d80000,0x00000000d6d80000,0x00000000d6f00000)
 ParOldGen       total 80896K, used 80612K [0x0000000080000000, 0x0000000084f00000, 0x00000000d5580000)
  object space 80896K, 99% used [0x0000000080000000,0x0000000084eb9308,0x0000000084f00000)
 Metaspace       used 59521K, committed 61056K, reserved 1114112K
  class space    used 6337K, committed 7040K, reserved 1048576K
}
Event: 15.137 GC heap before
{Heap before GC invocations=97 (full 3):
 PSYoungGen      total 20480K, used 19968K [0x00000000d5580000, 0x00000000d6f00000, 0x0000000100000000)
  eden space 18944K, 100% used [0x00000000d5580000,0x00000000d6800000,0x00000000d6800000)
  from space 1536K, 66% used [0x00000000d6800000,0x00000000d6900000,0x00000000d6980000)
  to   space 1536K, 0% used [0x00000000d6d80000,0x00000000d6d80000,0x00000000d6f00000)
 ParOldGen       total 80896K, used 80612K [0x0000000080000000, 0x0000000084f00000, 0x00000000d5580000)
  object space 80896K, 99% used [0x0000000080000000,0x0000000084eb9308,0x0000000084f00000)
 Metaspace       used 59532K, committed 61056K, reserved 1114112K
  class space    used 6337K, committed 7040K, reserved 1048576K
}
Event: 15.138 GC heap after
{Heap after GC invocations=97 (full 3):
 PSYoungGen      total 24576K, used 1328K [0x00000000d5580000, 0x00000000d6f00000, 0x0000000100000000)
  eden space 23040K, 0% used [0x00000000d5580000,0x00000000d5580000,0x00000000d6c00000)
  from space 1536K, 86% used [0x00000000d6d80000,0x00000000d6ecc010,0x00000000d6f00000)
  to   space 1536K, 0% used [0x00000000d6c00000,0x00000000d6c00000,0x00000000d6d80000)
 ParOldGen       total 81920K, used 81504K [0x0000000080000000, 0x0000000085000000, 0x00000000d5580000)
  object space 81920K, 99% used [0x0000000080000000,0x0000000084f98328,0x0000000085000000)
 Metaspace       used 59532K, committed 61056K, reserved 1114112K
  class space    used 6337K, committed 7040K, reserved 1048576K
}
Event: 15.155 GC heap before
{Heap before GC invocations=98 (full 3):
 PSYoungGen      total 24576K, used 24368K [0x00000000d5580000, 0x00000000d6f00000, 0x0000000100000000)
  eden space 23040K, 100% used [0x00000000d5580000,0x00000000d6c00000,0x00000000d6c00000)
  from space 1536K, 86% used [0x00000000d6d80000,0x00000000d6ecc010,0x00000000d6f00000)
  to   space 1536K, 0% used [0x00000000d6c00000,0x00000000d6c00000,0x00000000d6d80000)
 ParOldGen       total 81920K, used 81504K [0x0000000080000000, 0x0000000085000000, 0x00000000d5580000)
  object space 81920K, 99% used [0x0000000080000000,0x0000000084f98328,0x0000000085000000)
 Metaspace       used 59558K, committed 61056K, reserved 1114112K
  class space    used 6337K, committed 7040K, reserved 1048576K
}
Event: 15.157 GC heap after
{Heap after GC invocations=98 (full 3):
 PSYoungGen      total 24064K, used 1248K [0x00000000d5580000, 0x00000000d6e80000, 0x0000000100000000)
  eden space 22528K, 0% used [0x00000000d5580000,0x00000000d5580000,0x00000000d6b80000)
  from space 1536K, 81% used [0x00000000d6c00000,0x00000000d6d38000,0x00000000d6d80000)
  to   space 1024K, 0% used [0x00000000d6d80000,0x00000000d6d80000,0x00000000d6e80000)
 ParOldGen       total 82432K, used 82307K [0x0000000080000000, 0x0000000085080000, 0x00000000d5580000)
  object space 82432K, 99% used [0x0000000080000000,0x0000000085060f30,0x0000000085080000)
 Metaspace       used 59558K, committed 61056K, reserved 1114112K
  class space    used 6337K, committed 7040K, reserved 1048576K
}
Event: 15.169 GC heap before
{Heap before GC invocations=99 (full 3):
 PSYoungGen      total 24064K, used 23776K [0x00000000d5580000, 0x00000000d6e80000, 0x0000000100000000)
  eden space 22528K, 100% used [0x00000000d5580000,0x00000000d6b80000,0x00000000d6b80000)
  from space 1536K, 81% used [0x00000000d6c00000,0x00000000d6d38000,0x00000000d6d80000)
  to   space 1024K, 0% used [0x00000000d6d80000,0x00000000d6d80000,0x00000000d6e80000)
 ParOldGen       total 82432K, used 82307K [0x0000000080000000, 0x0000000085080000, 0x00000000d5580000)
  object space 82432K, 99% used [0x0000000080000000,0x0000000085060f30,0x0000000085080000)
 Metaspace       used 59559K, committed 61056K, reserved 1114112K
  class space    used 6337K, committed 7040K, reserved 1048576K
}
Event: 15.170 GC heap after
{Heap after GC invocations=99 (full 3):
 PSYoungGen      total 23040K, used 1008K [0x00000000d5580000, 0x00000000d7000000, 0x0000000100000000)
  eden space 22016K, 0% used [0x00000000d5580000,0x00000000d5580000,0x00000000d6b00000)
  from space 1024K, 98% used [0x00000000d6d80000,0x00000000d6e7c010,0x00000000d6e80000)
  to   space 2560K, 0% used [0x00000000d6b00000,0x00000000d6b00000,0x00000000d6d80000)
 ParOldGen       total 83456K, used 83367K [0x0000000080000000, 0x0000000085180000, 0x00000000d5580000)
  object space 83456K, 99% used [0x0000000080000000,0x0000000085169f50,0x0000000085180000)
 Metaspace       used 59559K, committed 61056K, reserved 1114112K
  class space    used 6337K, committed 7040K, reserved 1048576K
}

