# JRE version: OpenJDK Runtime Environment Temurin-21.0.9+10 (21.0.9+10) (build 21.0.9+10-LTS)
# Java VM: OpenJDK 64-Bit Server VM Temurin-21.0.9+10 (21.0.9+10-LTS, mixed mode, sharing, tiered, compressed oops, compressed class ptrs, parallel gc, windows-amd64)
GC Precious Log:
 CardTable entry size: 512
 CPUs: 8 total, 8 available
 Memory: 16221M
 Large Page Support: Disabled
 NUMA Support: Disabled
 Compressed Oops: Enabled (32-bit)
 Alignments: Space 512K, Generation 512K, Heap 2M
 Heap Min Capacity: 100M
 Heap Initial Capacity: 100M
 Heap Max Capacity: 2G
 Pre-touch: Disabled
 Parallel Workers: 8
Heap:
 PSYoungGen      total 23552K, used 11046K [0x00000000d5580000, 0x00000000d7000000, 0x0000000100000000)
  eden space 20480K, 40% used [0x00000000d5580000,0x00000000d5d8b010,0x00000000d6980000)
  from space 3072K, 91% used [0x00000000d6d00000,0x00000000d6fbe920,0x00000000d7000000)
  to   space 3072K, 0% used [0x00000000d6a00000,0x00000000d6a00000,0x00000000d6d00000)
 ParOldGen       total 100352K, used 100055K [0x0000000080000000, 0x0000000086200000, 0x00000000d5580000)
  object space 100352K, 99% used [0x0000000080000000,0x00000000861b5d80,0x0000000086200000)
 Metaspace       used 70929K, committed 72576K, reserved 1114112K
  class space    used 7451K, committed 8192K, reserved 1048576K
GC Heap History (20 events):
Event: 13.441 GC heap before
{Heap before GC invocations=90 (full 3):
 PSYoungGen      total 21504K, used 21184K [0x00000000d5580000, 0x00000000d6d00000, 0x0000000100000000)
  eden space 20480K, 100% used [0x00000000d5580000,0x00000000d6980000,0x00000000d6980000)
  from space 1024K, 68% used [0x00000000d6c00000,0x00000000d6cb0000,0x00000000d6d00000)
  to   space 1536K, 0% used [0x00000000d6a00000,0x00000000d6a00000,0x00000000d6b80000)
 ParOldGen       total 88064K, used 88060K [0x0000000080000000, 0x0000000085600000, 0x00000000d5580000)
  object space 88064K, 99% used [0x0000000080000000,0x00000000855ff260,0x0000000085600000)
 Metaspace       used 67600K, committed 69184K, reserved 1114112K
  class space    used 7131K, committed 7872K, reserved 1048576K
}
Event: 13.444 GC heap after
{Heap after GC invocations=90 (full 3):
 PSYoungGen      total 22016K, used 1536K [0x00000000d5580000, 0x00000000d6f80000, 0x0000000100000000)
  eden space 20480K, 0% used [0x00000000d5580000,0x00000000d5580000,0x00000000d6980000)
  from space 1536K, 100% used [0x00000000d6a00000,0x00000000d6b80000,0x00000000d6b80000)
  to   space 3072K, 0% used [0x00000000d6c80000,0x00000000d6c80000,0x00000000d6f80000)
 ParOldGen       total 89600K, used 89123K [0x0000000080000000, 0x0000000085780000, 0x00000000d5580000)
  object space 89600K, 99% used [0x0000000080000000,0x0000000085708cf8,0x0000000085780000)
 Metaspace       used 67600K, committed 69184K, reserved 1114112K
  class space    used 7131K, committed 7872K, reserved 1048576K
}
Event: 13.628 GC heap before
{Heap before GC invocations=91 (full 3):
 PSYoungGen      total 22016K, used 22016K [0x00000000d5580000, 0x00000000d6f80000, 0x0000000100000000)
  eden space 20480K, 100% used [0x00000000d5580000,0x00000000d6980000,0x00000000d6980000)
  from space 1536K, 100% used [0x00000000d6a00000,0x00000000d6b80000,0x00000000d6b80000)
  to   space 3072K, 0% used [0x00000000d6c80000,0x00000000d6c80000,0x00000000d6f80000)
 ParOldGen       total 89600K, used 89123K [0x0000000080000000, 0x0000000085780000, 0x00000000d5580000)
  object space 89600K, 99% used [0x0000000080000000,0x0000000085708cf8,0x0000000085780000)
 Metaspace       used 67790K, committed 69440K, reserved 1114112K
  class space    used 7133K, committed 7872K, reserved 1048576K
}
Event: 13.631 GC heap after
{Heap after GC invocations=91 (full 3):
 PSYoungGen      total 22016K, used 1280K [0x00000000d5580000, 0x00000000d6e00000, 0x0000000100000000)
  eden space 20480K, 0% used [0x00000000d5580000,0x00000000d5580000,0x00000000d6980000)
  from space 1536K, 83% used [0x00000000d6c80000,0x00000000d6dc0000,0x00000000d6e00000)
  to   space 2048K, 0% used [0x00000000d6a00000,0x00000000d6a00000,0x00000000d6c00000)
 ParOldGen       total 90624K, used 90409K [0x0000000080000000, 0x0000000085880000, 0x00000000d5580000)
  object space 90624K, 99% used [0x0000000080000000,0x000000008584a4d8,0x0000000085880000)
 Metaspace       used 67790K, committed 69440K, reserved 1114112K
  class space    used 7133K, committed 7872K, reserved 1048576K
}
Event: 13.759 GC heap before
{Heap before GC invocations=92 (full 3):
 PSYoungGen      total 22016K, used 21759K [0x00000000d5580000, 0x00000000d6e00000, 0x0000000100000000)
  eden space 20480K, 99% used [0x00000000d5580000,0x00000000d697fc30,0x00000000d6980000)
  from space 1536K, 83% used [0x00000000d6c80000,0x00000000d6dc0000,0x00000000d6e00000)
  to   space 2048K, 0% used [0x00000000d6a00000,0x00000000d6a00000,0x00000000d6c00000)
 ParOldGen       total 90624K, used 90409K [0x0000000080000000, 0x0000000085880000, 0x00000000d5580000)
  object space 90624K, 99% used [0x0000000080000000,0x000000008584a4d8,0x0000000085880000)
 Metaspace       used 68121K, committed 69760K, reserved 1114112K
  class space    used 7184K, committed 7936K, reserved 1048576K
}
Event: 13.762 GC heap after
{Heap after GC invocations=92 (full 3):
 PSYoungGen      total 22528K, used 2048K [0x00000000d5580000, 0x00000000d7180000, 0x0000000100000000)
  eden space 20480K, 0% used [0x00000000d5580000,0x00000000d5580000,0x00000000d6980000)
  from space 2048K, 100% used [0x00000000d6a00000,0x00000000d6c00000,0x00000000d6c00000)
  to   space 4096K, 0% used [0x00000000d6d80000,0x00000000d6d80000,0x00000000d7180000)
 ParOldGen       total 92160K, used 91793K [0x0000000080000000, 0x0000000085a00000, 0x00000000d5580000)
  object space 92160K, 99% used [0x0000000080000000,0x00000000859a44d8,0x0000000085a00000)
 Metaspace       used 68121K, committed 69760K, reserved 1114112K
  class space    used 7184K, committed 7936K, reserved 1048576K
}
Event: 13.930 GC heap before
{Heap before GC invocations=93 (full 3):
 PSYoungGen      total 22528K, used 22528K [0x00000000d5580000, 0x00000000d7180000, 0x0000000100000000)
  eden space 20480K, 100% used [0x00000000d5580000,0x00000000d6980000,0x00000000d6980000)
  from space 2048K, 100% used [0x00000000d6a00000,0x00000000d6c00000,0x00000000d6c00000)
  to   space 4096K, 0% used [0x00000000d6d80000,0x00000000d6d80000,0x00000000d7180000)
 ParOldGen       total 92160K, used 91793K [0x0000000080000000, 0x0000000085a00000, 0x00000000d5580000)
  object space 92160K, 99% used [0x0000000080000000,0x00000000859a44d8,0x0000000085a00000)
 Metaspace       used 68267K, committed 69888K, reserved 1114112K
  class space    used 7185K, committed 7936K, reserved 1048576K
}
Event: 13.932 GC heap after
{Heap after GC invocations=93 (full 3):
 PSYoungGen      total 22528K, used 1568K [0x00000000d5580000, 0x00000000d6f80000, 0x0000000100000000)
  eden space 20480K, 0% used [0x00000000d5580000,0x00000000d5580000,0x00000000d6980000)
  from space 2048K, 76% used [0x00000000d6d80000,0x00000000d6f08000,0x00000000d6f80000)
  to   space 2560K, 0% used [0x00000000d6a80000,0x00000000d6a80000,0x00000000d6d00000)
 ParOldGen       total 93696K, used 93342K [0x0000000080000000, 0x0000000085b80000, 0x00000000d5580000)
  object space 93696K, 99% used [0x0000000080000000,0x0000000085b279b8,0x0000000085b80000)
 Metaspace       used 68267K, committed 69888K, reserved 1114112K
  class space    used 7185K, committed 7936K, reserved 1048576K
}
Event: 13.990 GC heap before
{Heap before GC invocations=94 (full 3):
 PSYoungGen      total 22528K, used 22048K [0x00000000d5580000, 0x00000000d6f80000, 0x0000000100000000)
  eden space 20480K, 100% used [0x00000000d5580000,0x00000000d6980000,0x00000000d6980000)
  from space 2048K, 76% used [0x00000000d6d80000,0x00000000d6f08000,0x00000000d6f80000)
  to   space 2560K, 0% used [0x00000000d6a80000,0x00000000d6a80000,0x00000000d6d00000)
 ParOldGen       total 93696K, used 93342K [0x0000000080000000, 0x0000000085b80000, 0x00000000d5580000)
  object space 93696K, 99% used [0x0000000080000000,0x0000000085b279b8,0x0000000085b80000)
 Metaspace       used 68324K, committed 69952K, reserved 1114112K
  class space    used 7186K, committed 7936K, reserved 1048576K
}
Event: 13.993 GC heap after
{Heap after GC invocations=94 (full 3):
 PSYoungGen      total 22016K, used 1184K [0x00000000d5580000, 0x00000000d6e00000, 0x0000000100000000)
  eden space 20480K, 0% used [0x00000000d5580000,0x00000000d5580000,0x00000000d6980000)
  from space 1536K, 77% used [0x00000000d6a80000,0x00000000d6ba8000,0x00000000d6c00000)
  to   space 1536K, 0% used [0x00000000d6c80000,0x00000000d6c80000,0x00000000d6e00000)
 ParOldGen       total 94720K, used 94563K [0x0000000080000000, 0x0000000085c80000, 0x00000000d5580000)
  object space 94720K, 99% used [0x0000000080000000,0x0000000085c58dd0,0x0000000085c80000)
 Metaspace       used 68324K, committed 69952K, reserved 1114112K
  class space    used 7186K, committed 7936K, reserved 1048576K
}
Event: 14.237 GC heap before
{Heap before GC invocations=95 (full 3):
 PSYoungGen      total 22016K, used 21384K [0x00000000d5580000, 0x00000000d6e00000, 0x0000000100000000)
  eden space 20480K, 98% used [0x00000000d5580000,0x00000000d693a070,0x00000000d6980000)
  from space 1536K, 77% used [0x00000000d6a80000,0x00000000d6ba8000,0x00000000d6c00000)
  to   space 1536K, 0% used [0x00000000d6c80000,0x00000000d6c80000,0x00000000d6e00000)
 ParOldGen       total 94720K, used 94563K [0x0000000080000000, 0x0000000085c80000, 0x00000000d5580000)
  object space 94720K, 99% used [0x0000000080000000,0x0000000085c58dd0,0x0000000085c80000)
 Metaspace       used 68852K, committed 70528K, reserved 1114112K
  class space    used 7225K, committed 8000K, reserved 1048576K
}
Event: 14.239 GC heap after
{Heap after GC invocations=95 (full 3):
 PSYoungGen      total 22016K, used 1280K [0x00000000d5580000, 0x00000000d6e00000, 0x0000000100000000)
  eden space 20480K, 0% used [0x00000000d5580000,0x00000000d5580000,0x00000000d6980000)
  from space 1536K, 83% used [0x00000000d6c80000,0x00000000d6dc0020,0x00000000d6e00000)
  to   space 1536K, 0% used [0x00000000d6a80000,0x00000000d6a80000,0x00000000d6c00000)
 ParOldGen       total 95744K, used 95347K [0x0000000080000000, 0x0000000085d80000, 0x00000000d5580000)
  object space 95744K, 99% used [0x0000000080000000,0x0000000085d1cdd0,0x0000000085d80000)
 Metaspace       used 68852K, committed 70528K, reserved 1114112K
  class space    used 7225K, committed 8000K, reserved 1048576K
}
Event: 14.532 GC heap before
{Heap before GC invocations=96 (full 3):
 PSYoungGen      total 22016K, used 21760K [0x00000000d5580000, 0x00000000d6e00000, 0x0000000100000000)
  eden space 20480K, 100% used [0x00000000d5580000,0x00000000d6980000,0x00000000d6980000)
  from space 1536K, 83% used [0x00000000d6c80000,0x00000000d6dc0020,0x00000000d6e00000)
  to   space 1536K, 0% used [0x00000000d6a80000,0x00000000d6a80000,0x00000000d6c00000)
 ParOldGen       total 95744K, used 95347K [0x0000000080000000, 0x0000000085d80000, 0x00000000d5580000)
  object space 95744K, 99% used [0x0000000080000000,0x0000000085d1cdd0,0x0000000085d80000)
 Metaspace       used 69168K, committed 70784K, reserved 1114112K
  class space    used 7272K, committed 8000K, reserved 1048576K
}
Event: 14.535 GC heap after
{Heap after GC invocations=96 (full 3):
 PSYoungGen      total 22016K, used 1312K [0x00000000d5580000, 0x00000000d6d00000, 0x0000000100000000)
  eden space 20480K, 0% used [0x00000000d5580000,0x00000000d5580000,0x00000000d6980000)
  from space 1536K, 85% used [0x00000000d6a80000,0x00000000d6bc8000,0x00000000d6c00000)
  to   space 1024K, 0% used [0x00000000d6c00000,0x00000000d6c00000,0x00000000d6d00000)
 ParOldGen       total 96768K, used 96354K [0x0000000080000000, 0x0000000085e80000, 0x00000000d5580000)
  object space 96768K, 99% used [0x0000000080000000,0x0000000085e18888,0x0000000085e80000)
 Metaspace       used 69168K, committed 70784K, reserved 1114112K
  class space    used 7272K, committed 8000K, reserved 1048576K
}
Event: 14.813 GC heap before
{Heap before GC invocations=97 (full 3):
 PSYoungGen      total 22016K, used 21792K [0x00000000d5580000, 0x00000000d6d00000, 0x0000000100000000)
  eden space 20480K, 100% used [0x00000000d5580000,0x00000000d6980000,0x00000000d6980000)
  from space 1536K, 85% used [0x00000000d6a80000,0x00000000d6bc8000,0x00000000d6c00000)
  to   space 1024K, 0% used [0x00000000d6c00000,0x00000000d6c00000,0x00000000d6d00000)
 ParOldGen       total 96768K, used 96354K [0x0000000080000000, 0x0000000085e80000, 0x00000000d5580000)
  object space 96768K, 99% used [0x0000000080000000,0x0000000085e18888,0x0000000085e80000)
 Metaspace       used 70220K, committed 71936K, reserved 1114112K
  class space    used 7392K, committed 8128K, reserved 1048576K
}
Event: 14.815 GC heap after
{Heap after GC invocations=97 (full 3):
 PSYoungGen      total 21504K, used 949K [0x00000000d5580000, 0x00000000d6d00000, 0x0000000100000000)
  eden space 20480K, 0% used [0x00000000d5580000,0x00000000d5580000,0x00000000d6980000)
  from space 1024K, 92% used [0x00000000d6c00000,0x00000000d6ced450,0x00000000d6d00000)
  to   space 1536K, 0% used [0x00000000d6a00000,0x00000000d6a00000,0x00000000d6b80000)
 ParOldGen       total 97280K, used 96906K [0x0000000080000000, 0x0000000085f00000, 0x00000000d5580000)
  object space 97280K, 99% used [0x0000000080000000,0x0000000085ea2888,0x0000000085f00000)
 Metaspace       used 70220K, committed 71936K, reserved 1114112K
  class space    used 7392K, committed 8128K, reserved 1048576K
}
Event: 15.004 GC heap before
{Heap before GC invocations=98 (full 3):
 PSYoungGen      total 21504K, used 21429K [0x00000000d5580000, 0x00000000d6d00000, 0x0000000100000000)
  eden space 20480K, 100% used [0x00000000d5580000,0x00000000d6980000,0x00000000d6980000)
  from space 1024K, 92% used [0x00000000d6c00000,0x00000000d6ced450,0x00000000d6d00000)
  to   space 1536K, 0% used [0x00000000d6a00000,0x00000000d6a00000,0x00000000d6b80000)
 ParOldGen       total 97280K, used 96906K [0x0000000080000000, 0x0000000085f00000, 0x00000000d5580000)
  object space 97280K, 99% used [0x0000000080000000,0x0000000085ea2888,0x0000000085f00000)
 Metaspace       used 70625K, committed 72384K, reserved 1114112K
  class space    used 7422K, committed 8192K, reserved 1048576K
}
Event: 15.007 GC heap after
{Heap after GC invocations=98 (full 3):
 PSYoungGen      total 22016K, used 1532K [0x00000000d5580000, 0x00000000d7080000, 0x0000000100000000)
  eden space 20480K, 0% used [0x00000000d5580000,0x00000000d5580000,0x00000000d6980000)
  from space 1536K, 99% used [0x00000000d6a00000,0x00000000d6b7f0b0,0x00000000d6b80000)
  to   space 3584K, 0% used [0x00000000d6d00000,0x00000000d6d00000,0x00000000d7080000)
 ParOldGen       total 98816K, used 98526K [0x0000000080000000, 0x0000000086080000, 0x00000000d5580000)
  object space 98816K, 99% used [0x0000000080000000,0x0000000086037a40,0x0000000086080000)
 Metaspace       used 70625K, committed 72384K, reserved 1114112K
  class space    used 7422K, committed 8192K, reserved 1048576K
}
Event: 15.168 GC heap before
{Heap before GC invocations=99 (full 3):
 PSYoungGen      total 22016K, used 21902K [0x00000000d5580000, 0x00000000d7080000, 0x0000000100000000)
  eden space 20480K, 99% used [0x00000000d5580000,0x00000000d69647a0,0x00000000d6980000)
  from space 1536K, 99% used [0x00000000d6a00000,0x00000000d6b7f0b0,0x00000000d6b80000)
  to   space 3584K, 0% used [0x00000000d6d00000,0x00000000d6d00000,0x00000000d7080000)
 ParOldGen       total 98816K, used 98526K [0x0000000080000000, 0x0000000086080000, 0x00000000d5580000)
  object space 98816K, 99% used [0x0000000080000000,0x0000000086037a40,0x0000000086080000)
 Metaspace       used 70676K, committed 72448K, reserved 1114112K
  class space    used 7422K, committed 8192K, reserved 1048576K
}
Event: 15.171 GC heap after
{Heap after GC invocations=99 (full 3):
 PSYoungGen      total 23552K, used 2810K [0x00000000d5580000, 0x00000000d7000000, 0x0000000100000000)
  eden space 20480K, 0% used [0x00000000d5580000,0x00000000d5580000,0x00000000d6980000)
  from space 3072K, 91% used [0x00000000d6d00000,0x00000000d6fbe920,0x00000000d7000000)
  to   space 3072K, 0% used [0x00000000d6a00000,0x00000000d6a00000,0x00000000d6d00000)
 ParOldGen       total 100352K, used 100055K [0x0000000080000000, 0x0000000086200000, 0x00000000d5580000)
  object space 100352K, 99% used [0x0000000080000000,0x00000000861b5d80,0x0000000086200000)
 Metaspace       used 70676K, committed 72448K, reserved 1114112K
  class space    used 7422K, committed 8192K, reserved 1048576K
}

