# JRE version: OpenJDK Runtime Environment Temurin-21.0.9+10 (21.0.9+10) (build 21.0.9+10-LTS)
# Java VM: OpenJDK 64-Bit Server VM Temurin-21.0.9+10 (21.0.9+10-LTS, mixed mode, sharing, tiered, compressed oops, compressed class ptrs, parallel gc, windows-amd64)
GC Precious Log:
 CardTable entry size: 512
 CPUs: 8 total, 8 available
 Memory: 16221M
 Large Page Support: Disabled
 NUMA Support: Disabled
 Compressed Oops: Enabled (32-bit)
 Alignments: Space 512K, Generation 512K, Heap 2M
 Heap Min Capacity: 100M
 Heap Initial Capacity: 100M
 Heap Max Capacity: 2G
 Pre-touch: Disabled
 Parallel Workers: 8
Heap:
 PSYoungGen      total 18432K, used 11533K [0x00000000d5580000, 0x00000000d6900000, 0x0000000100000000)
  eden space 17408K, 62% used [0x00000000d5580000,0x00000000d601b7d8,0x00000000d6680000)
  from space 1024K, 65% used [0x00000000d6680000,0x00000000d6728020,0x00000000d6780000)
  to   space 1024K, 0% used [0x00000000d6800000,0x00000000d6800000,0x00000000d6900000)
 ParOldGen       total 93696K, used 93502K [0x0000000080000000, 0x0000000085b80000, 0x00000000d5580000)
  object space 93696K, 99% used [0x0000000080000000,0x0000000085b4f9b0,0x0000000085b80000)
 Metaspace       used 61555K, committed 62976K, reserved 1114112K
  class space    used 6543K, committed 7168K, reserved 1048576K
GC Heap History (20 events):
Event: 12.849 GC heap before
{Heap before GC invocations=122 (full 3):
 PSYoungGen      total 19456K, used 19429K [0x00000000d5580000, 0x00000000d6b00000, 0x0000000100000000)
  eden space 18432K, 99% used [0x00000000d5580000,0x00000000d677d458,0x00000000d6780000)
  from space 1024K, 98% used [0x00000000d6900000,0x00000000d69fc000,0x00000000d6a00000)
  to   space 1536K, 0% used [0x00000000d6780000,0x00000000d6780000,0x00000000d6900000)
 ParOldGen       total 90112K, used 89922K [0x0000000080000000, 0x0000000085800000, 0x00000000d5580000)
  object space 90112K, 99% used [0x0000000080000000,0x00000000857d0950,0x0000000085800000)
 Metaspace       used 59869K, committed 61312K, reserved 1114112K
  class space    used 6348K, committed 6976K, reserved 1048576K
}
Event: 12.850 GC heap after
{Heap after GC invocations=122 (full 3):
 PSYoungGen      total 18944K, used 384K [0x00000000d5580000, 0x00000000d6980000, 0x0000000100000000)
  eden space 18432K, 0% used [0x00000000d5580000,0x00000000d5580000,0x00000000d6780000)
  from space 512K, 75% used [0x00000000d6780000,0x00000000d67e0000,0x00000000d6800000)
  to   space 1024K, 0% used [0x00000000d6880000,0x00000000d6880000,0x00000000d6980000)
 ParOldGen       total 91136K, used 90838K [0x0000000080000000, 0x0000000085900000, 0x00000000d5580000)
  object space 91136K, 99% used [0x0000000080000000,0x00000000858b5960,0x0000000085900000)
 Metaspace       used 59869K, committed 61312K, reserved 1114112K
  class space    used 6348K, committed 6976K, reserved 1048576K
}
Event: 12.862 GC heap before
{Heap before GC invocations=123 (full 3):
 PSYoungGen      total 18944K, used 18813K [0x00000000d5580000, 0x00000000d6980000, 0x0000000100000000)
  eden space 18432K, 99% used [0x00000000d5580000,0x00000000d677f620,0x00000000d6780000)
  from space 512K, 75% used [0x00000000d6780000,0x00000000d67e0000,0x00000000d6800000)
  to   space 1024K, 0% used [0x00000000d6880000,0x00000000d6880000,0x00000000d6980000)
 ParOldGen       total 91136K, used 90838K [0x0000000080000000, 0x0000000085900000, 0x00000000d5580000)
  object space 91136K, 99% used [0x0000000080000000,0x00000000858b5960,0x0000000085900000)
 Metaspace       used 59871K, committed 61312K, reserved 1114112K
  class space    used 6348K, committed 6976K, reserved 1048576K
}
Event: 12.862 GC heap after
{Heap after GC invocations=123 (full 3):
 PSYoungGen      total 18944K, used 384K [0x00000000d5580000, 0x00000000d6900000, 0x0000000100000000)
  eden space 18432K, 0% used [0x00000000d5580000,0x00000000d5580000,0x00000000d6780000)
  from space 512K, 75% used [0x00000000d6880000,0x00000000d68e0000,0x00000000d6900000)
  to   space 512K, 0% used [0x00000000d6780000,0x00000000d6780000,0x00000000d6800000)
 ParOldGen       total 91136K, used 91094K [0x0000000080000000, 0x0000000085900000, 0x00000000d5580000)
  object space 91136K, 99% used [0x0000000080000000,0x00000000858f5970,0x0000000085900000)
 Metaspace       used 59871K, committed 61312K, reserved 1114112K
  class space    used 6348K, committed 6976K, reserved 1048576K
}
Event: 12.882 GC heap before
{Heap before GC invocations=124 (full 3):
 PSYoungGen      total 18944K, used 18816K [0x00000000d5580000, 0x00000000d6900000, 0x0000000100000000)
  eden space 18432K, 100% used [0x00000000d5580000,0x00000000d6780000,0x00000000d6780000)
  from space 512K, 75% used [0x00000000d6880000,0x00000000d68e0000,0x00000000d6900000)
  to   space 512K, 0% used [0x00000000d6780000,0x00000000d6780000,0x00000000d6800000)
 ParOldGen       total 91136K, used 91094K [0x0000000080000000, 0x0000000085900000, 0x00000000d5580000)
  object space 91136K, 99% used [0x0000000080000000,0x00000000858f5970,0x0000000085900000)
 Metaspace       used 59877K, committed 61376K, reserved 1114112K
  class space    used 6348K, committed 6976K, reserved 1048576K
}
Event: 12.884 GC heap after
{Heap after GC invocations=124 (full 3):
 PSYoungGen      total 18944K, used 416K [0x00000000d5580000, 0x00000000d6900000, 0x0000000100000000)
  eden space 18432K, 0% used [0x00000000d5580000,0x00000000d5580000,0x00000000d6780000)
  from space 512K, 81% used [0x00000000d6780000,0x00000000d67e8000,0x00000000d6800000)
  to   space 512K, 0% used [0x00000000d6880000,0x00000000d6880000,0x00000000d6900000)
 ParOldGen       total 91648K, used 91214K [0x0000000080000000, 0x0000000085980000, 0x00000000d5580000)
  object space 91648K, 99% used [0x0000000080000000,0x0000000085913970,0x0000000085980000)
 Metaspace       used 59877K, committed 61376K, reserved 1114112K
  class space    used 6348K, committed 6976K, reserved 1048576K
}
Event: 12.896 GC heap before
{Heap before GC invocations=125 (full 3):
 PSYoungGen      total 18944K, used 18848K [0x00000000d5580000, 0x00000000d6900000, 0x0000000100000000)
  eden space 18432K, 100% used [0x00000000d5580000,0x00000000d6780000,0x00000000d6780000)
  from space 512K, 81% used [0x00000000d6780000,0x00000000d67e8000,0x00000000d6800000)
  to   space 512K, 0% used [0x00000000d6880000,0x00000000d6880000,0x00000000d6900000)
 ParOldGen       total 91648K, used 91214K [0x0000000080000000, 0x0000000085980000, 0x00000000d5580000)
  object space 91648K, 99% used [0x0000000080000000,0x0000000085913970,0x0000000085980000)
 Metaspace       used 59877K, committed 61376K, reserved 1114112K
  class space    used 6348K, committed 6976K, reserved 1048576K
}
Event: 12.898 GC heap after
{Heap after GC invocations=125 (full 3):
 PSYoungGen      total 18944K, used 448K [0x00000000d5580000, 0x00000000d6900000, 0x0000000100000000)
  eden space 18432K, 0% used [0x00000000d5580000,0x00000000d5580000,0x00000000d6780000)
  from space 512K, 87% used [0x00000000d6880000,0x00000000d68f0000,0x00000000d6900000)
  to   space 512K, 0% used [0x00000000d6780000,0x00000000d6780000,0x00000000d6800000)
 ParOldGen       total 91648K, used 91414K [0x0000000080000000, 0x0000000085980000, 0x00000000d5580000)
  object space 91648K, 99% used [0x0000000080000000,0x0000000085945970,0x0000000085980000)
 Metaspace       used 59877K, committed 61376K, reserved 1114112K
  class space    used 6348K, committed 6976K, reserved 1048576K
}
Event: 12.912 GC heap before
{Heap before GC invocations=126 (full 3):
 PSYoungGen      total 18944K, used 18880K [0x00000000d5580000, 0x00000000d6900000, 0x0000000100000000)
  eden space 18432K, 100% used [0x00000000d5580000,0x00000000d6780000,0x00000000d6780000)
  from space 512K, 87% used [0x00000000d6880000,0x00000000d68f0000,0x00000000d6900000)
  to   space 512K, 0% used [0x00000000d6780000,0x00000000d6780000,0x00000000d6800000)
 ParOldGen       total 91648K, used 91414K [0x0000000080000000, 0x0000000085980000, 0x00000000d5580000)
  object space 91648K, 99% used [0x0000000080000000,0x0000000085945970,0x0000000085980000)
 Metaspace       used 59877K, committed 61376K, reserved 1114112K
  class space    used 6348K, committed 6976K, reserved 1048576K
}
Event: 12.913 GC heap after
{Heap after GC invocations=126 (full 3):
 PSYoungGen      total 18944K, used 416K [0x00000000d5580000, 0x00000000d6900000, 0x0000000100000000)
  eden space 18432K, 0% used [0x00000000d5580000,0x00000000d5580000,0x00000000d6780000)
  from space 512K, 81% used [0x00000000d6780000,0x00000000d67e8000,0x00000000d6800000)
  to   space 512K, 0% used [0x00000000d6880000,0x00000000d6880000,0x00000000d6900000)
 ParOldGen       total 91648K, used 91582K [0x0000000080000000, 0x0000000085980000, 0x00000000d5580000)
  object space 91648K, 99% used [0x0000000080000000,0x000000008596f970,0x0000000085980000)
 Metaspace       used 59877K, committed 61376K, reserved 1114112K
  class space    used 6348K, committed 6976K, reserved 1048576K
}
Event: 12.924 GC heap before
{Heap before GC invocations=127 (full 3):
 PSYoungGen      total 18944K, used 18848K [0x00000000d5580000, 0x00000000d6900000, 0x0000000100000000)
  eden space 18432K, 100% used [0x00000000d5580000,0x00000000d6780000,0x00000000d6780000)
  from space 512K, 81% used [0x00000000d6780000,0x00000000d67e8000,0x00000000d6800000)
  to   space 512K, 0% used [0x00000000d6880000,0x00000000d6880000,0x00000000d6900000)
 ParOldGen       total 91648K, used 91582K [0x0000000080000000, 0x0000000085980000, 0x00000000d5580000)
  object space 91648K, 99% used [0x0000000080000000,0x000000008596f970,0x0000000085980000)
 Metaspace       used 59877K, committed 61376K, reserved 1114112K
  class space    used 6348K, committed 6976K, reserved 1048576K
}
Event: 12.925 GC heap after
{Heap after GC invocations=127 (full 3):
 PSYoungGen      total 18944K, used 288K [0x00000000d5580000, 0x00000000d6900000, 0x0000000100000000)
  eden space 18432K, 0% used [0x00000000d5580000,0x00000000d5580000,0x00000000d6780000)
  from space 512K, 56% used [0x00000000d6880000,0x00000000d68c8000,0x00000000d6900000)
  to   space 512K, 0% used [0x00000000d6780000,0x00000000d6780000,0x00000000d6800000)
 ParOldGen       total 92160K, used 91758K [0x0000000080000000, 0x0000000085a00000, 0x00000000d5580000)
  object space 92160K, 99% used [0x0000000080000000,0x000000008599b970,0x0000000085a00000)
 Metaspace       used 59877K, committed 61376K, reserved 1114112K
  class space    used 6348K, committed 6976K, reserved 1048576K
}
Event: 12.938 GC heap before
{Heap before GC invocations=128 (full 3):
 PSYoungGen      total 18944K, used 18719K [0x00000000d5580000, 0x00000000d6900000, 0x0000000100000000)
  eden space 18432K, 99% used [0x00000000d5580000,0x00000000d677fff0,0x00000000d6780000)
  from space 512K, 56% used [0x00000000d6880000,0x00000000d68c8000,0x00000000d6900000)
  to   space 512K, 0% used [0x00000000d6780000,0x00000000d6780000,0x00000000d6800000)
 ParOldGen       total 92160K, used 91758K [0x0000000080000000, 0x0000000085a00000, 0x00000000d5580000)
  object space 92160K, 99% used [0x0000000080000000,0x000000008599b970,0x0000000085a00000)
 Metaspace       used 59877K, committed 61376K, reserved 1114112K
  class space    used 6348K, committed 6976K, reserved 1048576K
}
Event: 12.939 GC heap after
{Heap after GC invocations=128 (full 3):
 PSYoungGen      total 18944K, used 320K [0x00000000d5580000, 0x00000000d6900000, 0x0000000100000000)
  eden space 18432K, 0% used [0x00000000d5580000,0x00000000d5580000,0x00000000d6780000)
  from space 512K, 62% used [0x00000000d6780000,0x00000000d67d0000,0x00000000d6800000)
  to   space 512K, 0% used [0x00000000d6880000,0x00000000d6880000,0x00000000d6900000)
 ParOldGen       total 92160K, used 91902K [0x0000000080000000, 0x0000000085a00000, 0x00000000d5580000)
  object space 92160K, 99% used [0x0000000080000000,0x00000000859bf970,0x0000000085a00000)
 Metaspace       used 59877K, committed 61376K, reserved 1114112K
  class space    used 6348K, committed 6976K, reserved 1048576K
}
Event: 12.952 GC heap before
{Heap before GC invocations=129 (full 3):
 PSYoungGen      total 18944K, used 18752K [0x00000000d5580000, 0x00000000d6900000, 0x0000000100000000)
  eden space 18432K, 100% used [0x00000000d5580000,0x00000000d6780000,0x00000000d6780000)
  from space 512K, 62% used [0x00000000d6780000,0x00000000d67d0000,0x00000000d6800000)
  to   space 512K, 0% used [0x00000000d6880000,0x00000000d6880000,0x00000000d6900000)
 ParOldGen       total 92160K, used 91902K [0x0000000080000000, 0x0000000085a00000, 0x00000000d5580000)
  object space 92160K, 99% used [0x0000000080000000,0x00000000859bf970,0x0000000085a00000)
 Metaspace       used 59878K, committed 61376K, reserved 1114112K
  class space    used 6348K, committed 6976K, reserved 1048576K
}
Event: 12.953 GC heap after
{Heap after GC invocations=129 (full 3):
 PSYoungGen      total 18944K, used 256K [0x00000000d5580000, 0x00000000d6900000, 0x0000000100000000)
  eden space 18432K, 0% used [0x00000000d5580000,0x00000000d5580000,0x00000000d6780000)
  from space 512K, 50% used [0x00000000d6880000,0x00000000d68c0000,0x00000000d6900000)
  to   space 512K, 0% used [0x00000000d6780000,0x00000000d6780000,0x00000000d6800000)
 ParOldGen       total 92160K, used 92022K [0x0000000080000000, 0x0000000085a00000, 0x00000000d5580000)
  object space 92160K, 99% used [0x0000000080000000,0x00000000859dd970,0x0000000085a00000)
 Metaspace       used 59878K, committed 61376K, reserved 1114112K
  class space    used 6348K, committed 6976K, reserved 1048576K
}
Event: 12.965 GC heap before
{Heap before GC invocations=130 (full 3):
 PSYoungGen      total 18944K, used 18687K [0x00000000d5580000, 0x00000000d6900000, 0x0000000100000000)
  eden space 18432K, 99% used [0x00000000d5580000,0x00000000d677fff0,0x00000000d6780000)
  from space 512K, 50% used [0x00000000d6880000,0x00000000d68c0000,0x00000000d6900000)
  to   space 512K, 0% used [0x00000000d6780000,0x00000000d6780000,0x00000000d6800000)
 ParOldGen       total 92160K, used 92022K [0x0000000080000000, 0x0000000085a00000, 0x00000000d5580000)
  object space 92160K, 99% used [0x0000000080000000,0x00000000859dd970,0x0000000085a00000)
 Metaspace       used 59878K, committed 61376K, reserved 1114112K
  class space    used 6348K, committed 6976K, reserved 1048576K
}
Event: 12.965 GC heap after
{Heap after GC invocations=130 (full 3):
 PSYoungGen      total 18944K, used 256K [0x00000000d5580000, 0x00000000d6900000, 0x0000000100000000)
  eden space 18432K, 0% used [0x00000000d5580000,0x00000000d5580000,0x00000000d6780000)
  from space 512K, 50% used [0x00000000d6780000,0x00000000d67c0000,0x00000000d6800000)
  to   space 512K, 0% used [0x00000000d6880000,0x00000000d6880000,0x00000000d6900000)
 ParOldGen       total 92672K, used 92190K [0x0000000080000000, 0x0000000085a80000, 0x00000000d5580000)
  object space 92672K, 99% used [0x0000000080000000,0x0000000085a07970,0x0000000085a80000)
 Metaspace       used 59878K, committed 61376K, reserved 1114112K
  class space    used 6348K, committed 6976K, reserved 1048576K
}
Event: 13.088 GC heap before
{Heap before GC invocations=131 (full 3):
 PSYoungGen      total 18944K, used 18688K [0x00000000d5580000, 0x00000000d6900000, 0x0000000100000000)
  eden space 18432K, 100% used [0x00000000d5580000,0x00000000d6780000,0x00000000d6780000)
  from space 512K, 50% used [0x00000000d6780000,0x00000000d67c0000,0x00000000d6800000)
  to   space 512K, 0% used [0x00000000d6880000,0x00000000d6880000,0x00000000d6900000)
 ParOldGen       total 92672K, used 92190K [0x0000000080000000, 0x0000000085a80000, 0x00000000d5580000)
  object space 92672K, 99% used [0x0000000080000000,0x0000000085a07970,0x0000000085a80000)
 Metaspace       used 60597K, committed 62080K, reserved 1114112K
  class space    used 6436K, committed 7104K, reserved 1048576K
}
Event: 13.090 GC heap after
{Heap after GC invocations=131 (full 3):
 PSYoungGen      total 17920K, used 502K [0x00000000d5580000, 0x00000000d6b80000, 0x0000000100000000)
  eden space 17408K, 0% used [0x00000000d5580000,0x00000000d5580000,0x00000000d6680000)
  from space 512K, 98% used [0x00000000d6880000,0x00000000d68fdba0,0x00000000d6900000)
  to   space 2048K, 0% used [0x00000000d6680000,0x00000000d6680000,0x00000000d6880000)
 ParOldGen       total 93184K, used 93062K [0x0000000080000000, 0x0000000085b00000, 0x00000000d5580000)
  object space 93184K, 99% used [0x0000000080000000,0x0000000085ae19a0,0x0000000085b00000)
 Metaspace       used 60597K, committed 62080K, reserved 1114112K
  class space    used 6436K, committed 7104K, reserved 1048576K
}

