# JRE version: OpenJDK Runtime Environment Temurin-21.0.9+10 (21.0.9+10) (build 21.0.9+10-LTS)
# Java VM: OpenJDK 64-Bit Server VM Temurin-21.0.9+10 (21.0.9+10-LTS, mixed mode, sharing, tiered, compressed oops, compressed class ptrs, parallel gc, windows-amd64)
GC Precious Log:
 CardTable entry size: 512
 CPUs: 8 total, 8 available
 Memory: 16221M
 Large Page Support: Disabled
 NUMA Support: Disabled
 Compressed Oops: Enabled (32-bit)
 Alignments: Space 512K, Generation 512K, Heap 2M
 Heap Min Capacity: 100M
 Heap Initial Capacity: 100M
 Heap Max Capacity: 2G
 Pre-touch: Disabled
 Parallel Workers: 8
Heap:
 PSYoungGen      total 15872K, used 12773K [0x00000000d5580000, 0x00000000d6680000, 0x0000000100000000)
  eden space 14848K, 79% used [0x00000000d5580000,0x00000000d61044f0,0x00000000d6400000)
  from space 1024K, 95% used [0x00000000d6580000,0x00000000d6675200,0x00000000d6680000)
  to   space 1024K, 0% used [0x00000000d6480000,0x00000000d6480000,0x00000000d6580000)
 ParOldGen       total 123392K, used 123299K [0x0000000080000000, 0x0000000087880000, 0x00000000d5580000)
  object space 123392K, 99% used [0x0000000080000000,0x0000000087868ff0,0x0000000087880000)
 Metaspace       used 72583K, committed 74368K, reserved 1179648K
  class space    used 7585K, committed 8320K, reserved 1048576K
GC Heap History (20 events):
Event: 108.537 GC heap before
{Heap before GC invocations=152 (full 3):
 PSYoungGen      total 16896K, used 16420K [0x00000000d5580000, 0x00000000d6800000, 0x0000000100000000)
  eden space 15360K, 100% used [0x00000000d5580000,0x00000000d6480000,0x00000000d6480000)
  from space 1536K, 69% used [0x00000000d6680000,0x00000000d6789210,0x00000000d6800000)
  to   space 1536K, 0% used [0x00000000d6500000,0x00000000d6500000,0x00000000d6680000)
 ParOldGen       total 118784K, used 118345K [0x0000000080000000, 0x0000000087400000, 0x00000000d5580000)
  object space 118784K, 99% used [0x0000000080000000,0x00000000873927e8,0x0000000087400000)
 Metaspace       used 70351K, committed 72000K, reserved 1114112K
  class space    used 7422K, committed 8128K, reserved 1048576K
}
Event: 108.538 GC heap after
{Heap after GC invocations=152 (full 3):
 PSYoungGen      total 16384K, used 772K [0x00000000d5580000, 0x00000000d6700000, 0x0000000100000000)
  eden space 15360K, 0% used [0x00000000d5580000,0x00000000d5580000,0x00000000d6480000)
  from space 1024K, 75% used [0x00000000d6500000,0x00000000d65c1210,0x00000000d6600000)
  to   space 1024K, 0% used [0x00000000d6600000,0x00000000d6600000,0x00000000d6700000)
 ParOldGen       total 119296K, used 119266K [0x0000000080000000, 0x0000000087480000, 0x00000000d5580000)
  object space 119296K, 99% used [0x0000000080000000,0x0000000087478928,0x0000000087480000)
 Metaspace       used 70351K, committed 72000K, reserved 1114112K
  class space    used 7422K, committed 8128K, reserved 1048576K
}
Event: 109.168 GC heap before
{Heap before GC invocations=153 (full 3):
 PSYoungGen      total 16384K, used 16132K [0x00000000d5580000, 0x00000000d6700000, 0x0000000100000000)
  eden space 15360K, 100% used [0x00000000d5580000,0x00000000d6480000,0x00000000d6480000)
  from space 1024K, 75% used [0x00000000d6500000,0x00000000d65c1210,0x00000000d6600000)
  to   space 1024K, 0% used [0x00000000d6600000,0x00000000d6600000,0x00000000d6700000)
 ParOldGen       total 119296K, used 119266K [0x0000000080000000, 0x0000000087480000, 0x00000000d5580000)
  object space 119296K, 99% used [0x0000000080000000,0x0000000087478928,0x0000000087480000)
 Metaspace       used 70480K, committed 72128K, reserved 1114112K
  class space    used 7422K, committed 8128K, reserved 1048576K
}
Event: 109.171 GC heap after
{Heap after GC invocations=153 (full 3):
 PSYoungGen      total 15872K, used 1018K [0x00000000d5580000, 0x00000000d6880000, 0x0000000100000000)
  eden space 14848K, 0% used [0x00000000d5580000,0x00000000d5580000,0x00000000d6400000)
  from space 1024K, 99% used [0x00000000d6600000,0x00000000d66fe900,0x00000000d6700000)
  to   space 2048K, 0% used [0x00000000d6400000,0x00000000d6400000,0x00000000d6600000)
 ParOldGen       total 120320K, used 119950K [0x0000000080000000, 0x0000000087580000, 0x00000000d5580000)
  object space 120320K, 99% used [0x0000000080000000,0x0000000087523b48,0x0000000087580000)
 Metaspace       used 70480K, committed 72128K, reserved 1114112K
  class space    used 7422K, committed 8128K, reserved 1048576K
}
Event: 110.107 GC heap before
{Heap before GC invocations=154 (full 3):
 PSYoungGen      total 15872K, used 15866K [0x00000000d5580000, 0x00000000d6880000, 0x0000000100000000)
  eden space 14848K, 100% used [0x00000000d5580000,0x00000000d6400000,0x00000000d6400000)
  from space 1024K, 99% used [0x00000000d6600000,0x00000000d66fe900,0x00000000d6700000)
  to   space 2048K, 0% used [0x00000000d6400000,0x00000000d6400000,0x00000000d6600000)
 ParOldGen       total 120320K, used 119950K [0x0000000080000000, 0x0000000087580000, 0x00000000d5580000)
  object space 120320K, 99% used [0x0000000080000000,0x0000000087523b48,0x0000000087580000)
 Metaspace       used 70589K, committed 72256K, reserved 1114112K
  class space    used 7428K, committed 8128K, reserved 1048576K
}
Event: 110.109 GC heap after
{Heap after GC invocations=154 (full 3):
 PSYoungGen      total 15872K, used 724K [0x00000000d5580000, 0x00000000d6700000, 0x0000000100000000)
  eden space 14848K, 0% used [0x00000000d5580000,0x00000000d5580000,0x00000000d6400000)
  from space 1024K, 70% used [0x00000000d6400000,0x00000000d64b5200,0x00000000d6500000)
  to   space 1536K, 0% used [0x00000000d6580000,0x00000000d6580000,0x00000000d6700000)
 ParOldGen       total 120832K, used 120794K [0x0000000080000000, 0x0000000087600000, 0x00000000d5580000)
  object space 120832K, 99% used [0x0000000080000000,0x00000000875f6b88,0x0000000087600000)
 Metaspace       used 70589K, committed 72256K, reserved 1114112K
  class space    used 7428K, committed 8128K, reserved 1048576K
}
Event: 559.325 GC heap before
{Heap before GC invocations=155 (full 3):
 PSYoungGen      total 15872K, used 15572K [0x00000000d5580000, 0x00000000d6700000, 0x0000000100000000)
  eden space 14848K, 100% used [0x00000000d5580000,0x00000000d6400000,0x00000000d6400000)
  from space 1024K, 70% used [0x00000000d6400000,0x00000000d64b5200,0x00000000d6500000)
  to   space 1536K, 0% used [0x00000000d6580000,0x00000000d6580000,0x00000000d6700000)
 ParOldGen       total 120832K, used 120794K [0x0000000080000000, 0x0000000087600000, 0x00000000d5580000)
  object space 120832K, 99% used [0x0000000080000000,0x00000000875f6b88,0x0000000087600000)
 Metaspace       used 70766K, committed 72384K, reserved 1114112K
  class space    used 7435K, committed 8128K, reserved 1048576K
}
Event: 559.328 GC heap after
{Heap after GC invocations=155 (full 3):
 PSYoungGen      total 16384K, used 1012K [0x00000000d5580000, 0x00000000d6700000, 0x0000000100000000)
  eden space 14848K, 0% used [0x00000000d5580000,0x00000000d5580000,0x00000000d6400000)
  from space 1536K, 65% used [0x00000000d6580000,0x00000000d667d220,0x00000000d6700000)
  to   space 1536K, 0% used [0x00000000d6400000,0x00000000d6400000,0x00000000d6580000)
 ParOldGen       total 121856K, used 121364K [0x0000000080000000, 0x0000000087700000, 0x00000000d5580000)
  object space 121856K, 99% used [0x0000000080000000,0x00000000876852c0,0x0000000087700000)
 Metaspace       used 70766K, committed 72384K, reserved 1114112K
  class space    used 7435K, committed 8128K, reserved 1048576K
}
Event: 560.120 GC heap before
{Heap before GC invocations=156 (full 3):
 PSYoungGen      total 16384K, used 15860K [0x00000000d5580000, 0x00000000d6700000, 0x0000000100000000)
  eden space 14848K, 100% used [0x00000000d5580000,0x00000000d6400000,0x00000000d6400000)
  from space 1536K, 65% used [0x00000000d6580000,0x00000000d667d220,0x00000000d6700000)
  to   space 1536K, 0% used [0x00000000d6400000,0x00000000d6400000,0x00000000d6580000)
 ParOldGen       total 121856K, used 121364K [0x0000000080000000, 0x0000000087700000, 0x00000000d5580000)
  object space 121856K, 99% used [0x0000000080000000,0x00000000876852c0,0x0000000087700000)
 Metaspace       used 71116K, committed 72704K, reserved 1114112K
  class space    used 7461K, committed 8128K, reserved 1048576K
}
Event: 560.122 GC heap after
{Heap after GC invocations=156 (full 3):
 PSYoungGen      total 15360K, used 340K [0x00000000d5580000, 0x00000000d6600000, 0x0000000100000000)
  eden space 14848K, 0% used [0x00000000d5580000,0x00000000d5580000,0x00000000d6400000)
  from space 512K, 66% used [0x00000000d6400000,0x00000000d6455200,0x00000000d6480000)
  to   space 1024K, 0% used [0x00000000d6500000,0x00000000d6500000,0x00000000d6600000)
 ParOldGen       total 122368K, used 121978K [0x0000000080000000, 0x0000000087780000, 0x00000000d5580000)
  object space 122368K, 99% used [0x0000000080000000,0x000000008771e848,0x0000000087780000)
 Metaspace       used 71116K, committed 72704K, reserved 1114112K
  class space    used 7461K, committed 8128K, reserved 1048576K
}
Event: 560.830 GC heap before
{Heap before GC invocations=157 (full 3):
 PSYoungGen      total 15360K, used 15188K [0x00000000d5580000, 0x00000000d6600000, 0x0000000100000000)
  eden space 14848K, 99% used [0x00000000d5580000,0x00000000d63fff58,0x00000000d6400000)
  from space 512K, 66% used [0x00000000d6400000,0x00000000d6455200,0x00000000d6480000)
  to   space 1024K, 0% used [0x00000000d6500000,0x00000000d6500000,0x00000000d6600000)
 ParOldGen       total 122368K, used 121978K [0x0000000080000000, 0x0000000087780000, 0x00000000d5580000)
  object space 122368K, 99% used [0x0000000080000000,0x000000008771e848,0x0000000087780000)
 Metaspace       used 72113K, committed 73856K, reserved 1179648K
  class space    used 7578K, committed 8320K, reserved 1048576K
}
Event: 560.831 GC heap after
{Heap after GC invocations=157 (full 3):
 PSYoungGen      total 15360K, used 352K [0x00000000d5580000, 0x00000000d6580000, 0x0000000100000000)
  eden space 14848K, 0% used [0x00000000d5580000,0x00000000d5580000,0x00000000d6400000)
  from space 512K, 68% used [0x00000000d6500000,0x00000000d6558000,0x00000000d6580000)
  to   space 512K, 0% used [0x00000000d6400000,0x00000000d6400000,0x00000000d6480000)
 ParOldGen       total 122368K, used 122026K [0x0000000080000000, 0x0000000087780000, 0x00000000d5580000)
  object space 122368K, 99% used [0x0000000080000000,0x000000008772a848,0x0000000087780000)
 Metaspace       used 72113K, committed 73856K, reserved 1179648K
  class space    used 7578K, committed 8320K, reserved 1048576K
}
Event: 597.810 GC heap before
{Heap before GC invocations=158 (full 3):
 PSYoungGen      total 15360K, used 15200K [0x00000000d5580000, 0x00000000d6580000, 0x0000000100000000)
  eden space 14848K, 100% used [0x00000000d5580000,0x00000000d6400000,0x00000000d6400000)
  from space 512K, 68% used [0x00000000d6500000,0x00000000d6558000,0x00000000d6580000)
  to   space 512K, 0% used [0x00000000d6400000,0x00000000d6400000,0x00000000d6480000)
 ParOldGen       total 122368K, used 122026K [0x0000000080000000, 0x0000000087780000, 0x00000000d5580000)
  object space 122368K, 99% used [0x0000000080000000,0x000000008772a848,0x0000000087780000)
 Metaspace       used 72379K, committed 74112K, reserved 1179648K
  class space    used 7582K, committed 8320K, reserved 1048576K
}
Event: 597.811 GC heap after
{Heap after GC invocations=158 (full 3):
 PSYoungGen      total 15360K, used 500K [0x00000000d5580000, 0x00000000d6600000, 0x0000000100000000)
  eden space 14848K, 0% used [0x00000000d5580000,0x00000000d5580000,0x00000000d6400000)
  from space 512K, 97% used [0x00000000d6400000,0x00000000d647d200,0x00000000d6480000)
  to   space 1024K, 0% used [0x00000000d6500000,0x00000000d6500000,0x00000000d6600000)
 ParOldGen       total 122368K, used 122279K [0x0000000080000000, 0x0000000087780000, 0x00000000d5580000)
  object space 122368K, 99% used [0x0000000080000000,0x0000000087769db0,0x0000000087780000)
 Metaspace       used 72379K, committed 74112K, reserved 1179648K
  class space    used 7582K, committed 8320K, reserved 1048576K
}
Event: 598.503 GC heap before
{Heap before GC invocations=159 (full 3):
 PSYoungGen      total 15360K, used 15348K [0x00000000d5580000, 0x00000000d6600000, 0x0000000100000000)
  eden space 14848K, 100% used [0x00000000d5580000,0x00000000d6400000,0x00000000d6400000)
  from space 512K, 97% used [0x00000000d6400000,0x00000000d647d200,0x00000000d6480000)
  to   space 1024K, 0% used [0x00000000d6500000,0x00000000d6500000,0x00000000d6600000)
 ParOldGen       total 122368K, used 122279K [0x0000000080000000, 0x0000000087780000, 0x00000000d5580000)
  object space 122368K, 99% used [0x0000000080000000,0x0000000087769db0,0x0000000087780000)
 Metaspace       used 72423K, committed 74176K, reserved 1179648K
  class space    used 7582K, committed 8320K, reserved 1048576K
}
Event: 598.504 GC heap after
{Heap after GC invocations=159 (full 3):
 PSYoungGen      total 15360K, used 224K [0x00000000d5580000, 0x00000000d6580000, 0x0000000100000000)
  eden space 14848K, 0% used [0x00000000d5580000,0x00000000d5580000,0x00000000d6400000)
  from space 512K, 43% used [0x00000000d6500000,0x00000000d6538000,0x00000000d6580000)
  to   space 512K, 0% used [0x00000000d6400000,0x00000000d6400000,0x00000000d6480000)
 ParOldGen       total 122368K, used 122335K [0x0000000080000000, 0x0000000087780000, 0x00000000d5580000)
  object space 122368K, 99% used [0x0000000080000000,0x0000000087777db0,0x0000000087780000)
 Metaspace       used 72423K, committed 74176K, reserved 1179648K
  class space    used 7582K, committed 8320K, reserved 1048576K
}
Event: 598.539 GC heap before
{Heap before GC invocations=160 (full 3):
 PSYoungGen      total 15360K, used 15072K [0x00000000d5580000, 0x00000000d6580000, 0x0000000100000000)
  eden space 14848K, 100% used [0x00000000d5580000,0x00000000d6400000,0x00000000d6400000)
  from space 512K, 43% used [0x00000000d6500000,0x00000000d6538000,0x00000000d6580000)
  to   space 512K, 0% used [0x00000000d6400000,0x00000000d6400000,0x00000000d6480000)
 ParOldGen       total 122368K, used 122335K [0x0000000080000000, 0x0000000087780000, 0x00000000d5580000)
  object space 122368K, 99% used [0x0000000080000000,0x0000000087777db0,0x0000000087780000)
 Metaspace       used 72427K, committed 74176K, reserved 1179648K
  class space    used 7583K, committed 8320K, reserved 1048576K
}
Event: 598.540 GC heap after
{Heap after GC invocations=160 (full 3):
 PSYoungGen      total 15360K, used 506K [0x00000000d5580000, 0x00000000d6700000, 0x0000000100000000)
  eden space 14848K, 0% used [0x00000000d5580000,0x00000000d5580000,0x00000000d6400000)
  from space 512K, 98% used [0x00000000d6400000,0x00000000d647e900,0x00000000d6480000)
  to   space 1536K, 0% used [0x00000000d6580000,0x00000000d6580000,0x00000000d6700000)
 ParOldGen       total 122880K, used 122799K [0x0000000080000000, 0x0000000087800000, 0x00000000d5580000)
  object space 122880K, 99% used [0x0000000080000000,0x00000000877ebdf0,0x0000000087800000)
 Metaspace       used 72427K, committed 74176K, reserved 1179648K
  class space    used 7583K, committed 8320K, reserved 1048576K
}
Event: 602.513 GC heap before
{Heap before GC invocations=161 (full 3):
 PSYoungGen      total 15360K, used 15354K [0x00000000d5580000, 0x00000000d6700000, 0x0000000100000000)
  eden space 14848K, 100% used [0x00000000d5580000,0x00000000d6400000,0x00000000d6400000)
  from space 512K, 98% used [0x00000000d6400000,0x00000000d647e900,0x00000000d6480000)
  to   space 1536K, 0% used [0x00000000d6580000,0x00000000d6580000,0x00000000d6700000)
 ParOldGen       total 122880K, used 122799K [0x0000000080000000, 0x0000000087800000, 0x00000000d5580000)
  object space 122880K, 99% used [0x0000000080000000,0x00000000877ebdf0,0x0000000087800000)
 Metaspace       used 72452K, committed 74176K, reserved 1179648K
  class space    used 7584K, committed 8320K, reserved 1048576K
}
Event: 602.514 GC heap after
{Heap after GC invocations=161 (full 3):
 PSYoungGen      total 15872K, used 980K [0x00000000d5580000, 0x00000000d6680000, 0x0000000100000000)
  eden space 14848K, 0% used [0x00000000d5580000,0x00000000d5580000,0x00000000d6400000)
  from space 1024K, 95% used [0x00000000d6580000,0x00000000d6675200,0x00000000d6680000)
  to   space 1024K, 0% used [0x00000000d6480000,0x00000000d6480000,0x00000000d6580000)
 ParOldGen       total 123392K, used 123299K [0x0000000080000000, 0x0000000087880000, 0x00000000d5580000)
  object space 123392K, 99% used [0x0000000080000000,0x0000000087868ff0,0x0000000087880000)
 Metaspace       used 72452K, committed 74176K, reserved 1179648K
  class space    used 7584K, committed 8320K, reserved 1048576K
}

