# JRE version: OpenJDK Runtime Environment Temurin-21.0.9+10 (21.0.9+10) (build 21.0.9+10-LTS)
# Java VM: OpenJDK 64-Bit Server VM Temurin-21.0.9+10 (21.0.9+10-LTS, mixed mode, sharing, tiered, compressed oops, compressed class ptrs, parallel gc, windows-amd64)
GC Precious Log:
 CardTable entry size: 512
 CPUs: 8 total, 8 available
 Memory: 16221M
 Large Page Support: Disabled
 NUMA Support: Disabled
 Compressed Oops: Enabled (32-bit)
 Alignments: Space 512K, Generation 512K, Heap 2M
 Heap Min Capacity: 100M
 Heap Initial Capacity: 100M
 Heap Max Capacity: 2G
 Pre-touch: Disabled
 Parallel Workers: 8
Heap:
 PSYoungGen      total 8192K, used 5707K [0x00000000d5580000, 0x00000000d5f00000, 0x0000000100000000)
  eden space 6656K, 81% used [0x00000000d5580000,0x00000000d5acdd00,0x00000000d5c00000)
  from space 1536K, 18% used [0x00000000d5c00000,0x00000000d5c45220,0x00000000d5d80000)
  to   space 1024K, 0% used [0x00000000d5e00000,0x00000000d5e00000,0x00000000d5f00000)
 ParOldGen       total 140288K, used 139862K [0x0000000080000000, 0x0000000088900000, 0x00000000d5580000)
  object space 140288K, 99% used [0x0000000080000000,0x00000000888959f8,0x0000000088900000)
 Metaspace       used 72481K, committed 74176K, reserved 1179648K
  class space    used 7709K, committed 8448K, reserved 1048576K
GC Heap History (20 events):
Event: 39.726 GC heap before
{Heap before GC invocations=295 (full 3):
 PSYoungGen      total 7680K, used 7348K [0x00000000d5580000, 0x00000000d5f00000, 0x0000000100000000)
  eden space 6656K, 100% used [0x00000000d5580000,0x00000000d5c00000,0x00000000d5c00000)
  from space 1024K, 67% used [0x00000000d5c00000,0x00000000d5cad388,0x00000000d5d00000)
  to   space 1536K, 0% used [0x00000000d5d80000,0x00000000d5d80000,0x00000000d5f00000)
 ParOldGen       total 132096K, used 131670K [0x0000000080000000, 0x0000000088100000, 0x00000000d5580000)
  object space 132096K, 99% used [0x0000000080000000,0x0000000088095a38,0x0000000088100000)
 Metaspace       used 70886K, committed 72448K, reserved 1114112K
  class space    used 7603K, committed 8256K, reserved 1048576K
}
Event: 39.727 GC heap after
{Heap after GC invocations=295 (full 3):
 PSYoungGen      total 7168K, used 282K [0x00000000d5580000, 0x00000000d5e00000, 0x0000000100000000)
  eden space 6656K, 0% used [0x00000000d5580000,0x00000000d5580000,0x00000000d5c00000)
  from space 512K, 55% used [0x00000000d5d80000,0x00000000d5dc6900,0x00000000d5e00000)
  to   space 512K, 0% used [0x00000000d5d00000,0x00000000d5d00000,0x00000000d5d80000)
 ParOldGen       total 132608K, used 132138K [0x0000000080000000, 0x0000000088180000, 0x00000000d5580000)
  object space 132608K, 99% used [0x0000000080000000,0x000000008810aa70,0x0000000088180000)
 Metaspace       used 70886K, committed 72448K, reserved 1114112K
  class space    used 7603K, committed 8256K, reserved 1048576K
}
Event: 39.751 GC heap before
{Heap before GC invocations=296 (full 3):
 PSYoungGen      total 7168K, used 6837K [0x00000000d5580000, 0x00000000d5e00000, 0x0000000100000000)
  eden space 6656K, 98% used [0x00000000d5580000,0x00000000d5be6c58,0x00000000d5c00000)
  from space 512K, 55% used [0x00000000d5d80000,0x00000000d5dc6900,0x00000000d5e00000)
  to   space 512K, 0% used [0x00000000d5d00000,0x00000000d5d00000,0x00000000d5d80000)
 ParOldGen       total 132608K, used 132138K [0x0000000080000000, 0x0000000088180000, 0x00000000d5580000)
  object space 132608K, 99% used [0x0000000080000000,0x000000008810aa70,0x0000000088180000)
 Metaspace       used 70896K, committed 72448K, reserved 1114112K
  class space    used 7603K, committed 8256K, reserved 1048576K
}
Event: 39.753 GC heap after
{Heap after GC invocations=296 (full 3):
 PSYoungGen      total 7168K, used 495K [0x00000000d5580000, 0x00000000d6600000, 0x0000000100000000)
  eden space 6656K, 0% used [0x00000000d5580000,0x00000000d5580000,0x00000000d5c00000)
  from space 512K, 96% used [0x00000000d5d00000,0x00000000d5d7bd28,0x00000000d5d80000)
  to   space 5120K, 0% used [0x00000000d6100000,0x00000000d6100000,0x00000000d6600000)
 ParOldGen       total 136192K, used 135930K [0x0000000080000000, 0x0000000088500000, 0x00000000d5580000)
  object space 136192K, 99% used [0x0000000080000000,0x00000000884be898,0x0000000088500000)
 Metaspace       used 70896K, committed 72448K, reserved 1114112K
  class space    used 7603K, committed 8256K, reserved 1048576K
}
Event: 39.803 GC heap before
{Heap before GC invocations=297 (full 3):
 PSYoungGen      total 7168K, used 7151K [0x00000000d5580000, 0x00000000d6600000, 0x0000000100000000)
  eden space 6656K, 100% used [0x00000000d5580000,0x00000000d5c00000,0x00000000d5c00000)
  from space 512K, 96% used [0x00000000d5d00000,0x00000000d5d7bd28,0x00000000d5d80000)
  to   space 5120K, 0% used [0x00000000d6100000,0x00000000d6100000,0x00000000d6600000)
 ParOldGen       total 136192K, used 135930K [0x0000000080000000, 0x0000000088500000, 0x00000000d5580000)
  object space 136192K, 99% used [0x0000000080000000,0x00000000884be898,0x0000000088500000)
 Metaspace       used 70945K, committed 72512K, reserved 1114112K
  class space    used 7604K, committed 8256K, reserved 1048576K
}
Event: 39.806 GC heap after
{Heap after GC invocations=297 (full 3):
 PSYoungGen      total 10240K, used 3567K [0x00000000d5580000, 0x00000000d6480000, 0x0000000100000000)
  eden space 6656K, 0% used [0x00000000d5580000,0x00000000d5580000,0x00000000d5c00000)
  from space 3584K, 99% used [0x00000000d6100000,0x00000000d647bf68,0x00000000d6480000)
  to   space 4096K, 0% used [0x00000000d5c80000,0x00000000d5c80000,0x00000000d6080000)
 ParOldGen       total 136704K, used 136452K [0x0000000080000000, 0x0000000088580000, 0x00000000d5580000)
  object space 136704K, 99% used [0x0000000080000000,0x0000000088541138,0x0000000088580000)
 Metaspace       used 70945K, committed 72512K, reserved 1114112K
  class space    used 7604K, committed 8256K, reserved 1048576K
}
Event: 39.874 GC heap before
{Heap before GC invocations=298 (full 3):
 PSYoungGen      total 10240K, used 10223K [0x00000000d5580000, 0x00000000d6480000, 0x0000000100000000)
  eden space 6656K, 99% used [0x00000000d5580000,0x00000000d5bffff8,0x00000000d5c00000)
  from space 3584K, 99% used [0x00000000d6100000,0x00000000d647bf68,0x00000000d6480000)
  to   space 4096K, 0% used [0x00000000d5c80000,0x00000000d5c80000,0x00000000d6080000)
 ParOldGen       total 136704K, used 136452K [0x0000000080000000, 0x0000000088580000, 0x00000000d5580000)
  object space 136704K, 99% used [0x0000000080000000,0x0000000088541138,0x0000000088580000)
 Metaspace       used 71380K, committed 72960K, reserved 1114112K
  class space    used 7651K, committed 8320K, reserved 1048576K
}
Event: 39.876 GC heap after
{Heap after GC invocations=298 (full 3):
 PSYoungGen      total 8704K, used 1792K [0x00000000d5580000, 0x00000000d6180000, 0x0000000100000000)
  eden space 6656K, 0% used [0x00000000d5580000,0x00000000d5580000,0x00000000d5c00000)
  from space 2048K, 87% used [0x00000000d5c80000,0x00000000d5e40210,0x00000000d5e80000)
  to   space 2560K, 0% used [0x00000000d5f00000,0x00000000d5f00000,0x00000000d6180000)
 ParOldGen       total 137728K, used 137660K [0x0000000080000000, 0x0000000088680000, 0x00000000d5580000)
  object space 137728K, 99% used [0x0000000080000000,0x000000008866f158,0x0000000088680000)
 Metaspace       used 71380K, committed 72960K, reserved 1114112K
  class space    used 7651K, committed 8320K, reserved 1048576K
}
Event: 40.007 GC heap before
{Heap before GC invocations=299 (full 3):
 PSYoungGen      total 8704K, used 8448K [0x00000000d5580000, 0x00000000d6180000, 0x0000000100000000)
  eden space 6656K, 99% used [0x00000000d5580000,0x00000000d5bffff8,0x00000000d5c00000)
  from space 2048K, 87% used [0x00000000d5c80000,0x00000000d5e40210,0x00000000d5e80000)
  to   space 2560K, 0% used [0x00000000d5f00000,0x00000000d5f00000,0x00000000d6180000)
 ParOldGen       total 137728K, used 137660K [0x0000000080000000, 0x0000000088680000, 0x00000000d5580000)
  object space 137728K, 99% used [0x0000000080000000,0x000000008866f158,0x0000000088680000)
 Metaspace       used 71404K, committed 72960K, reserved 1114112K
  class space    used 7652K, committed 8320K, reserved 1048576K
}
Event: 40.008 GC heap after
{Heap after GC invocations=299 (full 3):
 PSYoungGen      total 7680K, used 714K [0x00000000d5580000, 0x00000000d6000000, 0x0000000100000000)
  eden space 6656K, 0% used [0x00000000d5580000,0x00000000d5580000,0x00000000d5c00000)
  from space 1024K, 69% used [0x00000000d5f00000,0x00000000d5fb2930,0x00000000d6000000)
  to   space 1536K, 0% used [0x00000000d5d00000,0x00000000d5d00000,0x00000000d5e80000)
 ParOldGen       total 138240K, used 137898K [0x0000000080000000, 0x0000000088700000, 0x00000000d5580000)
  object space 138240K, 99% used [0x0000000080000000,0x00000000886aabc8,0x0000000088700000)
 Metaspace       used 71404K, committed 72960K, reserved 1114112K
  class space    used 7652K, committed 8320K, reserved 1048576K
}
Event: 40.073 GC heap before
{Heap before GC invocations=300 (full 3):
 PSYoungGen      total 7680K, used 7370K [0x00000000d5580000, 0x00000000d6000000, 0x0000000100000000)
  eden space 6656K, 100% used [0x00000000d5580000,0x00000000d5c00000,0x00000000d5c00000)
  from space 1024K, 69% used [0x00000000d5f00000,0x00000000d5fb2930,0x00000000d6000000)
  to   space 1536K, 0% used [0x00000000d5d00000,0x00000000d5d00000,0x00000000d5e80000)
 ParOldGen       total 138240K, used 137898K [0x0000000080000000, 0x0000000088700000, 0x00000000d5580000)
  object space 138240K, 99% used [0x0000000080000000,0x00000000886aabc8,0x0000000088700000)
 Metaspace       used 71505K, committed 73152K, reserved 1114112K
  class space    used 7655K, committed 8384K, reserved 1048576K
}
Event: 40.075 GC heap after
{Heap after GC invocations=300 (full 3):
 PSYoungGen      total 8192K, used 580K [0x00000000d5580000, 0x00000000d5f80000, 0x0000000100000000)
  eden space 6656K, 0% used [0x00000000d5580000,0x00000000d5580000,0x00000000d5c00000)
  from space 1536K, 37% used [0x00000000d5d00000,0x00000000d5d91210,0x00000000d5e80000)
  to   space 1024K, 0% used [0x00000000d5e80000,0x00000000d5e80000,0x00000000d5f80000)
 ParOldGen       total 138240K, used 138083K [0x0000000080000000, 0x0000000088700000, 0x00000000d5580000)
  object space 138240K, 99% used [0x0000000080000000,0x00000000886d8c78,0x0000000088700000)
 Metaspace       used 71505K, committed 73152K, reserved 1114112K
  class space    used 7655K, committed 8384K, reserved 1048576K
}
Event: 45.122 GC heap before
{Heap before GC invocations=301 (full 3):
 PSYoungGen      total 8192K, used 7236K [0x00000000d5580000, 0x00000000d5f80000, 0x0000000100000000)
  eden space 6656K, 100% used [0x00000000d5580000,0x00000000d5c00000,0x00000000d5c00000)
  from space 1536K, 37% used [0x00000000d5d00000,0x00000000d5d91210,0x00000000d5e80000)
  to   space 1024K, 0% used [0x00000000d5e80000,0x00000000d5e80000,0x00000000d5f80000)
 ParOldGen       total 138240K, used 138083K [0x0000000080000000, 0x0000000088700000, 0x00000000d5580000)
  object space 138240K, 99% used [0x0000000080000000,0x00000000886d8c78,0x0000000088700000)
 Metaspace       used 71590K, committed 73216K, reserved 1114112K
  class space    used 7656K, committed 8384K, reserved 1048576K
}
Event: 45.123 GC heap after
{Heap after GC invocations=301 (full 3):
 PSYoungGen      total 7168K, used 282K [0x00000000d5580000, 0x00000000d5f00000, 0x0000000100000000)
  eden space 6656K, 0% used [0x00000000d5580000,0x00000000d5580000,0x00000000d5c00000)
  from space 512K, 55% used [0x00000000d5e80000,0x00000000d5ec6900,0x00000000d5f00000)
  to   space 512K, 0% used [0x00000000d5e00000,0x00000000d5e00000,0x00000000d5e80000)
 ParOldGen       total 138240K, used 138139K [0x0000000080000000, 0x0000000088700000, 0x00000000d5580000)
  object space 138240K, 99% used [0x0000000080000000,0x00000000886e6c78,0x0000000088700000)
 Metaspace       used 71590K, committed 73216K, reserved 1114112K
  class space    used 7656K, committed 8384K, reserved 1048576K
}
Event: 45.187 GC heap before
{Heap before GC invocations=302 (full 3):
 PSYoungGen      total 7168K, used 6938K [0x00000000d5580000, 0x00000000d5f00000, 0x0000000100000000)
  eden space 6656K, 100% used [0x00000000d5580000,0x00000000d5c00000,0x00000000d5c00000)
  from space 512K, 55% used [0x00000000d5e80000,0x00000000d5ec6900,0x00000000d5f00000)
  to   space 512K, 0% used [0x00000000d5e00000,0x00000000d5e00000,0x00000000d5e80000)
 ParOldGen       total 138240K, used 138139K [0x0000000080000000, 0x0000000088700000, 0x00000000d5580000)
  object space 138240K, 99% used [0x0000000080000000,0x00000000886e6c78,0x0000000088700000)
 Metaspace       used 71955K, committed 73600K, reserved 1114112K
  class space    used 7679K, committed 8384K, reserved 1048576K
}
Event: 45.189 GC heap after
{Heap after GC invocations=302 (full 3):
 PSYoungGen      total 7168K, used 512K [0x00000000d5580000, 0x00000000d5f00000, 0x0000000100000000)
  eden space 6656K, 0% used [0x00000000d5580000,0x00000000d5580000,0x00000000d5c00000)
  from space 512K, 100% used [0x00000000d5e00000,0x00000000d5e80000,0x00000000d5e80000)
  to   space 512K, 0% used [0x00000000d5e80000,0x00000000d5e80000,0x00000000d5f00000)
 ParOldGen       total 138752K, used 138551K [0x0000000080000000, 0x0000000088780000, 0x00000000d5580000)
  object space 138752K, 99% used [0x0000000080000000,0x000000008874de88,0x0000000088780000)
 Metaspace       used 71955K, committed 73600K, reserved 1114112K
  class space    used 7679K, committed 8384K, reserved 1048576K
}
Event: 45.863 GC heap before
{Heap before GC invocations=303 (full 3):
 PSYoungGen      total 7168K, used 7168K [0x00000000d5580000, 0x00000000d5f00000, 0x0000000100000000)
  eden space 6656K, 100% used [0x00000000d5580000,0x00000000d5c00000,0x00000000d5c00000)
  from space 512K, 100% used [0x00000000d5e00000,0x00000000d5e80000,0x00000000d5e80000)
  to   space 512K, 0% used [0x00000000d5e80000,0x00000000d5e80000,0x00000000d5f00000)
 ParOldGen       total 138752K, used 138551K [0x0000000080000000, 0x0000000088780000, 0x00000000d5580000)
  object space 138752K, 99% used [0x0000000080000000,0x000000008874de88,0x0000000088780000)
 Metaspace       used 72344K, committed 74048K, reserved 1179648K
  class space    used 7708K, committed 8448K, reserved 1048576K
}
Event: 45.868 GC heap after
{Heap after GC invocations=303 (full 3):
 PSYoungGen      total 7168K, used 512K [0x00000000d5580000, 0x00000000d5f00000, 0x0000000100000000)
  eden space 6656K, 0% used [0x00000000d5580000,0x00000000d5580000,0x00000000d5c00000)
  from space 512K, 100% used [0x00000000d5e80000,0x00000000d5f00000,0x00000000d5f00000)
  to   space 1536K, 0% used [0x00000000d5c00000,0x00000000d5c00000,0x00000000d5d80000)
 ParOldGen       total 139776K, used 139351K [0x0000000080000000, 0x0000000088880000, 0x00000000d5580000)
  object space 139776K, 99% used [0x0000000080000000,0x0000000088815e88,0x0000000088880000)
 Metaspace       used 72344K, committed 74048K, reserved 1179648K
  class space    used 7708K, committed 8448K, reserved 1048576K
}
Event: 47.151 GC heap before
{Heap before GC invocations=304 (full 3):
 PSYoungGen      total 7168K, used 7167K [0x00000000d5580000, 0x00000000d5f00000, 0x0000000100000000)
  eden space 6656K, 99% used [0x00000000d5580000,0x00000000d5bffff8,0x00000000d5c00000)
  from space 512K, 100% used [0x00000000d5e80000,0x00000000d5f00000,0x00000000d5f00000)
  to   space 1536K, 0% used [0x00000000d5c00000,0x00000000d5c00000,0x00000000d5d80000)
 ParOldGen       total 139776K, used 139351K [0x0000000080000000, 0x0000000088880000, 0x00000000d5580000)
  object space 139776K, 99% used [0x0000000080000000,0x0000000088815e88,0x0000000088880000)
 Metaspace       used 72354K, committed 74048K, reserved 1179648K
  class space    used 7708K, committed 8448K, reserved 1048576K
}
Event: 47.152 GC heap after
{Heap after GC invocations=304 (full 3):
 PSYoungGen      total 8192K, used 276K [0x00000000d5580000, 0x00000000d5f00000, 0x0000000100000000)
  eden space 6656K, 0% used [0x00000000d5580000,0x00000000d5580000,0x00000000d5c00000)
  from space 1536K, 18% used [0x00000000d5c00000,0x00000000d5c45220,0x00000000d5d80000)
  to   space 1024K, 0% used [0x00000000d5e00000,0x00000000d5e00000,0x00000000d5f00000)
 ParOldGen       total 140288K, used 139862K [0x0000000080000000, 0x0000000088900000, 0x00000000d5580000)
  object space 140288K, 99% used [0x0000000080000000,0x00000000888959f8,0x0000000088900000)
 Metaspace       used 72354K, committed 74048K, reserved 1179648K
  class space    used 7708K, committed 8448K, reserved 1048576K
}

