# JRE version: OpenJDK Runtime Environment Temurin-21.0.9+10 (21.0.9+10) (build 21.0.9+10-LTS)
# Java VM: OpenJDK 64-Bit Server VM Temurin-21.0.9+10 (21.0.9+10-LTS, mixed mode, sharing, tiered, compressed oops, compressed class ptrs, parallel gc, windows-amd64)
GC Precious Log:
 CardTable entry size: 512
 CPUs: 8 total, 8 available
 Memory: 16221M
 Large Page Support: Disabled
 NUMA Support: Disabled
 Compressed Oops: Enabled (32-bit)
 Alignments: Space 512K, Generation 512K, Heap 2M
 Heap Min Capacity: 100M
 Heap Initial Capacity: 100M
 Heap Max Capacity: 2G
 Pre-touch: Disabled
 Parallel Workers: 8
Heap:
 PSYoungGen      total 3072K, used 1823K [0x00000000d5580000, 0x00000000d5d00000, 0x0000000100000000)
  eden space 2560K, 51% used [0x00000000d5580000,0x00000000d56c7f18,0x00000000d5800000)
  from space 512K, 100% used [0x00000000d5c80000,0x00000000d5d00000,0x00000000d5d00000)
  to   space 1024K, 0% used [0x00000000d5b00000,0x00000000d5b00000,0x00000000d5c00000)
 ParOldGen       total 283648K, used 283208K [0x0000000080000000, 0x0000000091500000, 0x00000000d5580000)
  object space 283648K, 99% used [0x0000000080000000,0x00000000914923f8,0x0000000091500000)
 Metaspace       used 76893K, committed 78656K, reserved 1179648K
  class space    used 8112K, committed 8896K, reserved 1048576K
GC Heap History (20 events):
Event: 271.044 GC heap before
{Heap before GC invocations=162 (full 3):
 PSYoungGen      total 2048K, used 1664K [0x00000000d5580000, 0x00000000d5d00000, 0x0000000100000000)
  eden space 1536K, 100% used [0x00000000d5580000,0x00000000d5700000,0x00000000d5700000)
  from space 512K, 25% used [0x00000000d5c80000,0x00000000d5ca0000,0x00000000d5d00000)
  to   space 512K, 0% used [0x00000000d5c00000,0x00000000d5c00000,0x00000000d5c80000)
 ParOldGen       total 281600K, used 281586K [0x0000000080000000, 0x0000000091300000, 0x00000000d5580000)
  object space 281600K, 99% used [0x0000000080000000,0x00000000912fc8b8,0x0000000091300000)
 Metaspace       used 76874K, committed 78656K, reserved 1179648K
  class space    used 8111K, committed 8896K, reserved 1048576K
}
Event: 271.047 GC heap after
{Heap after GC invocations=162 (full 3):
 PSYoungGen      total 2048K, used 288K [0x00000000d5580000, 0x00000000d5d00000, 0x0000000100000000)
  eden space 1536K, 0% used [0x00000000d5580000,0x00000000d5580000,0x00000000d5700000)
  from space 512K, 56% used [0x00000000d5c00000,0x00000000d5c48000,0x00000000d5c80000)
  to   space 512K, 0% used [0x00000000d5c80000,0x00000000d5c80000,0x00000000d5d00000)
 ParOldGen       total 282112K, used 281666K [0x0000000080000000, 0x0000000091380000, 0x00000000d5580000)
  object space 282112K, 99% used [0x0000000080000000,0x00000000913108b8,0x0000000091380000)
 Metaspace       used 76874K, committed 78656K, reserved 1179648K
  class space    used 8111K, committed 8896K, reserved 1048576K
}
Event: 271.068 GC heap before
{Heap before GC invocations=163 (full 3):
 PSYoungGen      total 2048K, used 1824K [0x00000000d5580000, 0x00000000d5d00000, 0x0000000100000000)
  eden space 1536K, 100% used [0x00000000d5580000,0x00000000d5700000,0x00000000d5700000)
  from space 512K, 56% used [0x00000000d5c00000,0x00000000d5c48000,0x00000000d5c80000)
  to   space 512K, 0% used [0x00000000d5c80000,0x00000000d5c80000,0x00000000d5d00000)
 ParOldGen       total 282112K, used 281666K [0x0000000080000000, 0x0000000091380000, 0x00000000d5580000)
  object space 282112K, 99% used [0x0000000080000000,0x00000000913108b8,0x0000000091380000)
 Metaspace       used 76874K, committed 78656K, reserved 1179648K
  class space    used 8111K, committed 8896K, reserved 1048576K
}
Event: 271.070 GC heap after
{Heap after GC invocations=163 (full 3):
 PSYoungGen      total 2048K, used 218K [0x00000000d5580000, 0x00000000d5d00000, 0x0000000100000000)
  eden space 1536K, 0% used [0x00000000d5580000,0x00000000d5580000,0x00000000d5700000)
  from space 512K, 42% used [0x00000000d5c80000,0x00000000d5cb6900,0x00000000d5d00000)
  to   space 512K, 0% used [0x00000000d5c00000,0x00000000d5c00000,0x00000000d5c80000)
 ParOldGen       total 282112K, used 281818K [0x0000000080000000, 0x0000000091380000, 0x00000000d5580000)
  object space 282112K, 99% used [0x0000000080000000,0x00000000913368b8,0x0000000091380000)
 Metaspace       used 76874K, committed 78656K, reserved 1179648K
  class space    used 8111K, committed 8896K, reserved 1048576K
}
Event: 271.079 GC heap before
{Heap before GC invocations=164 (full 3):
 PSYoungGen      total 2048K, used 1754K [0x00000000d5580000, 0x00000000d5d00000, 0x0000000100000000)
  eden space 1536K, 100% used [0x00000000d5580000,0x00000000d5700000,0x00000000d5700000)
  from space 512K, 42% used [0x00000000d5c80000,0x00000000d5cb6900,0x00000000d5d00000)
  to   space 512K, 0% used [0x00000000d5c00000,0x00000000d5c00000,0x00000000d5c80000)
 ParOldGen       total 282112K, used 281818K [0x0000000080000000, 0x0000000091380000, 0x00000000d5580000)
  object space 282112K, 99% used [0x0000000080000000,0x00000000913368b8,0x0000000091380000)
 Metaspace       used 76874K, committed 78656K, reserved 1179648K
  class space    used 8111K, committed 8896K, reserved 1048576K
}
Event: 271.080 GC heap after
{Heap after GC invocations=164 (full 3):
 PSYoungGen      total 2048K, used 416K [0x00000000d5580000, 0x00000000d5d00000, 0x0000000100000000)
  eden space 1536K, 0% used [0x00000000d5580000,0x00000000d5580000,0x00000000d5700000)
  from space 512K, 81% used [0x00000000d5c00000,0x00000000d5c68000,0x00000000d5c80000)
  to   space 512K, 0% used [0x00000000d5c80000,0x00000000d5c80000,0x00000000d5d00000)
 ParOldGen       total 282112K, used 281974K [0x0000000080000000, 0x0000000091380000, 0x00000000d5580000)
  object space 282112K, 99% used [0x0000000080000000,0x000000009135dac8,0x0000000091380000)
 Metaspace       used 76874K, committed 78656K, reserved 1179648K
  class space    used 8111K, committed 8896K, reserved 1048576K
}
Event: 271.187 GC heap before
{Heap before GC invocations=165 (full 3):
 PSYoungGen      total 2048K, used 1952K [0x00000000d5580000, 0x00000000d5d00000, 0x0000000100000000)
  eden space 1536K, 100% used [0x00000000d5580000,0x00000000d5700000,0x00000000d5700000)
  from space 512K, 81% used [0x00000000d5c00000,0x00000000d5c68000,0x00000000d5c80000)
  to   space 512K, 0% used [0x00000000d5c80000,0x00000000d5c80000,0x00000000d5d00000)
 ParOldGen       total 282112K, used 281974K [0x0000000080000000, 0x0000000091380000, 0x00000000d5580000)
  object space 282112K, 99% used [0x0000000080000000,0x000000009135dac8,0x0000000091380000)
 Metaspace       used 76883K, committed 78656K, reserved 1179648K
  class space    used 8112K, committed 8896K, reserved 1048576K
}
Event: 271.193 GC heap after
{Heap after GC invocations=165 (full 3):
 PSYoungGen      total 2048K, used 288K [0x00000000d5580000, 0x00000000d5d00000, 0x0000000100000000)
  eden space 1536K, 0% used [0x00000000d5580000,0x00000000d5580000,0x00000000d5700000)
  from space 512K, 56% used [0x00000000d5c80000,0x00000000d5cc8000,0x00000000d5d00000)
  to   space 512K, 0% used [0x00000000d5c00000,0x00000000d5c00000,0x00000000d5c80000)
 ParOldGen       total 282624K, used 282262K [0x0000000080000000, 0x0000000091400000, 0x00000000d5580000)
  object space 282624K, 99% used [0x0000000080000000,0x00000000913a5ac8,0x0000000091400000)
 Metaspace       used 76883K, committed 78656K, reserved 1179648K
  class space    used 8112K, committed 8896K, reserved 1048576K
}
Event: 271.204 GC heap before
{Heap before GC invocations=166 (full 3):
 PSYoungGen      total 2048K, used 1824K [0x00000000d5580000, 0x00000000d5d00000, 0x0000000100000000)
  eden space 1536K, 100% used [0x00000000d5580000,0x00000000d5700000,0x00000000d5700000)
  from space 512K, 56% used [0x00000000d5c80000,0x00000000d5cc8000,0x00000000d5d00000)
  to   space 512K, 0% used [0x00000000d5c00000,0x00000000d5c00000,0x00000000d5c80000)
 ParOldGen       total 282624K, used 282262K [0x0000000080000000, 0x0000000091400000, 0x00000000d5580000)
  object space 282624K, 99% used [0x0000000080000000,0x00000000913a5ac8,0x0000000091400000)
 Metaspace       used 76886K, committed 78656K, reserved 1179648K
  class space    used 8112K, committed 8896K, reserved 1048576K
}
Event: 271.207 GC heap after
{Heap after GC invocations=166 (full 3):
 PSYoungGen      total 2048K, used 250K [0x00000000d5580000, 0x00000000d5d00000, 0x0000000100000000)
  eden space 1536K, 0% used [0x00000000d5580000,0x00000000d5580000,0x00000000d5700000)
  from space 512K, 48% used [0x00000000d5c00000,0x00000000d5c3e900,0x00000000d5c80000)
  to   space 512K, 0% used [0x00000000d5c80000,0x00000000d5c80000,0x00000000d5d00000)
 ParOldGen       total 282624K, used 282411K [0x0000000080000000, 0x0000000091400000, 0x00000000d5580000)
  object space 282624K, 99% used [0x0000000080000000,0x00000000913cad58,0x0000000091400000)
 Metaspace       used 76886K, committed 78656K, reserved 1179648K
  class space    used 8112K, committed 8896K, reserved 1048576K
}
Event: 271.212 GC heap before
{Heap before GC invocations=167 (full 3):
 PSYoungGen      total 2048K, used 1786K [0x00000000d5580000, 0x00000000d5d00000, 0x0000000100000000)
  eden space 1536K, 99% used [0x00000000d5580000,0x00000000d56fffe0,0x00000000d5700000)
  from space 512K, 48% used [0x00000000d5c00000,0x00000000d5c3e900,0x00000000d5c80000)
  to   space 512K, 0% used [0x00000000d5c80000,0x00000000d5c80000,0x00000000d5d00000)
 ParOldGen       total 282624K, used 282411K [0x0000000080000000, 0x0000000091400000, 0x00000000d5580000)
  object space 282624K, 99% used [0x0000000080000000,0x00000000913cad58,0x0000000091400000)
 Metaspace       used 76886K, committed 78656K, reserved 1179648K
  class space    used 8112K, committed 8896K, reserved 1048576K
}
Event: 271.214 GC heap after
{Heap after GC invocations=167 (full 3):
 PSYoungGen      total 2048K, used 352K [0x00000000d5580000, 0x00000000d5d00000, 0x0000000100000000)
  eden space 1536K, 0% used [0x00000000d5580000,0x00000000d5580000,0x00000000d5700000)
  from space 512K, 68% used [0x00000000d5c80000,0x00000000d5cd8000,0x00000000d5d00000)
  to   space 512K, 0% used [0x00000000d5c00000,0x00000000d5c00000,0x00000000d5c80000)
 ParOldGen       total 282624K, used 282583K [0x0000000080000000, 0x0000000091400000, 0x00000000d5580000)
  object space 282624K, 99% used [0x0000000080000000,0x00000000913f5f68,0x0000000091400000)
 Metaspace       used 76886K, committed 78656K, reserved 1179648K
  class space    used 8112K, committed 8896K, reserved 1048576K
}
Event: 271.919 GC heap before
{Heap before GC invocations=168 (full 3):
 PSYoungGen      total 2048K, used 1887K [0x00000000d5580000, 0x00000000d5d00000, 0x0000000100000000)
  eden space 1536K, 99% used [0x00000000d5580000,0x00000000d56fffb8,0x00000000d5700000)
  from space 512K, 68% used [0x00000000d5c80000,0x00000000d5cd8000,0x00000000d5d00000)
  to   space 512K, 0% used [0x00000000d5c00000,0x00000000d5c00000,0x00000000d5c80000)
 ParOldGen       total 282624K, used 282583K [0x0000000080000000, 0x0000000091400000, 0x00000000d5580000)
  object space 282624K, 99% used [0x0000000080000000,0x00000000913f5f68,0x0000000091400000)
 Metaspace       used 76890K, committed 78656K, reserved 1179648K
  class space    used 8112K, committed 8896K, reserved 1048576K
}
Event: 271.923 GC heap after
{Heap after GC invocations=168 (full 3):
 PSYoungGen      total 2048K, used 340K [0x00000000d5580000, 0x00000000d5d00000, 0x0000000100000000)
  eden space 1536K, 0% used [0x00000000d5580000,0x00000000d5580000,0x00000000d5700000)
  from space 512K, 66% used [0x00000000d5c00000,0x00000000d5c55200,0x00000000d5c80000)
  to   space 512K, 0% used [0x00000000d5c80000,0x00000000d5c80000,0x00000000d5d00000)
 ParOldGen       total 283136K, used 282863K [0x0000000080000000, 0x0000000091480000, 0x00000000d5580000)
  object space 283136K, 99% used [0x0000000080000000,0x000000009143bf68,0x0000000091480000)
 Metaspace       used 76890K, committed 78656K, reserved 1179648K
  class space    used 8112K, committed 8896K, reserved 1048576K
}
Event: 271.926 GC heap before
{Heap before GC invocations=169 (full 3):
 PSYoungGen      total 2048K, used 1876K [0x00000000d5580000, 0x00000000d5d00000, 0x0000000100000000)
  eden space 1536K, 99% used [0x00000000d5580000,0x00000000d56ffff8,0x00000000d5700000)
  from space 512K, 66% used [0x00000000d5c00000,0x00000000d5c55200,0x00000000d5c80000)
  to   space 512K, 0% used [0x00000000d5c80000,0x00000000d5c80000,0x00000000d5d00000)
 ParOldGen       total 283136K, used 282863K [0x0000000080000000, 0x0000000091480000, 0x00000000d5580000)
  object space 283136K, 99% used [0x0000000080000000,0x000000009143bf68,0x0000000091480000)
 Metaspace       used 76891K, committed 78656K, reserved 1179648K
  class space    used 8112K, committed 8896K, reserved 1048576K
}
Event: 271.928 GC heap after
{Heap after GC invocations=169 (full 3):
 PSYoungGen      total 2048K, used 448K [0x00000000d5580000, 0x00000000d5d00000, 0x0000000100000000)
  eden space 1536K, 0% used [0x00000000d5580000,0x00000000d5580000,0x00000000d5700000)
  from space 512K, 87% used [0x00000000d5c80000,0x00000000d5cf0000,0x00000000d5d00000)
  to   space 512K, 0% used [0x00000000d5c00000,0x00000000d5c00000,0x00000000d5c80000)
 ParOldGen       total 283136K, used 283080K [0x0000000080000000, 0x0000000091480000, 0x00000000d5580000)
  object space 283136K, 99% used [0x0000000080000000,0x00000000914723f8,0x0000000091480000)
 Metaspace       used 76891K, committed 78656K, reserved 1179648K
  class space    used 8112K, committed 8896K, reserved 1048576K
}
Event: 271.930 GC heap before
{Heap before GC invocations=170 (full 3):
 PSYoungGen      total 2048K, used 1969K [0x00000000d5580000, 0x00000000d5d00000, 0x0000000100000000)
  eden space 1536K, 99% used [0x00000000d5580000,0x00000000d56fc448,0x00000000d5700000)
  from space 512K, 87% used [0x00000000d5c80000,0x00000000d5cf0000,0x00000000d5d00000)
  to   space 512K, 0% used [0x00000000d5c00000,0x00000000d5c00000,0x00000000d5c80000)
 ParOldGen       total 283136K, used 283080K [0x0000000080000000, 0x0000000091480000, 0x00000000d5580000)
  object space 283136K, 99% used [0x0000000080000000,0x00000000914723f8,0x0000000091480000)
 Metaspace       used 76891K, committed 78656K, reserved 1179648K
  class space    used 8112K, committed 8896K, reserved 1048576K
}
Event: 272.931 GC heap after
{Heap after GC invocations=170 (full 3):
 PSYoungGen      total 2560K, used 192K [0x00000000d5580000, 0x00000000d5d00000, 0x0000000100000000)
  eden space 2048K, 0% used [0x00000000d5580000,0x00000000d5580000,0x00000000d5780000)
  from space 512K, 37% used [0x00000000d5c00000,0x00000000d5c30000,0x00000000d5c80000)
  to   space 512K, 0% used [0x00000000d5c80000,0x00000000d5c80000,0x00000000d5d00000)
 ParOldGen       total 283648K, used 283136K [0x0000000080000000, 0x0000000091500000, 0x00000000d5580000)
  object space 283648K, 99% used [0x0000000080000000,0x00000000914803f8,0x0000000091500000)
 Metaspace       used 76891K, committed 78656K, reserved 1179648K
  class space    used 8112K, committed 8896K, reserved 1048576K
}
Event: 272.937 GC heap before
{Heap before GC invocations=171 (full 3):
 PSYoungGen      total 2560K, used 2240K [0x00000000d5580000, 0x00000000d5d00000, 0x0000000100000000)
  eden space 2048K, 100% used [0x00000000d5580000,0x00000000d5780000,0x00000000d5780000)
  from space 512K, 37% used [0x00000000d5c00000,0x00000000d5c30000,0x00000000d5c80000)
  to   space 512K, 0% used [0x00000000d5c80000,0x00000000d5c80000,0x00000000d5d00000)
 ParOldGen       total 283648K, used 283136K [0x0000000080000000, 0x0000000091500000, 0x00000000d5580000)
  object space 283648K, 99% used [0x0000000080000000,0x00000000914803f8,0x0000000091500000)
 Metaspace       used 76891K, committed 78656K, reserved 1179648K
  class space    used 8112K, committed 8896K, reserved 1048576K
}
Event: 272.938 GC heap after
{Heap after GC invocations=171 (full 3):
 PSYoungGen      total 3072K, used 512K [0x00000000d5580000, 0x00000000d5d00000, 0x0000000100000000)
  eden space 2560K, 0% used [0x00000000d5580000,0x00000000d5580000,0x00000000d5800000)
  from space 512K, 100% used [0x00000000d5c80000,0x00000000d5d00000,0x00000000d5d00000)
  to   space 1024K, 0% used [0x00000000d5b00000,0x00000000d5b00000,0x00000000d5c00000)
 ParOldGen       total 283648K, used 283208K [0x0000000080000000, 0x0000000091500000, 0x00000000d5580000)
  object space 283648K, 99% used [0x0000000080000000,0x00000000914923f8,0x0000000091500000)
 Metaspace       used 76891K, committed 78656K, reserved 1179648K
  class space    used 8112K, committed 8896K, reserved 1048576K
}

