# JRE version: OpenJDK Runtime Environment Temurin-21.0.9+10 (21.0.9+10) (build 21.0.9+10-LTS)
# Java VM: OpenJDK 64-Bit Server VM Temurin-21.0.9+10 (21.0.9+10-LTS, mixed mode, sharing, tiered, compressed oops, compressed class ptrs, parallel gc, windows-amd64)
GC Precious Log:
 CardTable entry size: 512
 CPUs: 8 total, 8 available
 Memory: 16221M
 Large Page Support: Disabled
 NUMA Support: Disabled
 Compressed Oops: Enabled (32-bit)
 Alignments: Space 512K, Generation 512K, Heap 2M
 Heap Min Capacity: 100M
 Heap Initial Capacity: 100M
 Heap Max Capacity: 2G
 Pre-touch: Disabled
 Parallel Workers: 8
Heap:
 PSYoungGen      total 8192K, used 4623K [0x00000000d5580000, 0x00000000d5e80000, 0x0000000100000000)
  eden space 7168K, 51% used [0x00000000d5580000,0x00000000d591ec98,0x00000000d5c80000)
  from space 1024K, 89% used [0x00000000d5c80000,0x00000000d5d65200,0x00000000d5d80000)
  to   space 1024K, 0% used [0x00000000d5d80000,0x00000000d5d80000,0x00000000d5e80000)
 ParOldGen       total 1339392K, used 1339222K [0x0000000080000000, 0x00000000d1c00000, 0x00000000d5580000)
  object space 1339392K, 99% used [0x0000000080000000,0x00000000d1bd5960,0x00000000d1c00000)
 Metaspace       used 93297K, committed 94976K, reserved 1179648K
  class space    used 9370K, committed 10176K, reserved 1048576K
GC Heap History (20 events):
Event: 39922.458 GC heap before
{Heap before GC invocations=2818 (full 6):
 PSYoungGen      total 8192K, used 8052K [0x00000000d5580000, 0x00000000d5e80000, 0x0000000100000000)
  eden space 7168K, 100% used [0x00000000d5580000,0x00000000d5c80000,0x00000000d5c80000)
  from space 1024K, 86% used [0x00000000d5c80000,0x00000000d5d5d200,0x00000000d5d80000)
  to   space 1024K, 0% used [0x00000000d5d80000,0x00000000d5d80000,0x00000000d5e80000)
 ParOldGen       total 1335296K, used 1335069K [0x0000000080000000, 0x00000000d1800000, 0x00000000d5580000)
  object space 1335296K, 99% used [0x0000000080000000,0x00000000d17c7560,0x00000000d1800000)
 Metaspace       used 93271K, committed 94976K, reserved 1179648K
  class space    used 9370K, committed 10176K, reserved 1048576K
}
Event: 39922.461 GC heap after
{Heap after GC invocations=2818 (full 6):
 PSYoungGen      total 8192K, used 916K [0x00000000d5580000, 0x00000000d5e80000, 0x0000000100000000)
  eden space 7168K, 0% used [0x00000000d5580000,0x00000000d5580000,0x00000000d5c80000)
  from space 1024K, 89% used [0x00000000d5d80000,0x00000000d5e65200,0x00000000d5e80000)
  to   space 1024K, 0% used [0x00000000d5c80000,0x00000000d5c80000,0x00000000d5d80000)
 ParOldGen       total 1336320K, used 1335860K [0x0000000080000000, 0x00000000d1900000, 0x00000000d5580000)
  object space 1336320K, 99% used [0x0000000080000000,0x00000000d188d1c0,0x00000000d1900000)
 Metaspace       used 93271K, committed 94976K, reserved 1179648K
  class space    used 9370K, committed 10176K, reserved 1048576K
}
Event: 39922.887 GC heap before
{Heap before GC invocations=2819 (full 6):
 PSYoungGen      total 8192K, used 8084K [0x00000000d5580000, 0x00000000d5e80000, 0x0000000100000000)
  eden space 7168K, 100% used [0x00000000d5580000,0x00000000d5c80000,0x00000000d5c80000)
  from space 1024K, 89% used [0x00000000d5d80000,0x00000000d5e65200,0x00000000d5e80000)
  to   space 1024K, 0% used [0x00000000d5c80000,0x00000000d5c80000,0x00000000d5d80000)
 ParOldGen       total 1336320K, used 1335860K [0x0000000080000000, 0x00000000d1900000, 0x00000000d5580000)
  object space 1336320K, 99% used [0x0000000080000000,0x00000000d188d1c0,0x00000000d1900000)
 Metaspace       used 93272K, committed 94976K, reserved 1179648K
  class space    used 9370K, committed 10176K, reserved 1048576K
}
Event: 39922.890 GC heap after
{Heap after GC invocations=2819 (full 6):
 PSYoungGen      total 8192K, used 916K [0x00000000d5580000, 0x00000000d5e80000, 0x0000000100000000)
  eden space 7168K, 0% used [0x00000000d5580000,0x00000000d5580000,0x00000000d5c80000)
  from space 1024K, 89% used [0x00000000d5c80000,0x00000000d5d65200,0x00000000d5d80000)
  to   space 1024K, 0% used [0x00000000d5d80000,0x00000000d5d80000,0x00000000d5e80000)
 ParOldGen       total 1336832K, used 1336643K [0x0000000080000000, 0x00000000d1980000, 0x00000000d5580000)
  object space 1336832K, 99% used [0x0000000080000000,0x00000000d1950e20,0x00000000d1980000)
 Metaspace       used 93272K, committed 94976K, reserved 1179648K
  class space    used 9370K, committed 10176K, reserved 1048576K
}
Event: 39922.901 GC heap before
{Heap before GC invocations=2820 (full 6):
 PSYoungGen      total 8192K, used 8084K [0x00000000d5580000, 0x00000000d5e80000, 0x0000000100000000)
  eden space 7168K, 100% used [0x00000000d5580000,0x00000000d5c80000,0x00000000d5c80000)
  from space 1024K, 89% used [0x00000000d5c80000,0x00000000d5d65200,0x00000000d5d80000)
  to   space 1024K, 0% used [0x00000000d5d80000,0x00000000d5d80000,0x00000000d5e80000)
 ParOldGen       total 1336832K, used 1336643K [0x0000000080000000, 0x00000000d1980000, 0x00000000d5580000)
  object space 1336832K, 99% used [0x0000000080000000,0x00000000d1950e20,0x00000000d1980000)
 Metaspace       used 93272K, committed 94976K, reserved 1179648K
  class space    used 9370K, committed 10176K, reserved 1048576K
}
Event: 39922.903 GC heap after
{Heap after GC invocations=2820 (full 6):
 PSYoungGen      total 8192K, used 948K [0x00000000d5580000, 0x00000000d5e80000, 0x0000000100000000)
  eden space 7168K, 0% used [0x00000000d5580000,0x00000000d5580000,0x00000000d5c80000)
  from space 1024K, 92% used [0x00000000d5d80000,0x00000000d5e6d200,0x00000000d5e80000)
  to   space 1024K, 0% used [0x00000000d5c80000,0x00000000d5c80000,0x00000000d5d80000)
 ParOldGen       total 1337856K, used 1337469K [0x0000000080000000, 0x00000000d1a80000, 0x00000000d5580000)
  object space 1337856K, 99% used [0x0000000080000000,0x00000000d1a1f590,0x00000000d1a80000)
 Metaspace       used 93272K, committed 94976K, reserved 1179648K
  class space    used 9370K, committed 10176K, reserved 1048576K
}
Event: 39927.098 GC heap before
{Heap before GC invocations=2821 (full 6):
 PSYoungGen      total 8192K, used 8116K [0x00000000d5580000, 0x00000000d5e80000, 0x0000000100000000)
  eden space 7168K, 100% used [0x00000000d5580000,0x00000000d5c80000,0x00000000d5c80000)
  from space 1024K, 92% used [0x00000000d5d80000,0x00000000d5e6d200,0x00000000d5e80000)
  to   space 1024K, 0% used [0x00000000d5c80000,0x00000000d5c80000,0x00000000d5d80000)
 ParOldGen       total 1337856K, used 1337469K [0x0000000080000000, 0x00000000d1a80000, 0x00000000d5580000)
  object space 1337856K, 99% used [0x0000000080000000,0x00000000d1a1f590,0x00000000d1a80000)
 Metaspace       used 93273K, committed 94976K, reserved 1179648K
  class space    used 9370K, committed 10176K, reserved 1048576K
}
Event: 39927.100 GC heap after
{Heap after GC invocations=2821 (full 6):
 PSYoungGen      total 8192K, used 730K [0x00000000d5580000, 0x00000000d5e80000, 0x0000000100000000)
  eden space 7168K, 0% used [0x00000000d5580000,0x00000000d5580000,0x00000000d5c80000)
  from space 1024K, 71% used [0x00000000d5c80000,0x00000000d5d36900,0x00000000d5d80000)
  to   space 1024K, 0% used [0x00000000d5d80000,0x00000000d5d80000,0x00000000d5e80000)
 ParOldGen       total 1338368K, used 1338271K [0x0000000080000000, 0x00000000d1b00000, 0x00000000d5580000)
  object space 1338368K, 99% used [0x0000000080000000,0x00000000d1ae7ce0,0x00000000d1b00000)
 Metaspace       used 93273K, committed 94976K, reserved 1179648K
  class space    used 9370K, committed 10176K, reserved 1048576K
}
Event: 39927.111 GC heap before
{Heap before GC invocations=2822 (full 6):
 PSYoungGen      total 8192K, used 7898K [0x00000000d5580000, 0x00000000d5e80000, 0x0000000100000000)
  eden space 7168K, 100% used [0x00000000d5580000,0x00000000d5c80000,0x00000000d5c80000)
  from space 1024K, 71% used [0x00000000d5c80000,0x00000000d5d36900,0x00000000d5d80000)
  to   space 1024K, 0% used [0x00000000d5d80000,0x00000000d5d80000,0x00000000d5e80000)
 ParOldGen       total 1338368K, used 1338271K [0x0000000080000000, 0x00000000d1b00000, 0x00000000d5580000)
  object space 1338368K, 99% used [0x0000000080000000,0x00000000d1ae7ce0,0x00000000d1b00000)
 Metaspace       used 93273K, committed 94976K, reserved 1179648K
  class space    used 9370K, committed 10176K, reserved 1048576K
}
Event: 39927.112 GC heap after
{Heap after GC invocations=2822 (full 6):
 PSYoungGen      total 8192K, used 532K [0x00000000d5580000, 0x00000000d5e80000, 0x0000000100000000)
  eden space 7168K, 0% used [0x00000000d5580000,0x00000000d5580000,0x00000000d5c80000)
  from space 1024K, 52% used [0x00000000d5d80000,0x00000000d5e05200,0x00000000d5e80000)
  to   space 1024K, 0% used [0x00000000d5c80000,0x00000000d5c80000,0x00000000d5d80000)
 ParOldGen       total 1338880K, used 1338505K [0x0000000080000000, 0x00000000d1b80000, 0x00000000d5580000)
  object space 1338880K, 99% used [0x0000000080000000,0x00000000d1b22720,0x00000000d1b80000)
 Metaspace       used 93273K, committed 94976K, reserved 1179648K
  class space    used 9370K, committed 10176K, reserved 1048576K
}
Event: 39927.396 GC heap before
{Heap before GC invocations=2823 (full 6):
 PSYoungGen      total 8192K, used 7700K [0x00000000d5580000, 0x00000000d5e80000, 0x0000000100000000)
  eden space 7168K, 100% used [0x00000000d5580000,0x00000000d5c80000,0x00000000d5c80000)
  from space 1024K, 52% used [0x00000000d5d80000,0x00000000d5e05200,0x00000000d5e80000)
  to   space 1024K, 0% used [0x00000000d5c80000,0x00000000d5c80000,0x00000000d5d80000)
 ParOldGen       total 1338880K, used 1338505K [0x0000000080000000, 0x00000000d1b80000, 0x00000000d5580000)
  object space 1338880K, 99% used [0x0000000080000000,0x00000000d1b22720,0x00000000d1b80000)
 Metaspace       used 93273K, committed 94976K, reserved 1179648K
  class space    used 9370K, committed 10176K, reserved 1048576K
}
Event: 39927.398 GC heap after
{Heap after GC invocations=2823 (full 6):
 PSYoungGen      total 8192K, used 512K [0x00000000d5580000, 0x00000000d5e80000, 0x0000000100000000)
  eden space 7168K, 0% used [0x00000000d5580000,0x00000000d5580000,0x00000000d5c80000)
  from space 1024K, 50% used [0x00000000d5c80000,0x00000000d5d00000,0x00000000d5d80000)
  to   space 1024K, 0% used [0x00000000d5d80000,0x00000000d5d80000,0x00000000d5e80000)
 ParOldGen       total 1338880K, used 1338505K [0x0000000080000000, 0x00000000d1b80000, 0x00000000d5580000)
  object space 1338880K, 99% used [0x0000000080000000,0x00000000d1b22720,0x00000000d1b80000)
 Metaspace       used 93273K, committed 94976K, reserved 1179648K
  class space    used 9370K, committed 10176K, reserved 1048576K
}
Event: 39927.408 GC heap before
{Heap before GC invocations=2824 (full 6):
 PSYoungGen      total 8192K, used 7680K [0x00000000d5580000, 0x00000000d5e80000, 0x0000000100000000)
  eden space 7168K, 100% used [0x00000000d5580000,0x00000000d5c80000,0x00000000d5c80000)
  from space 1024K, 50% used [0x00000000d5c80000,0x00000000d5d00000,0x00000000d5d80000)
  to   space 1024K, 0% used [0x00000000d5d80000,0x00000000d5d80000,0x00000000d5e80000)
 ParOldGen       total 1338880K, used 1338505K [0x0000000080000000, 0x00000000d1b80000, 0x00000000d5580000)
  object space 1338880K, 99% used [0x0000000080000000,0x00000000d1b22720,0x00000000d1b80000)
 Metaspace       used 93274K, committed 94976K, reserved 1179648K
  class space    used 9370K, committed 10176K, reserved 1048576K
}
Event: 39927.410 GC heap after
{Heap after GC invocations=2824 (full 6):
 PSYoungGen      total 8192K, used 602K [0x00000000d5580000, 0x00000000d5e80000, 0x0000000100000000)
  eden space 7168K, 0% used [0x00000000d5580000,0x00000000d5580000,0x00000000d5c80000)
  from space 1024K, 58% used [0x00000000d5d80000,0x00000000d5e16900,0x00000000d5e80000)
  to   space 1024K, 0% used [0x00000000d5c80000,0x00000000d5c80000,0x00000000d5d80000)
 ParOldGen       total 1338880K, used 1338505K [0x0000000080000000, 0x00000000d1b80000, 0x00000000d5580000)
  object space 1338880K, 99% used [0x0000000080000000,0x00000000d1b22720,0x00000000d1b80000)
 Metaspace       used 93274K, committed 94976K, reserved 1179648K
  class space    used 9370K, committed 10176K, reserved 1048576K
}
Event: 39930.915 GC heap before
{Heap before GC invocations=2825 (full 6):
 PSYoungGen      total 8192K, used 7770K [0x00000000d5580000, 0x00000000d5e80000, 0x0000000100000000)
  eden space 7168K, 100% used [0x00000000d5580000,0x00000000d5c80000,0x00000000d5c80000)
  from space 1024K, 58% used [0x00000000d5d80000,0x00000000d5e16900,0x00000000d5e80000)
  to   space 1024K, 0% used [0x00000000d5c80000,0x00000000d5c80000,0x00000000d5d80000)
 ParOldGen       total 1338880K, used 1338505K [0x0000000080000000, 0x00000000d1b80000, 0x00000000d5580000)
  object space 1338880K, 99% used [0x0000000080000000,0x00000000d1b22720,0x00000000d1b80000)
 Metaspace       used 93274K, committed 94976K, reserved 1179648K
  class space    used 9370K, committed 10176K, reserved 1048576K
}
Event: 39930.917 GC heap after
{Heap after GC invocations=2825 (full 6):
 PSYoungGen      total 8192K, used 256K [0x00000000d5580000, 0x00000000d5e00000, 0x0000000100000000)
  eden space 7168K, 0% used [0x00000000d5580000,0x00000000d5580000,0x00000000d5c80000)
  from space 1024K, 25% used [0x00000000d5c80000,0x00000000d5cc0000,0x00000000d5d80000)
  to   space 512K, 0% used [0x00000000d5d80000,0x00000000d5d80000,0x00000000d5e00000)
 ParOldGen       total 1338880K, used 1338505K [0x0000000080000000, 0x00000000d1b80000, 0x00000000d5580000)
  object space 1338880K, 99% used [0x0000000080000000,0x00000000d1b22720,0x00000000d1b80000)
 Metaspace       used 93274K, committed 94976K, reserved 1179648K
  class space    used 9370K, committed 10176K, reserved 1048576K
}
Event: 39935.185 GC heap before
{Heap before GC invocations=2826 (full 6):
 PSYoungGen      total 8192K, used 7424K [0x00000000d5580000, 0x00000000d5e00000, 0x0000000100000000)
  eden space 7168K, 100% used [0x00000000d5580000,0x00000000d5c80000,0x00000000d5c80000)
  from space 1024K, 25% used [0x00000000d5c80000,0x00000000d5cc0000,0x00000000d5d80000)
  to   space 512K, 0% used [0x00000000d5d80000,0x00000000d5d80000,0x00000000d5e00000)
 ParOldGen       total 1338880K, used 1338505K [0x0000000080000000, 0x00000000d1b80000, 0x00000000d5580000)
  object space 1338880K, 99% used [0x0000000080000000,0x00000000d1b22720,0x00000000d1b80000)
 Metaspace       used 93274K, committed 94976K, reserved 1179648K
  class space    used 9370K, committed 10176K, reserved 1048576K
}
Event: 39935.187 GC heap after
{Heap after GC invocations=2826 (full 6):
 PSYoungGen      total 7680K, used 512K [0x00000000d5580000, 0x00000000d5e80000, 0x0000000100000000)
  eden space 7168K, 0% used [0x00000000d5580000,0x00000000d5580000,0x00000000d5c80000)
  from space 512K, 100% used [0x00000000d5d80000,0x00000000d5e00000,0x00000000d5e00000)
  to   space 1024K, 0% used [0x00000000d5c80000,0x00000000d5c80000,0x00000000d5d80000)
 ParOldGen       total 1338880K, used 1338705K [0x0000000080000000, 0x00000000d1b80000, 0x00000000d5580000)
  object space 1338880K, 99% used [0x0000000080000000,0x00000000d1b54760,0x00000000d1b80000)
 Metaspace       used 93274K, committed 94976K, reserved 1179648K
  class space    used 9370K, committed 10176K, reserved 1048576K
}
Event: 39935.197 GC heap before
{Heap before GC invocations=2827 (full 6):
 PSYoungGen      total 7680K, used 7680K [0x00000000d5580000, 0x00000000d5e80000, 0x0000000100000000)
  eden space 7168K, 100% used [0x00000000d5580000,0x00000000d5c80000,0x00000000d5c80000)
  from space 512K, 100% used [0x00000000d5d80000,0x00000000d5e00000,0x00000000d5e00000)
  to   space 1024K, 0% used [0x00000000d5c80000,0x00000000d5c80000,0x00000000d5d80000)
 ParOldGen       total 1338880K, used 1338705K [0x0000000080000000, 0x00000000d1b80000, 0x00000000d5580000)
  object space 1338880K, 99% used [0x0000000080000000,0x00000000d1b54760,0x00000000d1b80000)
 Metaspace       used 93274K, committed 94976K, reserved 1179648K
  class space    used 9370K, committed 10176K, reserved 1048576K
}
Event: 39935.199 GC heap after
{Heap after GC invocations=2827 (full 6):
 PSYoungGen      total 8192K, used 916K [0x00000000d5580000, 0x00000000d5e80000, 0x0000000100000000)
  eden space 7168K, 0% used [0x00000000d5580000,0x00000000d5580000,0x00000000d5c80000)
  from space 1024K, 89% used [0x00000000d5c80000,0x00000000d5d65200,0x00000000d5d80000)
  to   space 1024K, 0% used [0x00000000d5d80000,0x00000000d5d80000,0x00000000d5e80000)
 ParOldGen       total 1339392K, used 1339222K [0x0000000080000000, 0x00000000d1c00000, 0x00000000d5580000)
  object space 1339392K, 99% used [0x0000000080000000,0x00000000d1bd5960,0x00000000d1c00000)
 Metaspace       used 93274K, committed 94976K, reserved 1179648K
  class space    used 9370K, committed 10176K, reserved 1048576K
}

